<?xml version="1.0" encoding="UTF-8"?>
<coverage generated="1779416818973" clover="3.2.0">
  <project timestamp="1779416818973" name="All files">
    <metrics statements="1159" coveredstatements="778" conditionals="910" coveredconditionals="460" methods="325" coveredmethods="198" elements="2394" coveredelements="1436" complexity="0" loc="1159" ncloc="1159" packages="16" files="53" classes="53"/>
    <package name="assets">
      <metrics statements="0" coveredstatements="0" conditionals="0" coveredconditionals="0" methods="0" coveredmethods="0"/>
      <file name="Background.jpeg" path="C:\Users\range\OneDrive\Escritorio\fight club front\LAMENTACIONES_FRONTEND\fight-club\src\assets\Background.jpeg">
        <metrics statements="0" coveredstatements="0" conditionals="0" coveredconditionals="0" methods="0" coveredmethods="0"/>
      </file>
      <file name="rank-system.png" path="C:\Users\range\OneDrive\Escritorio\fight club front\LAMENTACIONES_FRONTEND\fight-club\src\assets\rank-system.png">
        <metrics statements="0" coveredstatements="0" conditionals="0" coveredconditionals="0" methods="0" coveredmethods="0"/>
      </file>
    </package>
    <package name="modules.Fight.Components.EnviromentFight">
      <metrics statements="696" coveredstatements="396" conditionals="564" coveredconditionals="248" methods="161" coveredmethods="80"/>
      <file name="ArenaCanvas.tsx" path="C:\Users\range\OneDrive\Escritorio\fight club front\LAMENTACIONES_FRONTEND\fight-club\src\modules\Fight\Components\EnviromentFight\ArenaCanvas.tsx">
        <metrics statements="95" coveredstatements="76" conditionals="50" coveredconditionals="30" methods="14" coveredmethods="14"/>
        <line num="15" count="1" type="stmt"/>
        <line num="16" count="1" type="stmt"/>
        <line num="17" count="1" type="stmt"/>
        <line num="19" count="1" type="stmt"/>
        <line num="20" count="8" type="cond" truecount="3" falsecount="1"/>
        <line num="21" count="8" type="stmt"/>
        <line num="23" count="0" type="stmt"/>
        <line num="26" count="3" type="stmt"/>
        <line num="28" count="1" type="stmt"/>
        <line num="29" count="3" type="stmt"/>
        <line num="30" count="3" type="stmt"/>
        <line num="31" count="3" type="stmt"/>
        <line num="32" count="3" type="stmt"/>
        <line num="33" count="3" type="stmt"/>
        <line num="35" count="3" type="stmt"/>
        <line num="40" count="3" type="stmt"/>
        <line num="45" count="3" type="stmt"/>
        <line num="46" count="1" type="stmt"/>
        <line num="50" count="3" type="stmt"/>
        <line num="51" count="1" type="stmt"/>
        <line num="53" count="1" type="stmt"/>
        <line num="54" count="1" type="cond" truecount="1" falsecount="1"/>
        <line num="55" count="0" type="stmt"/>
        <line num="56" count="0" type="stmt"/>
        <line num="59" count="1" type="stmt"/>
        <line num="60" count="2" type="cond" truecount="2" falsecount="0"/>
        <line num="63" count="1" type="cond" truecount="1" falsecount="1"/>
        <line num="64" count="0" type="stmt"/>
        <line num="65" count="0" type="stmt"/>
        <line num="68" count="1" type="stmt"/>
        <line num="70" count="2" type="stmt"/>
        <line num="72" count="2" type="stmt"/>
        <line num="73" count="2" type="stmt"/>
        <line num="78" count="2" type="stmt"/>
        <line num="85" count="2" type="stmt"/>
        <line num="87" count="0" type="stmt"/>
        <line num="91" count="0" type="stmt"/>
        <line num="96" count="1" type="cond" truecount="1" falsecount="1"/>
        <line num="98" count="1" type="stmt"/>
        <line num="100" count="1" type="stmt"/>
        <line num="101" count="2" type="cond" truecount="1" falsecount="1"/>
        <line num="102" count="2" type="stmt"/>
        <line num="105" count="1" type="stmt"/>
        <line num="108" count="1" type="stmt"/>
        <line num="110" count="1" type="stmt"/>
        <line num="111" count="1" type="stmt"/>
        <line num="123" count="3" type="stmt"/>
        <line num="124" count="1" type="stmt"/>
        <line num="125" count="1" type="cond" truecount="1" falsecount="1"/>
        <line num="127" count="1" type="stmt"/>
        <line num="128" count="1" type="cond" truecount="1" falsecount="1"/>
        <line num="130" count="1" type="cond" truecount="1" falsecount="1"/>
        <line num="131" count="1" type="stmt"/>
        <line num="132" count="1" type="stmt"/>
        <line num="133" count="1" type="stmt"/>
        <line num="136" count="1" type="stmt"/>
        <line num="138" count="2" type="stmt"/>
        <line num="139" count="2" type="stmt"/>
        <line num="142" count="2" type="cond" truecount="1" falsecount="1"/>
        <line num="143" count="0" type="stmt"/>
        <line num="145" count="0" type="stmt"/>
        <line num="146" count="0" type="stmt"/>
        <line num="154" count="0" type="stmt"/>
        <line num="163" count="0" type="stmt"/>
        <line num="164" count="0" type="stmt"/>
        <line num="166" count="0" type="stmt"/>
        <line num="167" count="0" type="stmt"/>
        <line num="169" count="0" type="stmt"/>
        <line num="173" count="2" type="stmt"/>
        <line num="175" count="2" type="cond" truecount="1" falsecount="1"/>
        <line num="176" count="2" type="stmt"/>
        <line num="178" count="2" type="stmt"/>
        <line num="182" count="2" type="stmt"/>
        <line num="186" count="2" type="stmt"/>
        <line num="190" count="2" type="stmt"/>
        <line num="194" count="2" type="stmt"/>
        <line num="200" count="2" type="stmt"/>
        <line num="203" count="1" type="stmt"/>
        <line num="205" count="1" type="stmt"/>
        <line num="209" count="3" type="stmt"/>
        <line num="210" count="1" type="cond" truecount="1" falsecount="1"/>
        <line num="212" count="1" type="cond" truecount="3" falsecount="1"/>
        <line num="216" count="0" type="stmt"/>
        <line num="219" count="1" type="stmt"/>
        <line num="220" count="1" type="stmt"/>
        <line num="222" count="1" type="cond" truecount="3" falsecount="1"/>
        <line num="223" count="0" type="stmt"/>
        <line num="226" count="1" type="cond" truecount="1" falsecount="1"/>
        <line num="227" count="0" type="cond" truecount="0" falsecount="2"/>
        <line num="230" count="1" type="cond" truecount="1" falsecount="1"/>
        <line num="234" count="3" type="cond" truecount="2" falsecount="0"/>
        <line num="237" count="3" type="stmt"/>
        <line num="238" count="3" type="stmt"/>
        <line num="239" count="3" type="stmt"/>
        <line num="241" count="3" type="stmt"/>
      </file>
      <file name="ArenaVisuals.ts" path="C:\Users\range\OneDrive\Escritorio\fight club front\LAMENTACIONES_FRONTEND\fight-club\src\modules\Fight\Components\EnviromentFight\ArenaVisuals.ts">
        <metrics statements="4" coveredstatements="4" conditionals="0" coveredconditionals="0" methods="0" coveredmethods="0"/>
        <line num="1" count="1" type="stmt"/>
        <line num="9" count="1" type="stmt"/>
        <line num="21" count="1" type="stmt"/>
        <line num="34" count="1" type="stmt"/>
      </file>
      <file name="FightHUD.tsx" path="C:\Users\range\OneDrive\Escritorio\fight club front\LAMENTACIONES_FRONTEND\fight-club\src\modules\Fight\Components\EnviromentFight\FightHUD.tsx">
        <metrics statements="16" coveredstatements="16" conditionals="79" coveredconditionals="46" methods="3" coveredmethods="3"/>
        <line num="13" count="1" type="stmt"/>
        <line num="14" count="1" type="cond" truecount="1" falsecount="1"/>
        <line num="16" count="1" type="stmt"/>
        <line num="17" count="2" type="cond" truecount="6" falsecount="0"/>
        <line num="18" count="1" type="stmt"/>
        <line num="21" count="1" type="stmt"/>
        <line num="22" count="1" type="stmt"/>
        <line num="24" count="1" type="stmt"/>
        <line num="25" count="1" type="stmt"/>
        <line num="26" count="1" type="cond" truecount="2" falsecount="0"/>
        <line num="27" count="1" type="cond" truecount="2" falsecount="0"/>
        <line num="29" count="1" type="stmt"/>
        <line num="30" count="1" type="stmt"/>
        <line num="31" count="1" type="cond" truecount="1" falsecount="1"/>
        <line num="32" count="1" type="stmt"/>
        <line num="39" count="1" type="stmt"/>
      </file>
      <file name="FightResultScreen.tsx" path="C:\Users\range\OneDrive\Escritorio\fight club front\LAMENTACIONES_FRONTEND\fight-club\src\modules\Fight\Components\EnviromentFight\FightResultScreen.tsx">
        <metrics statements="70" coveredstatements="67" conditionals="55" coveredconditionals="30" methods="19" coveredmethods="17"/>
        <line num="16" count="2" type="stmt"/>
        <line num="18" count="2" type="stmt"/>
        <line num="32" count="2" type="stmt"/>
        <line num="33" count="2" type="stmt"/>
        <line num="34" count="2" type="stmt"/>
        <line num="36" count="2" type="stmt"/>
        <line num="37" count="120" type="stmt"/>
        <line num="49" count="2" type="stmt"/>
        <line num="50" count="2" type="stmt"/>
        <line num="51" count="2" type="cond" truecount="1" falsecount="1"/>
        <line num="52" count="2" type="stmt"/>
        <line num="54" count="2" type="stmt"/>
        <line num="55" count="2" type="stmt"/>
        <line num="56" count="2" type="stmt"/>
        <line num="57" count="2" type="stmt"/>
        <line num="59" count="2" type="stmt"/>
        <line num="60" count="2" type="stmt"/>
        <line num="62" count="2" type="stmt"/>
        <line num="63" count="5" type="stmt"/>
        <line num="64" count="5" type="stmt"/>
        <line num="65" count="300" type="stmt"/>
        <line num="66" count="300" type="stmt"/>
        <line num="67" count="300" type="stmt"/>
        <line num="68" count="300" type="cond" truecount="1" falsecount="1"/>
        <line num="69" count="0" type="stmt"/>
        <line num="70" count="0" type="stmt"/>
        <line num="71" count="0" type="stmt"/>
        <line num="73" count="300" type="stmt"/>
        <line num="74" count="300" type="stmt"/>
        <line num="75" count="300" type="stmt"/>
        <line num="77" count="5" type="stmt"/>
        <line num="78" count="5" type="stmt"/>
        <line num="80" count="2" type="stmt"/>
        <line num="82" count="2" type="stmt"/>
        <line num="83" count="2" type="stmt"/>
        <line num="84" count="2" type="stmt"/>
        <line num="88" count="2" type="stmt"/>
        <line num="92" count="4" type="cond" truecount="1" falsecount="1"/>
        <line num="93" count="4" type="stmt"/>
        <line num="97" count="4" type="cond" truecount="5" falsecount="0"/>
        <line num="98" count="3" type="stmt"/>
        <line num="102" count="4" type="cond" truecount="2" falsecount="0"/>
        <line num="103" count="2" type="cond" truecount="1" falsecount="1"/>
        <line num="104" count="2" type="stmt"/>
        <line num="107" count="2" type="stmt"/>
        <line num="108" count="2" type="stmt"/>
        <line num="109" count="2" type="stmt"/>
        <line num="110" count="2" type="stmt"/>
        <line num="111" count="2" type="stmt"/>
        <line num="113" count="2" type="cond" truecount="1" falsecount="2"/>
        <line num="114" count="2" type="cond" truecount="1" falsecount="2"/>
        <line num="116" count="2" type="stmt"/>
        <line num="117" count="2" type="cond" truecount="1" falsecount="1"/>
        <line num="118" count="2" type="cond" truecount="1" falsecount="1"/>
        <line num="120" count="2" type="stmt"/>
        <line num="121" count="2" type="stmt"/>
        <line num="122" count="2" type="cond" truecount="1" falsecount="1"/>
        <line num="123" count="2" type="stmt"/>
        <line num="125" count="2" type="stmt"/>
        <line num="126" count="2" type="stmt"/>
        <line num="127" count="2" type="stmt"/>
        <line num="129" count="2" type="cond" truecount="1" falsecount="1"/>
        <line num="133" count="2" type="cond" truecount="1" falsecount="1"/>
        <line num="137" count="2" type="stmt"/>
        <line num="138" count="2" type="cond" truecount="1" falsecount="1"/>
        <line num="139" count="2" type="stmt"/>
        <line num="140" count="2" type="stmt"/>
        <line num="143" count="2" type="stmt"/>
        <line num="213" count="6" type="stmt"/>
        <line num="250" count="1" type="stmt"/>
      </file>
      <file name="VoiceChatPanel.tsx" path="C:\Users\range\OneDrive\Escritorio\fight club front\LAMENTACIONES_FRONTEND\fight-club\src\modules\Fight\Components\EnviromentFight\VoiceChatPanel.tsx">
        <metrics statements="511" coveredstatements="233" conditionals="380" coveredconditionals="142" methods="125" coveredmethods="46"/>
        <line num="31" count="1" type="stmt"/>
        <line num="53" count="1" type="stmt"/>
        <line num="76" count="2" type="stmt"/>
        <line num="77" count="2" type="stmt"/>
        <line num="78" count="2" type="stmt"/>
        <line num="79" count="2" type="stmt"/>
        <line num="80" count="186" type="stmt"/>
        <line num="81" count="186" type="stmt"/>
        <line num="82" count="186" type="cond" truecount="2" falsecount="0"/>
        <line num="83" count="1" type="stmt"/>
        <line num="85" count="186" type="stmt"/>
        <line num="87" count="2" type="stmt"/>
        <line num="90" count="1" type="stmt"/>
        <line num="93" count="30" type="stmt"/>
        <line num="94" count="30" type="stmt"/>
        <line num="95" count="30" type="stmt"/>
        <line num="96" count="30" type="stmt"/>
        <line num="97" count="30" type="stmt"/>
        <line num="98" count="30" type="stmt"/>
        <line num="99" count="30" type="stmt"/>
        <line num="100" count="30" type="stmt"/>
        <line num="101" count="30" type="stmt"/>
        <line num="102" count="30" type="stmt"/>
        <line num="103" count="30" type="stmt"/>
        <line num="104" count="30" type="stmt"/>
        <line num="105" count="30" type="stmt"/>
        <line num="106" count="30" type="stmt"/>
        <line num="107" count="30" type="stmt"/>
        <line num="108" count="30" type="stmt"/>
        <line num="109" count="30" type="stmt"/>
        <line num="110" count="30" type="stmt"/>
        <line num="111" count="30" type="stmt"/>
        <line num="112" count="30" type="stmt"/>
        <line num="113" count="30" type="stmt"/>
        <line num="114" count="30" type="stmt"/>
        <line num="115" count="30" type="stmt"/>
        <line num="116" count="30" type="stmt"/>
        <line num="117" count="30" type="stmt"/>
        <line num="118" count="30" type="stmt"/>
        <line num="119" count="30" type="stmt"/>
        <line num="120" count="30" type="stmt"/>
        <line num="121" count="30" type="stmt"/>
        <line num="122" count="30" type="stmt"/>
        <line num="123" count="30" type="stmt"/>
        <line num="124" count="30" type="stmt"/>
        <line num="125" count="30" type="stmt"/>
        <line num="126" count="0" type="stmt"/>
        <line num="127" count="0" type="stmt"/>
        <line num="128" count="0" type="cond" truecount="0" falsecount="2"/>
        <line num="129" count="0" type="stmt"/>
        <line num="130" count="0" type="stmt"/>
        <line num="131" count="0" type="stmt"/>
        <line num="132" count="0" type="stmt"/>
        <line num="136" count="30" type="stmt"/>
        <line num="137" count="5" type="stmt"/>
        <line num="138" count="5" type="stmt"/>
        <line num="139" count="5" type="stmt"/>
        <line num="140" count="5" type="stmt"/>
        <line num="141" count="0" type="stmt"/>
        <line num="142" count="0" type="stmt"/>
        <line num="143" count="0" type="cond" truecount="0" falsecount="2"/>
        <line num="146" count="5" type="stmt"/>
        <line num="148" count="5" type="cond" truecount="2" falsecount="0"/>
        <line num="149" count="4" type="stmt"/>
        <line num="150" count="4" type="stmt"/>
        <line num="156" count="30" type="stmt"/>
        <line num="157" count="6" type="cond" truecount="2" falsecount="0"/>
        <line num="158" count="5" type="stmt"/>
        <line num="160" count="5" type="stmt"/>
        <line num="161" count="5" type="stmt"/>
        <line num="162" count="5" type="stmt"/>
        <line num="164" count="0" type="stmt"/>
        <line num="168" count="30" type="stmt"/>
        <line num="169" count="30" type="stmt"/>
        <line num="170" count="6" type="cond" truecount="2" falsecount="0"/>
        <line num="171" count="5" type="stmt"/>
        <line num="172" count="5" type="stmt"/>
        <line num="174" count="1" type="cond" truecount="1" falsecount="1"/>
        <line num="175" count="1" type="stmt"/>
        <line num="176" count="1" type="stmt"/>
        <line num="177" count="1" type="cond" truecount="2" falsecount="2"/>
        <line num="179" count="6" type="stmt"/>
        <line num="180" count="6" type="stmt"/>
        <line num="182" count="6" type="stmt"/>
        <line num="183" count="0" type="cond" truecount="0" falsecount="2"/>
        <line num="186" count="6" type="stmt"/>
        <line num="187" count="6" type="stmt"/>
        <line num="188" count="6" type="stmt"/>
        <line num="190" count="6" type="cond" truecount="1" falsecount="1"/>
        <line num="191" count="0" type="cond" truecount="0" falsecount="2"/>
        <line num="192" count="0" type="stmt"/>
        <line num="194" count="0" type="stmt"/>
        <line num="195" count="0" type="stmt"/>
        <line num="196" count="0" type="stmt"/>
        <line num="198" count="0" type="stmt"/>
        <line num="201" count="1" type="cond" truecount="1" falsecount="1"/>
        <line num="202" count="1" type="stmt"/>
        <line num="203" count="1" type="cond" truecount="1" falsecount="1"/>
        <line num="204" count="1" type="stmt"/>
        <line num="205" count="1" type="stmt"/>
        <line num="212" count="30" type="stmt"/>
        <line num="213" count="6" type="cond" truecount="2" falsecount="0"/>
        <line num="215" count="1" type="cond" truecount="1" falsecount="1"/>
        <line num="216" count="0" type="cond" truecount="0" falsecount="2"/>
        <line num="217" count="0" type="stmt"/>
        <line num="218" count="0" type="stmt"/>
        <line num="220" count="0" type="stmt"/>
        <line num="221" count="0" type="stmt"/>
        <line num="223" count="1" type="stmt"/>
        <line num="224" count="1" type="cond" truecount="1" falsecount="1"/>
        <line num="225" count="1" type="stmt"/>
        <line num="226" count="0" type="stmt"/>
        <line num="229" count="1" type="stmt"/>
        <line num="230" count="1" type="cond" truecount="1" falsecount="1"/>
        <line num="231" count="1" type="stmt"/>
        <line num="232" count="1" type="stmt"/>
        <line num="238" count="30" type="stmt"/>
        <line num="239" count="11" type="stmt"/>
        <line num="243" count="30" type="stmt"/>
        <line num="244" count="5" type="stmt"/>
        <line num="257" count="30" type="stmt"/>
        <line num="258" count="0" type="cond" truecount="0" falsecount="2"/>
        <line num="259" count="0" type="stmt"/>
        <line num="263" count="0" type="stmt"/>
        <line num="264" count="0" type="stmt"/>
        <line num="265" count="0" type="stmt"/>
        <line num="269" count="30" type="stmt"/>
        <line num="270" count="0" type="stmt"/>
        <line num="271" count="0" type="cond" truecount="0" falsecount="4"/>
        <line num="273" count="0" type="stmt"/>
        <line num="274" count="0" type="stmt"/>
        <line num="277" count="0" type="stmt"/>
        <line num="278" count="0" type="cond" truecount="0" falsecount="2"/>
        <line num="279" count="0" type="stmt"/>
        <line num="284" count="0" type="stmt"/>
        <line num="285" count="0" type="stmt"/>
        <line num="286" count="0" type="stmt"/>
        <line num="287" count="0" type="stmt"/>
        <line num="288" count="0" type="cond" truecount="0" falsecount="2"/>
        <line num="289" count="0" type="stmt"/>
        <line num="290" count="0" type="stmt"/>
        <line num="291" count="0" type="stmt"/>
        <line num="292" count="0" type="stmt"/>
        <line num="293" count="0" type="stmt"/>
        <line num="295" count="0" type="stmt"/>
        <line num="296" count="0" type="cond" truecount="0" falsecount="2"/>
        <line num="297" count="0" type="stmt"/>
        <line num="298" count="0" type="cond" truecount="0" falsecount="2"/>
        <line num="300" count="0" type="cond" truecount="0" falsecount="2"/>
        <line num="303" count="0" type="stmt"/>
        <line num="304" count="0" type="stmt"/>
        <line num="305" count="0" type="cond" truecount="0" falsecount="2"/>
        <line num="306" count="0" type="cond" truecount="0" falsecount="2"/>
        <line num="308" count="0" type="cond" truecount="0" falsecount="2"/>
        <line num="309" count="0" type="cond" truecount="0" falsecount="2"/>
        <line num="310" count="0" type="stmt"/>
        <line num="311" count="0" type="stmt"/>
        <line num="312" count="0" type="stmt"/>
        <line num="313" count="0" type="cond" truecount="0" falsecount="2"/>
        <line num="314" count="0" type="cond" truecount="0" falsecount="2"/>
        <line num="315" count="0" type="stmt"/>
        <line num="323" count="0" type="stmt"/>
        <line num="324" count="0" type="stmt"/>
        <line num="328" count="0" type="cond" truecount="0" falsecount="2"/>
        <line num="329" count="0" type="stmt"/>
        <line num="330" count="0" type="cond" truecount="0" falsecount="2"/>
        <line num="331" count="0" type="stmt"/>
        <line num="332" count="0" type="cond" truecount="0" falsecount="2"/>
        <line num="333" count="0" type="stmt"/>
        <line num="336" count="0" type="cond" truecount="0" falsecount="2"/>
        <line num="337" count="0" type="stmt"/>
        <line num="338" count="0" type="cond" truecount="0" falsecount="2"/>
        <line num="339" count="0" type="stmt"/>
        <line num="340" count="0" type="stmt"/>
        <line num="342" count="0" type="stmt"/>
        <line num="343" count="0" type="stmt"/>
        <line num="348" count="0" type="cond" truecount="0" falsecount="2"/>
        <line num="349" count="0" type="stmt"/>
        <line num="350" count="0" type="stmt"/>
        <line num="351" count="0" type="stmt"/>
        <line num="352" count="0" type="stmt"/>
        <line num="354" count="0" type="stmt"/>
        <line num="355" count="0" type="stmt"/>
        <line num="360" count="0" type="stmt"/>
        <line num="363" count="30" type="stmt"/>
        <line num="364" count="1" type="stmt"/>
        <line num="365" count="0" type="cond" truecount="0" falsecount="2"/>
        <line num="366" count="0" type="cond" truecount="0" falsecount="2"/>
        <line num="367" count="0" type="stmt"/>
        <line num="368" count="0" type="stmt"/>
        <line num="369" count="0" type="stmt"/>
        <line num="371" count="0" type="stmt"/>
        <line num="375" count="1" type="stmt"/>
        <line num="379" count="30" type="stmt"/>
        <line num="380" count="6" type="stmt"/>
        <line num="381" count="6" type="cond" truecount="1" falsecount="1"/>
        <line num="383" count="6" type="cond" truecount="1" falsecount="1"/>
        <line num="384" count="0" type="stmt"/>
        <line num="385" count="0" type="stmt"/>
        <line num="386" count="0" type="cond" truecount="0" falsecount="2"/>
        <line num="387" count="0" type="cond" truecount="0" falsecount="2"/>
        <line num="388" count="0" type="stmt"/>
        <line num="396" count="6" type="stmt"/>
        <line num="397" count="1" type="stmt"/>
        <line num="398" count="1" type="cond" truecount="1" falsecount="1"/>
        <line num="399" count="0" type="stmt"/>
        <line num="400" count="0" type="stmt"/>
        <line num="401" count="0" type="stmt"/>
        <line num="402" count="0" type="stmt"/>
        <line num="403" count="0" type="stmt"/>
        <line num="406" count="1" type="cond" truecount="3" falsecount="2"/>
        <line num="407" count="0" type="stmt"/>
        <line num="408" count="0" type="stmt"/>
        <line num="410" count="1" type="cond" truecount="1" falsecount="1"/>
        <line num="411" count="1" type="stmt"/>
        <line num="412" count="1" type="stmt"/>
        <line num="413" count="1" type="stmt"/>
        <line num="417" count="6" type="stmt"/>
        <line num="419" count="1" type="stmt"/>
        <line num="420" count="2" type="cond" truecount="2" falsecount="0"/>
        <line num="424" count="1" type="cond" truecount="1" falsecount="1"/>
        <line num="425" count="1" type="stmt"/>
        <line num="430" count="0" type="stmt"/>
        <line num="432" count="1" type="stmt"/>
        <line num="433" count="1" type="stmt"/>
        <line num="434" count="1" type="stmt"/>
        <line num="435" count="2" type="cond" truecount="4" falsecount="0"/>
        <line num="436" count="1" type="stmt"/>
        <line num="437" count="1" type="cond" truecount="1" falsecount="1"/>
        <line num="438" count="2" type="stmt"/>
        <line num="440" count="2" type="stmt"/>
        <line num="441" count="2" type="cond" truecount="1" falsecount="1"/>
        <line num="442" count="0" type="stmt"/>
        <line num="443" count="0" type="cond" truecount="0" falsecount="4"/>
        <line num="444" count="0" type="stmt"/>
        <line num="445" count="0" type="stmt"/>
        <line num="446" count="0" type="stmt"/>
        <line num="447" count="0" type="cond" truecount="0" falsecount="2"/>
        <line num="448" count="0" type="stmt"/>
        <line num="449" count="0" type="stmt"/>
        <line num="451" count="0" type="stmt"/>
        <line num="452" count="0" type="stmt"/>
        <line num="455" count="1" type="stmt"/>
        <line num="456" count="1" type="cond" truecount="1" falsecount="1"/>
        <line num="457" count="1" type="cond" truecount="2" falsecount="0"/>
        <line num="459" count="0" type="stmt"/>
        <line num="462" count="1" type="stmt"/>
        <line num="464" count="1" type="cond" truecount="1" falsecount="1"/>
        <line num="465" count="1" type="stmt"/>
        <line num="468" count="1" type="cond" truecount="3" falsecount="1"/>
        <line num="469" count="0" type="stmt"/>
        <line num="475" count="6" type="stmt"/>
        <line num="476" count="0" type="stmt"/>
        <line num="477" count="0" type="stmt"/>
        <line num="478" count="0" type="cond" truecount="0" falsecount="2"/>
        <line num="479" count="0" type="stmt"/>
        <line num="480" count="0" type="stmt"/>
        <line num="481" count="0" type="stmt"/>
        <line num="482" count="0" type="cond" truecount="0" falsecount="4"/>
        <line num="483" count="0" type="stmt"/>
        <line num="484" count="0" type="stmt"/>
        <line num="486" count="0" type="cond" truecount="0" falsecount="2"/>
        <line num="487" count="0" type="stmt"/>
        <line num="488" count="0" type="stmt"/>
        <line num="490" count="0" type="stmt"/>
        <line num="491" count="0" type="cond" truecount="0" falsecount="2"/>
        <line num="492" count="0" type="cond" truecount="0" falsecount="2"/>
        <line num="494" count="0" type="cond" truecount="0" falsecount="2"/>
        <line num="495" count="0" type="cond" truecount="0" falsecount="2"/>
        <line num="496" count="0" type="stmt"/>
        <line num="497" count="0" type="stmt"/>
        <line num="498" count="0" type="stmt"/>
        <line num="499" count="0" type="cond" truecount="0" falsecount="2"/>
        <line num="500" count="0" type="cond" truecount="0" falsecount="2"/>
        <line num="501" count="0" type="stmt"/>
        <line num="507" count="0" type="stmt"/>
        <line num="508" count="0" type="cond" truecount="0" falsecount="2"/>
        <line num="510" count="0" type="stmt"/>
        <line num="511" count="0" type="stmt"/>
        <line num="512" count="0" type="stmt"/>
        <line num="513" count="0" type="cond" truecount="0" falsecount="2"/>
        <line num="514" count="0" type="stmt"/>
        <line num="515" count="0" type="stmt"/>
        <line num="516" count="0" type="stmt"/>
        <line num="517" count="0" type="stmt"/>
        <line num="518" count="0" type="stmt"/>
        <line num="520" count="0" type="stmt"/>
        <line num="521" count="0" type="cond" truecount="0" falsecount="2"/>
        <line num="522" count="0" type="stmt"/>
        <line num="523" count="0" type="cond" truecount="0" falsecount="2"/>
        <line num="525" count="0" type="cond" truecount="0" falsecount="2"/>
        <line num="528" count="0" type="cond" truecount="0" falsecount="5"/>
        <line num="529" count="0" type="stmt"/>
        <line num="530" count="0" type="cond" truecount="0" falsecount="2"/>
        <line num="531" count="0" type="stmt"/>
        <line num="536" count="0" type="stmt"/>
        <line num="537" count="0" type="cond" truecount="0" falsecount="2"/>
        <line num="538" count="0" type="stmt"/>
        <line num="539" count="0" type="stmt"/>
        <line num="541" count="0" type="stmt"/>
        <line num="542" count="0" type="stmt"/>
        <line num="543" count="0" type="stmt"/>
        <line num="544" count="0" type="stmt"/>
        <line num="547" count="6" type="stmt"/>
        <line num="548" count="0" type="stmt"/>
        <line num="549" count="0" type="cond" truecount="0" falsecount="2"/>
        <line num="550" count="0" type="stmt"/>
        <line num="551" count="0" type="cond" truecount="0" falsecount="2"/>
        <line num="552" count="0" type="stmt"/>
        <line num="553" count="0" type="stmt"/>
        <line num="555" count="0" type="stmt"/>
        <line num="558" count="6" type="stmt"/>
        <line num="559" count="0" type="cond" truecount="0" falsecount="2"/>
        <line num="560" count="0" type="stmt"/>
        <line num="561" count="0" type="cond" truecount="0" falsecount="2"/>
        <line num="562" count="0" type="cond" truecount="0" falsecount="2"/>
        <line num="563" count="0" type="cond" truecount="0" falsecount="2"/>
        <line num="564" count="0" type="stmt"/>
        <line num="565" count="0" type="stmt"/>
        <line num="566" count="0" type="stmt"/>
        <line num="568" count="0" type="stmt"/>
        <line num="572" count="6" type="stmt"/>
        <line num="573" count="1" type="cond" truecount="1" falsecount="1"/>
        <line num="575" count="1" type="stmt"/>
        <line num="586" count="6" type="stmt"/>
        <line num="587" count="1" type="stmt"/>
        <line num="590" count="6" type="stmt"/>
        <line num="591" count="1" type="cond" truecount="1" falsecount="1"/>
        <line num="592" count="1" type="stmt"/>
        <line num="593" count="1" type="stmt"/>
        <line num="594" count="1" type="stmt"/>
        <line num="595" count="1" type="stmt"/>
        <line num="596" count="1" type="stmt"/>
        <line num="600" count="6" type="stmt"/>
        <line num="601" count="6" type="stmt"/>
        <line num="602" count="2" type="cond" truecount="2" falsecount="0"/>
        <line num="603" count="1" type="stmt"/>
        <line num="604" count="1" type="cond" truecount="1" falsecount="1"/>
        <line num="606" count="1" type="stmt"/>
        <line num="607" count="1" type="cond" truecount="1" falsecount="1"/>
        <line num="608" count="0" type="stmt"/>
        <line num="609" count="0" type="stmt"/>
        <line num="610" count="0" type="stmt"/>
        <line num="611" count="0" type="stmt"/>
        <line num="612" count="0" type="stmt"/>
        <line num="617" count="6" type="stmt"/>
        <line num="618" count="1" type="cond" truecount="1" falsecount="1"/>
        <line num="619" count="1" type="stmt"/>
        <line num="622" count="6" type="stmt"/>
        <line num="623" count="0" type="stmt"/>
        <line num="624" count="0" type="stmt"/>
        <line num="625" count="0" type="cond" truecount="0" falsecount="2"/>
        <line num="628" count="0" type="cond" truecount="0" falsecount="2"/>
        <line num="629" count="0" type="cond" truecount="0" falsecount="2"/>
        <line num="631" count="0" type="stmt"/>
        <line num="636" count="6" type="stmt"/>
        <line num="637" count="0" type="cond" truecount="0" falsecount="2"/>
        <line num="638" count="0" type="stmt"/>
        <line num="639" count="0" type="stmt"/>
        <line num="640" count="0" type="stmt"/>
        <line num="644" count="6" type="stmt"/>
        <line num="645" count="6" type="stmt"/>
        <line num="646" count="6" type="stmt"/>
        <line num="647" count="6" type="stmt"/>
        <line num="648" count="6" type="stmt"/>
        <line num="649" count="6" type="stmt"/>
        <line num="650" count="6" type="stmt"/>
        <line num="651" count="6" type="stmt"/>
        <line num="652" count="6" type="stmt"/>
        <line num="653" count="6" type="stmt"/>
        <line num="654" count="6" type="stmt"/>
        <line num="655" count="6" type="stmt"/>
        <line num="656" count="6" type="stmt"/>
        <line num="658" count="6" type="stmt"/>
        <line num="659" count="0" type="stmt"/>
        <line num="660" count="0" type="stmt"/>
        <line num="662" count="6" type="stmt"/>
        <line num="664" count="6" type="stmt"/>
        <line num="665" count="6" type="stmt"/>
        <line num="666" count="6" type="stmt"/>
        <line num="667" count="6" type="stmt"/>
        <line num="668" count="6" type="stmt"/>
        <line num="669" count="6" type="stmt"/>
        <line num="670" count="6" type="stmt"/>
        <line num="671" count="6" type="stmt"/>
        <line num="672" count="6" type="stmt"/>
        <line num="673" count="6" type="stmt"/>
        <line num="674" count="6" type="stmt"/>
        <line num="675" count="6" type="stmt"/>
        <line num="676" count="6" type="stmt"/>
        <line num="677" count="6" type="stmt"/>
        <line num="678" count="6" type="stmt"/>
        <line num="683" count="30" type="stmt"/>
        <line num="684" count="0" type="cond" truecount="0" falsecount="6"/>
        <line num="685" count="0" type="stmt"/>
        <line num="686" count="0" type="cond" truecount="0" falsecount="2"/>
        <line num="687" count="0" type="stmt"/>
        <line num="688" count="0" type="stmt"/>
        <line num="689" count="0" type="stmt"/>
        <line num="691" count="0" type="stmt"/>
        <line num="692" count="0" type="stmt"/>
        <line num="693" count="0" type="cond" truecount="0" falsecount="4"/>
        <line num="694" count="0" type="stmt"/>
        <line num="695" count="0" type="stmt"/>
        <line num="696" count="0" type="stmt"/>
        <line num="698" count="0" type="stmt"/>
        <line num="702" count="0" type="stmt"/>
        <line num="708" count="0" type="cond" truecount="0" falsecount="2"/>
        <line num="709" count="0" type="cond" truecount="0" falsecount="2"/>
        <line num="710" count="0" type="stmt"/>
        <line num="711" count="0" type="cond" truecount="0" falsecount="2"/>
        <line num="712" count="0" type="stmt"/>
        <line num="713" count="0" type="stmt"/>
        <line num="714" count="0" type="stmt"/>
        <line num="715" count="0" type="stmt"/>
        <line num="716" count="0" type="stmt"/>
        <line num="717" count="0" type="stmt"/>
        <line num="718" count="0" type="cond" truecount="0" falsecount="2"/>
        <line num="719" count="0" type="stmt"/>
        <line num="722" count="0" type="stmt"/>
        <line num="723" count="0" type="stmt"/>
        <line num="724" count="0" type="stmt"/>
        <line num="725" count="0" type="cond" truecount="0" falsecount="2"/>
        <line num="726" count="0" type="stmt"/>
        <line num="729" count="0" type="cond" truecount="0" falsecount="2"/>
        <line num="730" count="0" type="stmt"/>
        <line num="737" count="0" type="stmt"/>
        <line num="738" count="0" type="cond" truecount="0" falsecount="2"/>
        <line num="739" count="0" type="cond" truecount="0" falsecount="2"/>
        <line num="740" count="0" type="cond" truecount="0" falsecount="2"/>
        <line num="741" count="0" type="cond" truecount="0" falsecount="2"/>
        <line num="742" count="0" type="stmt"/>
        <line num="743" count="0" type="stmt"/>
        <line num="746" count="0" type="stmt"/>
        <line num="747" count="0" type="stmt"/>
        <line num="750" count="0" type="stmt"/>
        <line num="752" count="0" type="cond" truecount="0" falsecount="2"/>
        <line num="753" count="0" type="stmt"/>
        <line num="757" count="0" type="stmt"/>
        <line num="758" count="0" type="stmt"/>
        <line num="760" count="0" type="stmt"/>
        <line num="763" count="30" type="stmt"/>
        <line num="764" count="0" type="stmt"/>
        <line num="765" count="0" type="stmt"/>
        <line num="766" count="0" type="stmt"/>
        <line num="767" count="0" type="stmt"/>
        <line num="768" count="0" type="stmt"/>
        <line num="769" count="0" type="stmt"/>
        <line num="773" count="30" type="stmt"/>
        <line num="774" count="8" type="stmt"/>
        <line num="775" count="0" type="cond" truecount="0" falsecount="2"/>
        <line num="776" count="0" type="stmt"/>
        <line num="777" count="0" type="cond" truecount="0" falsecount="2"/>
        <line num="781" count="0" type="stmt"/>
        <line num="782" count="0" type="cond" truecount="0" falsecount="5"/>
        <line num="784" count="0" type="cond" truecount="0" falsecount="2"/>
        <line num="785" count="0" type="stmt"/>
        <line num="786" count="0" type="stmt"/>
        <line num="788" count="0" type="stmt"/>
        <line num="789" count="0" type="stmt"/>
        <line num="793" count="8" type="stmt"/>
        <line num="794" count="8" type="stmt"/>
        <line num="797" count="30" type="stmt"/>
        <line num="798" count="1" type="cond" truecount="1" falsecount="1"/>
        <line num="799" count="1" type="stmt"/>
        <line num="800" count="1" type="stmt"/>
        <line num="801" count="1" type="cond" truecount="1" falsecount="1"/>
        <line num="802" count="1" type="stmt"/>
        <line num="805" count="30" type="stmt"/>
        <line num="806" count="1" type="stmt"/>
        <line num="807" count="1" type="stmt"/>
        <line num="808" count="1" type="stmt"/>
        <line num="810" count="30" type="stmt"/>
        <line num="811" count="1" type="stmt"/>
        <line num="812" count="1" type="cond" truecount="3" falsecount="1"/>
        <line num="814" count="1" type="stmt"/>
        <line num="816" count="1" type="cond" truecount="3" falsecount="1"/>
        <line num="818" count="1" type="stmt"/>
        <line num="823" count="1" type="stmt"/>
        <line num="826" count="30" type="stmt"/>
        <line num="827" count="1" type="stmt"/>
        <line num="828" count="1" type="cond" truecount="6" falsecount="1"/>
        <line num="829" count="1" type="stmt"/>
        <line num="830" count="1" type="stmt"/>
        <line num="831" count="1" type="cond" truecount="1" falsecount="1"/>
        <line num="832" count="1" type="stmt"/>
        <line num="835" count="30" type="stmt"/>
        <line num="836" count="11" type="stmt"/>
        <line num="837" count="11" type="cond" truecount="2" falsecount="0"/>
        <line num="841" count="30" type="stmt"/>
        <line num="871" count="30" type="stmt"/>
        <line num="873" count="15" type="stmt"/>
        <line num="874" count="15" type="stmt"/>
        <line num="875" count="15" type="stmt"/>
        <line num="892" count="0" type="stmt"/>
        <line num="893" count="0" type="stmt"/>
        <line num="894" count="0" type="stmt"/>
        <line num="895" count="0" type="cond" truecount="0" falsecount="2"/>
        <line num="896" count="0" type="stmt"/>
        <line num="897" count="0" type="stmt"/>
        <line num="898" count="0" type="cond" truecount="0" falsecount="4"/>
        <line num="899" count="0" type="stmt"/>
        <line num="934" count="15" type="stmt"/>
        <line num="972" count="21" type="cond" truecount="3" falsecount="1"/>
        <line num="991" count="12" type="cond" truecount="3" falsecount="1"/>
        <line num="1023" count="0" type="cond" truecount="0" falsecount="2"/>
        <line num="1024" count="0" type="stmt"/>
        <line num="1025" count="0" type="stmt"/>
        <line num="1027" count="0" type="stmt"/>
        <line num="1028" count="0" type="stmt"/>
        <line num="1055" count="10" type="stmt"/>
      </file>
    </package>
    <package name="modules.Fight.Components.SelectCharacter">
      <metrics statements="10" coveredstatements="10" conditionals="20" coveredconditionals="13" methods="4" coveredmethods="4"/>
      <file name="StartFightButton.tsx" path="C:\Users\range\OneDrive\Escritorio\fight club front\LAMENTACIONES_FRONTEND\fight-club\src\modules\Fight\Components\SelectCharacter\StartFightButton.tsx">
        <metrics statements="6" coveredstatements="6" conditionals="12" coveredconditionals="9" methods="2" coveredmethods="2"/>
        <line num="12" count="1" type="stmt"/>
        <line num="19" count="1" type="stmt"/>
        <line num="21" count="1" type="stmt"/>
        <line num="22" count="1" type="cond" truecount="3" falsecount="1"/>
        <line num="23" count="1" type="stmt"/>
        <line num="26" count="1" type="stmt"/>
      </file>
      <file name="footerSC.tsx" path="C:\Users\range\OneDrive\Escritorio\fight club front\LAMENTACIONES_FRONTEND\fight-club\src\modules\Fight\Components\SelectCharacter\footerSC.tsx">
        <metrics statements="2" coveredstatements="2" conditionals="4" coveredconditionals="2" methods="1" coveredmethods="1"/>
        <line num="8" count="1" type="stmt"/>
        <line num="9" count="1" type="stmt"/>
      </file>
      <file name="headerSC.tsx" path="C:\Users\range\OneDrive\Escritorio\fight club front\LAMENTACIONES_FRONTEND\fight-club\src\modules\Fight\Components\SelectCharacter\headerSC.tsx">
        <metrics statements="2" coveredstatements="2" conditionals="4" coveredconditionals="2" methods="1" coveredmethods="1"/>
        <line num="4" count="1" type="stmt"/>
        <line num="5" count="1" type="stmt"/>
      </file>
    </package>
    <package name="modules.Fight.styles">
      <metrics statements="0" coveredstatements="0" conditionals="0" coveredconditionals="0" methods="0" coveredmethods="0"/>
      <file name="fight-sprites.css" path="C:\Users\range\OneDrive\Escritorio\fight club front\LAMENTACIONES_FRONTEND\fight-club\src\modules\Fight\styles\fight-sprites.css">
        <metrics statements="0" coveredstatements="0" conditionals="0" coveredconditionals="0" methods="0" coveredmethods="0"/>
      </file>
      <file name="voicechat.css" path="C:\Users\range\OneDrive\Escritorio\fight club front\LAMENTACIONES_FRONTEND\fight-club\src\modules\Fight\styles\voicechat.css">
        <metrics statements="0" coveredstatements="0" conditionals="0" coveredconditionals="0" methods="0" coveredmethods="0"/>
      </file>
    </package>
    <package name="modules.Lobby.Components.MainLobbyPage.Header">
      <metrics statements="41" coveredstatements="40" conditionals="30" coveredconditionals="21" methods="18" coveredmethods="17"/>
      <file name="ConfigButton.tsx" path="C:\Users\range\OneDrive\Escritorio\fight club front\LAMENTACIONES_FRONTEND\fight-club\src\modules\Lobby\Components\MainLobbyPage\Header\ConfigButton.tsx">
        <metrics statements="2" coveredstatements="2" conditionals="0" coveredconditionals="0" methods="1" coveredmethods="1"/>
        <line num="3" count="1" type="stmt"/>
        <line num="4" count="1" type="stmt"/>
      </file>
      <file name="FriendButton.tsx" path="C:\Users\range\OneDrive\Escritorio\fight club front\LAMENTACIONES_FRONTEND\fight-club\src\modules\Lobby\Components\MainLobbyPage\Header\FriendButton.tsx">
        <metrics statements="2" coveredstatements="2" conditionals="0" coveredconditionals="0" methods="1" coveredmethods="1"/>
        <line num="3" count="1" type="stmt"/>
        <line num="4" count="1" type="stmt"/>
      </file>
      <file name="LobbyHeader.tsx" path="C:\Users\range\OneDrive\Escritorio\fight club front\LAMENTACIONES_FRONTEND\fight-club\src\modules\Lobby\Components\MainLobbyPage\Header\LobbyHeader.tsx">
        <metrics statements="2" coveredstatements="2" conditionals="0" coveredconditionals="0" methods="1" coveredmethods="1"/>
        <line num="12" count="1" type="stmt"/>
        <line num="13" count="1" type="stmt"/>
      </file>
      <file name="NotificationButton.tsx" path="C:\Users\range\OneDrive\Escritorio\fight club front\LAMENTACIONES_FRONTEND\fight-club\src\modules\Lobby\Components\MainLobbyPage\Header\NotificationButton.tsx">
        <metrics statements="28" coveredstatements="28" conditionals="26" coveredconditionals="19" methods="12" coveredmethods="12"/>
        <line num="4" count="1" type="stmt"/>
        <line num="5" count="5" type="stmt"/>
        <line num="6" count="5" type="stmt"/>
        <line num="8" count="5" type="stmt"/>
        <line num="9" count="5" type="stmt"/>
        <line num="12" count="5" type="stmt"/>
        <line num="13" count="2" type="cond" truecount="2" falsecount="0"/>
        <line num="14" count="1" type="stmt"/>
        <line num="15" count="1" type="stmt"/>
        <line num="16" count="1" type="cond" truecount="1" falsecount="1"/>
        <line num="20" count="5" type="stmt"/>
        <line num="21" count="1" type="cond" truecount="1" falsecount="1"/>
        <line num="22" count="1" type="stmt"/>
        <line num="23" count="1" type="stmt"/>
        <line num="27" count="1" type="stmt"/>
        <line num="31" count="5" type="stmt"/>
        <line num="32" count="2" type="stmt"/>
        <line num="33" count="2" type="stmt"/>
        <line num="34" count="2" type="stmt"/>
        <line num="37" count="5" type="stmt"/>
        <line num="39" count="5" type="stmt"/>
        <line num="40" count="1" type="stmt"/>
        <line num="41" count="1" type="stmt"/>
        <line num="43" count="1" type="cond" truecount="2" falsecount="2"/>
        <line num="47" count="5" type="stmt"/>
        <line num="48" count="1" type="cond" truecount="1" falsecount="1"/>
        <line num="51" count="5" type="stmt"/>
        <line num="86" count="2" type="stmt"/>
      </file>
      <file name="ProfileButtom.tsx" path="C:\Users\range\OneDrive\Escritorio\fight club front\LAMENTACIONES_FRONTEND\fight-club\src\modules\Lobby\Components\MainLobbyPage\Header\ProfileButtom.tsx">
        <metrics statements="7" coveredstatements="6" conditionals="4" coveredconditionals="2" methods="3" coveredmethods="2"/>
        <line num="9" count="1" type="stmt"/>
        <line num="10" count="1" type="stmt"/>
        <line num="12" count="1" type="cond" truecount="1" falsecount="1"/>
        <line num="13" count="1" type="cond" truecount="1" falsecount="1"/>
        <line num="17" count="1" type="stmt"/>
        <line num="19" count="1" type="stmt"/>
        <line num="27" count="0" type="stmt"/>
      </file>
    </package>
    <package name="modules.Lobby.Components.MainLobbyPage.RigthSideBar">
      <metrics statements="15" coveredstatements="13" conditionals="4" coveredconditionals="4" methods="8" coveredmethods="6"/>
      <file name="CreatePrivateButton.tsx" path="C:\Users\range\OneDrive\Escritorio\fight club front\LAMENTACIONES_FRONTEND\fight-club\src\modules\Lobby\Components\MainLobbyPage\RigthSideBar\CreatePrivateButton.tsx">
        <metrics statements="3" coveredstatements="3" conditionals="0" coveredconditionals="0" methods="1" coveredmethods="1"/>
        <line num="4" count="1" type="stmt"/>
        <line num="5" count="2" type="stmt"/>
        <line num="7" count="2" type="stmt"/>
      </file>
      <file name="JoinPrivateButton.tsx" path="C:\Users\range\OneDrive\Escritorio\fight club front\LAMENTACIONES_FRONTEND\fight-club\src\modules\Lobby\Components\MainLobbyPage\RigthSideBar\JoinPrivateButton.tsx">
        <metrics statements="5" coveredstatements="4" conditionals="2" coveredconditionals="2" methods="3" coveredmethods="2"/>
        <line num="4" count="1" type="stmt"/>
        <line num="5" count="3" type="stmt"/>
        <line num="7" count="3" type="stmt"/>
        <line num="10" count="1" type="stmt"/>
        <line num="22" count="0" type="cond" truecount="2" falsecount="0"/>
      </file>
      <file name="JoinPublicButton.tsx" path="C:\Users\range\OneDrive\Escritorio\fight club front\LAMENTACIONES_FRONTEND\fight-club\src\modules\Lobby\Components\MainLobbyPage\RigthSideBar\JoinPublicButton.tsx">
        <metrics statements="5" coveredstatements="4" conditionals="2" coveredconditionals="2" methods="3" coveredmethods="2"/>
        <line num="4" count="1" type="stmt"/>
        <line num="5" count="3" type="stmt"/>
        <line num="8" count="3" type="stmt"/>
        <line num="10" count="1" type="stmt"/>
        <line num="18" count="0" type="cond" truecount="2" falsecount="0"/>
      </file>
      <file name="RightSideBar.tsx" path="C:\Users\range\OneDrive\Escritorio\fight club front\LAMENTACIONES_FRONTEND\fight-club\src\modules\Lobby\Components\MainLobbyPage\RigthSideBar\RightSideBar.tsx">
        <metrics statements="2" coveredstatements="2" conditionals="0" coveredconditionals="0" methods="1" coveredmethods="1"/>
        <line num="8" count="1" type="stmt"/>
        <line num="9" count="1" type="stmt"/>
      </file>
    </package>
    <package name="modules.Lobby.Components.PrivateRoomPopUp">
      <metrics statements="6" coveredstatements="6" conditionals="0" coveredconditionals="0" methods="3" coveredmethods="3"/>
      <file name="CloseButtomPop.tsx" path="C:\Users\range\OneDrive\Escritorio\fight club front\LAMENTACIONES_FRONTEND\fight-club\src\modules\Lobby\Components\PrivateRoomPopUp\CloseButtomPop.tsx">
        <metrics statements="2" coveredstatements="2" conditionals="0" coveredconditionals="0" methods="1" coveredmethods="1"/>
        <line num="7" count="1" type="stmt"/>
        <line num="8" count="1" type="stmt"/>
      </file>
      <file name="FooterPopUp.tsx" path="C:\Users\range\OneDrive\Escritorio\fight club front\LAMENTACIONES_FRONTEND\fight-club\src\modules\Lobby\Components\PrivateRoomPopUp\FooterPopUp.tsx">
        <metrics statements="2" coveredstatements="2" conditionals="0" coveredconditionals="0" methods="1" coveredmethods="1"/>
        <line num="3" count="1" type="stmt"/>
        <line num="4" count="1" type="stmt"/>
      </file>
      <file name="SearchResult.tsx" path="C:\Users\range\OneDrive\Escritorio\fight club front\LAMENTACIONES_FRONTEND\fight-club\src\modules\Lobby\Components\PrivateRoomPopUp\SearchResult.tsx">
        <metrics statements="2" coveredstatements="2" conditionals="0" coveredconditionals="0" methods="1" coveredmethods="1"/>
        <line num="9" count="1" type="stmt"/>
        <line num="10" count="2" type="stmt"/>
      </file>
    </package>
    <package name="modules.Lobby.Components.PrivateRoomPopUp.PanelSection">
      <metrics statements="20" coveredstatements="20" conditionals="6" coveredconditionals="3" methods="7" coveredmethods="7"/>
      <file name="JoinButtonPanelSection.tsx" path="C:\Users\range\OneDrive\Escritorio\fight club front\LAMENTACIONES_FRONTEND\fight-club\src\modules\Lobby\Components\PrivateRoomPopUp\PanelSection\JoinButtonPanelSection.tsx">
        <metrics statements="8" coveredstatements="8" conditionals="4" coveredconditionals="2" methods="2" coveredmethods="2"/>
        <line num="11" count="1" type="stmt"/>
        <line num="12" count="2" type="stmt"/>
        <line num="14" count="2" type="cond" truecount="1" falsecount="1"/>
        <line num="15" count="2" type="cond" truecount="1" falsecount="1"/>
        <line num="16" count="2" type="stmt"/>
        <line num="18" count="2" type="stmt"/>
        <line num="19" count="1" type="stmt"/>
        <line num="23" count="2" type="stmt"/>
      </file>
      <file name="JoinSpecButton.tsx" path="C:\Users\range\OneDrive\Escritorio\fight club front\LAMENTACIONES_FRONTEND\fight-club\src\modules\Lobby\Components\PrivateRoomPopUp\PanelSection\JoinSpecButton.tsx">
        <metrics statements="7" coveredstatements="7" conditionals="2" coveredconditionals="1" methods="2" coveredmethods="2"/>
        <line num="10" count="1" type="stmt"/>
        <line num="11" count="2" type="stmt"/>
        <line num="13" count="2" type="cond" truecount="1" falsecount="1"/>
        <line num="14" count="2" type="stmt"/>
        <line num="16" count="2" type="stmt"/>
        <line num="17" count="1" type="stmt"/>
        <line num="19" count="2" type="stmt"/>
      </file>
      <file name="RefreshButtonPanel.tsx" path="C:\Users\range\OneDrive\Escritorio\fight club front\LAMENTACIONES_FRONTEND\fight-club\src\modules\Lobby\Components\PrivateRoomPopUp\PanelSection\RefreshButtonPanel.tsx">
        <metrics statements="3" coveredstatements="3" conditionals="0" coveredconditionals="0" methods="2" coveredmethods="2"/>
        <line num="7" count="1" type="stmt"/>
        <line num="9" count="1" type="stmt"/>
        <line num="12" count="2" type="stmt"/>
      </file>
      <file name="SectionPanel.tsx" path="C:\Users\range\OneDrive\Escritorio\fight club front\LAMENTACIONES_FRONTEND\fight-club\src\modules\Lobby\Components\PrivateRoomPopUp\PanelSection\SectionPanel.tsx">
        <metrics statements="2" coveredstatements="2" conditionals="0" coveredconditionals="0" methods="1" coveredmethods="1"/>
        <line num="14" count="1" type="stmt"/>
        <line num="15" count="1" type="stmt"/>
      </file>
    </package>
    <package name="modules.Lobby.Components.PublicRoomPopUp">
      <metrics statements="27" coveredstatements="23" conditionals="18" coveredconditionals="9" methods="10" coveredmethods="6"/>
      <file name="PublicRoomsSelectorPopUp.tsx" path="C:\Users\range\OneDrive\Escritorio\fight club front\LAMENTACIONES_FRONTEND\fight-club\src\modules\Lobby\Components\PublicRoomPopUp\PublicRoomsSelectorPopUp.tsx">
        <metrics statements="17" coveredstatements="13" conditionals="16" coveredconditionals="8" methods="7" coveredmethods="3"/>
        <line num="10" count="1" type="stmt"/>
        <line num="11" count="2" type="stmt"/>
        <line num="12" count="2" type="stmt"/>
        <line num="15" count="2" type="stmt"/>
        <line num="17" count="2" type="stmt"/>
        <line num="18" count="1" type="cond" truecount="1" falsecount="1"/>
        <line num="19" count="1" type="stmt"/>
        <line num="23" count="2" type="stmt"/>
        <line num="24" count="0" type="stmt"/>
        <line num="27" count="2" type="stmt"/>
        <line num="35" count="1" type="stmt"/>
        <line num="36" count="1" type="stmt"/>
        <line num="37" count="1" type="stmt"/>
        <line num="39" count="1" type="stmt"/>
        <line num="46" count="0" type="cond" truecount="0" falsecount="2"/>
        <line num="69" count="0" type="stmt"/>
        <line num="84" count="0" type="stmt"/>
      </file>
      <file name="SelectionPopUp.tsx" path="C:\Users\range\OneDrive\Escritorio\fight club front\LAMENTACIONES_FRONTEND\fight-club\src\modules\Lobby\Components\PublicRoomPopUp\SelectionPopUp.tsx">
        <metrics statements="10" coveredstatements="10" conditionals="2" coveredconditionals="1" methods="3" coveredmethods="3"/>
        <line num="11" count="1" type="stmt"/>
        <line num="12" count="1" type="stmt"/>
        <line num="13" count="1" type="stmt"/>
        <line num="15" count="1" type="stmt"/>
        <line num="16" count="1" type="cond" truecount="1" falsecount="1"/>
        <line num="17" count="1" type="stmt"/>
        <line num="21" count="1" type="stmt"/>
        <line num="22" count="1" type="stmt"/>
        <line num="23" count="1" type="stmt"/>
        <line num="26" count="1" type="stmt"/>
      </file>
    </package>
    <package name="modules.Lobby.Components.WaitingRoom">
      <metrics statements="51" coveredstatements="39" conditionals="62" coveredconditionals="30" methods="11" coveredmethods="7"/>
      <file name="BottomBar.tsx" path="C:\Users\range\OneDrive\Escritorio\fight club front\LAMENTACIONES_FRONTEND\fight-club\src\modules\Lobby\Components\WaitingRoom\BottomBar.tsx">
        <metrics statements="2" coveredstatements="2" conditionals="2" coveredconditionals="2" methods="1" coveredmethods="1"/>
        <line num="11" count="1" type="stmt"/>
        <line num="17" count="1" type="stmt"/>
      </file>
      <file name="PlayerContainer.tsx" path="C:\Users\range\OneDrive\Escritorio\fight club front\LAMENTACIONES_FRONTEND\fight-club\src\modules\Lobby\Components\WaitingRoom\PlayerContainer.tsx">
        <metrics statements="41" coveredstatements="29" conditionals="60" coveredconditionals="28" methods="7" coveredmethods="3"/>
        <line num="15" count="1" type="stmt"/>
        <line num="16" count="1" type="stmt"/>
        <line num="17" count="1" type="stmt"/>
        <line num="18" count="1" type="stmt"/>
        <line num="20" count="1" type="stmt"/>
        <line num="21" count="1" type="cond" truecount="1" falsecount="1"/>
        <line num="22" count="0" type="stmt"/>
        <line num="25" count="1" type="stmt"/>
        <line num="26" count="1" type="stmt"/>
        <line num="28" count="1" type="stmt"/>
        <line num="29" count="1" type="cond" truecount="2" falsecount="2"/>
        <line num="30" count="1" type="stmt"/>
        <line num="31" count="1" type="stmt"/>
        <line num="32" count="1" type="stmt"/>
        <line num="34" count="0" type="stmt"/>
        <line num="35" count="1" type="cond" truecount="1" falsecount="1"/>
        <line num="36" count="0" type="stmt"/>
        <line num="37" count="0" type="stmt"/>
        <line num="39" count="0" type="stmt"/>
        <line num="40" count="0" type="stmt"/>
        <line num="43" count="0" type="cond" truecount="0" falsecount="2"/>
        <line num="44" count="0" type="cond" truecount="0" falsecount="2"/>
        <line num="45" count="0" type="cond" truecount="0" falsecount="2"/>
        <line num="49" count="0" type="stmt"/>
        <line num="50" count="0" type="stmt"/>
        <line num="54" count="1" type="cond" truecount="1" falsecount="1"/>
        <line num="58" count="1" type="cond" truecount="1" falsecount="1"/>
        <line num="59" count="1" type="cond" truecount="2" falsecount="0"/>
        <line num="60" count="1" type="cond" truecount="1" falsecount="1"/>
        <line num="61" count="1" type="cond" truecount="1" falsecount="1"/>
        <line num="65" count="1" type="cond" truecount="1" falsecount="1"/>
        <line num="67" count="1" type="stmt"/>
        <line num="69" count="1" type="cond" truecount="1" falsecount="1"/>
        <line num="73" count="1" type="cond" truecount="1" falsecount="1"/>
        <line num="77" count="1" type="cond" truecount="1" falsecount="1"/>
        <line num="81" count="1" type="cond" truecount="1" falsecount="1"/>
        <line num="85" count="1" type="cond" truecount="1" falsecount="1"/>
        <line num="89" count="1" type="cond" truecount="1" falsecount="1"/>
        <line num="90" count="1" type="cond" truecount="1" falsecount="1"/>
        <line num="92" count="1" type="stmt"/>
        <line num="130" count="0" type="stmt"/>
      </file>
      <file name="SpectatorsInfo.tsx" path="C:\Users\range\OneDrive\Escritorio\fight club front\LAMENTACIONES_FRONTEND\fight-club\src\modules\Lobby\Components\WaitingRoom\SpectatorsInfo.tsx">
        <metrics statements="2" coveredstatements="2" conditionals="0" coveredconditionals="0" methods="1" coveredmethods="1"/>
        <line num="7" count="1" type="stmt"/>
        <line num="8" count="1" type="stmt"/>
      </file>
      <file name="WaitingRoomHeader.tsx" path="C:\Users\range\OneDrive\Escritorio\fight club front\LAMENTACIONES_FRONTEND\fight-club\src\modules\Lobby\Components\WaitingRoom\WaitingRoomHeader.tsx">
        <metrics statements="6" coveredstatements="6" conditionals="0" coveredconditionals="0" methods="2" coveredmethods="2"/>
        <line num="10" count="1" type="stmt"/>
        <line num="11" count="1" type="stmt"/>
        <line num="13" count="1" type="stmt"/>
        <line num="14" count="1" type="stmt"/>
        <line num="15" count="1" type="stmt"/>
        <line num="18" count="1" type="stmt"/>
      </file>
    </package>
    <package name="modules.Lobby.Components.WaitingRoom.PreFooter">
      <metrics statements="17" coveredstatements="13" conditionals="6" coveredconditionals="2" methods="6" coveredmethods="4"/>
      <file name="LobbyCode.tsx" path="C:\Users\range\OneDrive\Escritorio\fight club front\LAMENTACIONES_FRONTEND\fight-club\src\modules\Lobby\Components\WaitingRoom\PreFooter\LobbyCode.tsx">
        <metrics statements="9" coveredstatements="8" conditionals="0" coveredconditionals="0" methods="3" coveredmethods="2"/>
        <line num="8" count="1" type="stmt"/>
        <line num="10" count="2" type="stmt"/>
        <line num="12" count="2" type="stmt"/>
        <line num="13" count="1" type="stmt"/>
        <line num="14" count="1" type="stmt"/>
        <line num="15" count="1" type="stmt"/>
        <line num="17" count="1" type="stmt"/>
        <line num="19" count="0" type="stmt"/>
        <line num="23" count="2" type="stmt"/>
      </file>
      <file name="PreFooterWaitingBar.tsx" path="C:\Users\range\OneDrive\Escritorio\fight club front\LAMENTACIONES_FRONTEND\fight-club\src\modules\Lobby\Components\WaitingRoom\PreFooter\PreFooterWaitingBar.tsx">
        <metrics statements="2" coveredstatements="2" conditionals="0" coveredconditionals="0" methods="1" coveredmethods="1"/>
        <line num="8" count="1" type="stmt"/>
        <line num="9" count="1" type="stmt"/>
      </file>
      <file name="StartGameButton.tsx" path="C:\Users\range\OneDrive\Escritorio\fight club front\LAMENTACIONES_FRONTEND\fight-club\src\modules\Lobby\Components\WaitingRoom\PreFooter\StartGameButton.tsx">
        <metrics statements="6" coveredstatements="3" conditionals="6" coveredconditionals="2" methods="2" coveredmethods="1"/>
        <line num="8" count="1" type="stmt"/>
        <line num="12" count="1" type="stmt"/>
        <line num="13" count="0" type="stmt"/>
        <line num="14" count="0" type="cond" truecount="0" falsecount="2"/>
        <line num="15" count="0" type="stmt"/>
        <line num="19" count="1" type="stmt"/>
      </file>
    </package>
    <package name="modules.Lobby.Types">
      <metrics statements="3" coveredstatements="3" conditionals="2" coveredconditionals="2" methods="1" coveredmethods="1"/>
      <file name="localUserData.ts" path="C:\Users\range\OneDrive\Escritorio\fight club front\LAMENTACIONES_FRONTEND\fight-club\src\modules\Lobby\Types\localUserData.ts">
        <metrics statements="3" coveredstatements="3" conditionals="2" coveredconditionals="2" methods="1" coveredmethods="1"/>
        <line num="8" count="1" type="stmt"/>
        <line num="9" count="6" type="stmt"/>
        <line num="10" count="6" type="cond" truecount="2" falsecount="0"/>
      </file>
    </package>
    <package name="modules.authentication.Components.auth">
      <metrics statements="42" coveredstatements="36" conditionals="16" coveredconditionals="11" methods="14" coveredmethods="9"/>
      <file name="AuthHeader.tsx" path="C:\Users\range\OneDrive\Escritorio\fight club front\LAMENTACIONES_FRONTEND\fight-club\src\modules\authentication\Components\auth\AuthHeader.tsx">
        <metrics statements="5" coveredstatements="5" conditionals="0" coveredconditionals="0" methods="2" coveredmethods="2"/>
        <line num="4" count="1" type="stmt"/>
        <line num="5" count="1" type="stmt"/>
        <line num="6" count="1" type="stmt"/>
        <line num="8" count="1" type="stmt"/>
        <line num="39" count="3" type="stmt"/>
      </file>
      <file name="LoginForm.tsx" path="C:\Users\range\OneDrive\Escritorio\fight club front\LAMENTACIONES_FRONTEND\fight-club\src\modules\authentication\Components\auth\LoginForm.tsx">
        <metrics statements="19" coveredstatements="16" conditionals="10" coveredconditionals="9" methods="8" coveredmethods="4"/>
        <line num="8" count="1" type="stmt"/>
        <line num="9" count="3" type="stmt"/>
        <line num="10" count="3" type="stmt"/>
        <line num="11" count="3" type="stmt"/>
        <line num="13" count="3" type="stmt"/>
        <line num="15" count="3" type="stmt"/>
        <line num="16" count="1" type="stmt"/>
        <line num="17" count="1" type="stmt"/>
        <line num="18" count="1" type="stmt"/>
        <line num="21" count="3" type="cond" truecount="2" falsecount="0"/>
        <line num="22" count="1" type="stmt"/>
        <line num="24" count="0" type="stmt"/>
        <line num="29" count="2" type="stmt"/>
        <line num="54" count="0" type="stmt"/>
        <line num="81" count="1" type="stmt"/>
        <line num="82" count="2" type="stmt"/>
        <line num="91" count="1" type="stmt"/>
        <line num="92" count="2" type="stmt"/>
        <line num="101" count="0" type="stmt"/>
      </file>
      <file name="SocialAuth.tsx" path="C:\Users\range\OneDrive\Escritorio\fight club front\LAMENTACIONES_FRONTEND\fight-club\src\modules\authentication\Components\auth\SocialAuth.tsx">
        <metrics statements="16" coveredstatements="13" conditionals="6" coveredconditionals="2" methods="3" coveredmethods="2"/>
        <line num="6" count="1" type="stmt"/>
        <line num="7" count="1" type="stmt"/>
        <line num="8" count="1" type="stmt"/>
        <line num="10" count="1" type="stmt"/>
        <line num="11" count="1" type="stmt"/>
        <line num="12" count="1" type="stmt"/>
        <line num="16" count="1" type="stmt"/>
        <line num="18" count="1" type="cond" truecount="1" falsecount="1"/>
        <line num="19" count="1" type="stmt"/>
        <line num="20" count="1" type="stmt"/>
        <line num="21" count="1" type="stmt"/>
        <line num="27" count="1" type="stmt"/>
        <line num="30" count="0" type="cond" truecount="0" falsecount="2"/>
        <line num="31" count="0" type="stmt"/>
        <line num="35" count="1" type="stmt"/>
        <line num="50" count="0" type="stmt"/>
      </file>
      <file name="SuccessCard.tsx" path="C:\Users\range\OneDrive\Escritorio\fight club front\LAMENTACIONES_FRONTEND\fight-club\src\modules\authentication\Components\auth\SuccessCard.tsx">
        <metrics statements="2" coveredstatements="2" conditionals="0" coveredconditionals="0" methods="1" coveredmethods="1"/>
        <line num="8" count="2" type="stmt"/>
        <line num="9" count="2" type="stmt"/>
      </file>
    </package>
    <package name="modules.authentication.Components.profile">
      <metrics statements="145" coveredstatements="120" conditionals="133" coveredconditionals="88" methods="51" coveredmethods="38"/>
      <file name="AchievementsPanel.tsx" path="C:\Users\range\OneDrive\Escritorio\fight club front\LAMENTACIONES_FRONTEND\fight-club\src\modules\authentication\Components\profile\AchievementsPanel.tsx">
        <metrics statements="14" coveredstatements="14" conditionals="14" coveredconditionals="14" methods="3" coveredmethods="3"/>
        <line num="13" count="1" type="stmt"/>
        <line num="24" count="1" type="stmt"/>
        <line num="35" count="1" type="stmt"/>
        <line num="36" count="1" type="stmt"/>
        <line num="37" count="1" type="stmt"/>
        <line num="38" count="1" type="stmt"/>
        <line num="41" count="1" type="stmt"/>
        <line num="42" count="15" type="cond" truecount="2" falsecount="0"/>
        <line num="43" count="15" type="cond" truecount="2" falsecount="0"/>
        <line num="44" count="15" type="stmt"/>
        <line num="47" count="1" type="stmt"/>
        <line num="64" count="8" type="stmt"/>
        <line num="65" count="8" type="stmt"/>
        <line num="67" count="8" type="stmt"/>
      </file>
      <file name="HistoryPanel.tsx" path="C:\Users\range\OneDrive\Escritorio\fight club front\LAMENTACIONES_FRONTEND\fight-club\src\modules\authentication\Components\profile\HistoryPanel.tsx">
        <metrics statements="31" coveredstatements="30" conditionals="30" coveredconditionals="16" methods="11" coveredmethods="9"/>
        <line num="15" count="1" type="stmt"/>
        <line num="16" count="1" type="stmt"/>
        <line num="17" count="1" type="stmt"/>
        <line num="18" count="1" type="stmt"/>
        <line num="19" count="1" type="stmt"/>
        <line num="20" count="1" type="cond" truecount="1" falsecount="1"/>
        <line num="21" count="1" type="cond" truecount="1" falsecount="1"/>
        <line num="22" count="1" type="cond" truecount="1" falsecount="1"/>
        <line num="23" count="1" type="stmt"/>
        <line num="26" count="1" type="stmt"/>
        <line num="27" count="2" type="stmt"/>
        <line num="28" count="2" type="stmt"/>
        <line num="29" count="2" type="stmt"/>
        <line num="31" count="2" type="stmt"/>
        <line num="32" count="1" type="stmt"/>
        <line num="33" count="1" type="cond" truecount="1" falsecount="1"/>
        <line num="34" count="1" type="stmt"/>
        <line num="35" count="1" type="cond" truecount="1" falsecount="1"/>
        <line num="36" count="1" type="stmt"/>
        <line num="38" count="1" type="stmt"/>
        <line num="39" count="1" type="stmt"/>
        <line num="40" count="1" type="stmt"/>
        <line num="41" count="1" type="stmt"/>
        <line num="42" count="1" type="stmt"/>
        <line num="44" count="1" type="stmt"/>
        <line num="45" count="1" type="cond" truecount="1" falsecount="1"/>
        <line num="48" count="1" type="stmt"/>
        <line num="50" count="0" type="stmt"/>
        <line num="51" count="1" type="stmt"/>
        <line num="54" count="2" type="stmt"/>
        <line num="77" count="1" type="stmt"/>
      </file>
      <file name="ProfileCard.tsx" path="C:\Users\range\OneDrive\Escritorio\fight club front\LAMENTACIONES_FRONTEND\fight-club\src\modules\authentication\Components\profile\ProfileCard.tsx">
        <metrics statements="41" coveredstatements="19" conditionals="44" coveredconditionals="26" methods="16" coveredmethods="6"/>
        <line num="11" count="1" type="stmt"/>
        <line num="12" count="32" type="stmt"/>
        <line num="13" count="32" type="stmt"/>
        <line num="14" count="32" type="stmt"/>
        <line num="15" count="32" type="stmt"/>
        <line num="16" count="32" type="stmt"/>
        <line num="18" count="32" type="stmt"/>
        <line num="19" count="2" type="cond" truecount="2" falsecount="0"/>
        <line num="22" count="32" type="stmt"/>
        <line num="23" count="1" type="stmt"/>
        <line num="24" count="1" type="stmt"/>
        <line num="25" count="1" type="stmt"/>
        <line num="26" count="1" type="stmt"/>
        <line num="28" count="0" type="stmt"/>
        <line num="32" count="32" type="cond" truecount="4" falsecount="0"/>
        <line num="33" count="1" type="stmt"/>
        <line num="42" count="31" type="stmt"/>
        <line num="45" count="1" type="stmt"/>
        <line num="64" count="10" type="stmt"/>
        <line num="73" count="17" type="stmt"/>
        <line num="82" count="0" type="stmt"/>
        <line num="88" count="0" type="stmt"/>
        <line num="100" count="0" type="stmt"/>
        <line num="110" count="0" type="stmt"/>
        <line num="111" count="0" type="cond" truecount="0" falsecount="4"/>
        <line num="112" count="0" type="stmt"/>
        <line num="113" count="0" type="stmt"/>
        <line num="114" count="0" type="stmt"/>
        <line num="116" count="0" type="stmt"/>
        <line num="117" count="0" type="stmt"/>
        <line num="118" count="0" type="stmt"/>
        <line num="119" count="0" type="stmt"/>
        <line num="120" count="0" type="stmt"/>
        <line num="121" count="0" type="stmt"/>
        <line num="125" count="0" type="stmt"/>
        <line num="126" count="0" type="stmt"/>
        <line num="127" count="0" type="stmt"/>
        <line num="129" count="0" type="stmt"/>
        <line num="134" count="0" type="stmt"/>
        <line num="146" count="0" type="stmt"/>
        <line num="166" count="0" type="stmt"/>
      </file>
      <file name="RankSystemModal.tsx" path="C:\Users\range\OneDrive\Escritorio\fight club front\LAMENTACIONES_FRONTEND\fight-club\src\modules\authentication\Components\profile\RankSystemModal.tsx">
        <metrics statements="7" coveredstatements="6" conditionals="2" coveredconditionals="2" methods="5" coveredmethods="4"/>
        <line num="5" count="1" type="stmt"/>
        <line num="6" count="4" type="stmt"/>
        <line num="8" count="4" type="stmt"/>
        <line num="12" count="1" type="stmt"/>
        <line num="32" count="0" type="stmt"/>
        <line num="36" count="1" type="stmt"/>
        <line num="39" count="1" type="stmt"/>
      </file>
      <file name="StatsCards.tsx" path="C:\Users\range\OneDrive\Escritorio\fight club front\LAMENTACIONES_FRONTEND\fight-club\src\modules\authentication\Components\profile\StatsCards.tsx">
        <metrics statements="4" coveredstatements="4" conditionals="5" coveredconditionals="2" methods="2" coveredmethods="2"/>
        <line num="12" count="1" type="stmt"/>
        <line num="13" count="4" type="stmt"/>
        <line num="27" count="1" type="stmt"/>
        <line num="28" count="1" type="stmt"/>
      </file>
      <file name="WinRatePanel.tsx" path="C:\Users\range\OneDrive\Escritorio\fight club front\LAMENTACIONES_FRONTEND\fight-club\src\modules\authentication\Components\profile\WinRatePanel.tsx">
        <metrics statements="48" coveredstatements="47" conditionals="38" coveredconditionals="28" methods="14" coveredmethods="14"/>
        <line num="10" count="1" type="stmt"/>
        <line num="11" count="1" type="stmt"/>
        <line num="12" count="1" type="stmt"/>
        <line num="15" count="54" type="stmt"/>
        <line num="16" count="54" type="stmt"/>
        <line num="22" count="36" type="stmt"/>
        <line num="25" count="1" type="stmt"/>
        <line num="34" count="1" type="stmt"/>
        <line num="43" count="1" type="stmt"/>
        <line num="53" count="1" type="stmt"/>
        <line num="54" count="8" type="cond" truecount="2" falsecount="0"/>
        <line num="55" count="1" type="stmt"/>
        <line num="56" count="1" type="cond" truecount="1" falsecount="1"/>
        <line num="57" count="1" type="cond" truecount="1" falsecount="1"/>
        <line num="58" count="1" type="stmt"/>
        <line num="59" count="1" type="cond" truecount="1" falsecount="1"/>
        <line num="60" count="1" type="stmt"/>
        <line num="63" count="0" type="stmt"/>
        <line num="67" count="1" type="cond" truecount="1" falsecount="1"/>
        <line num="68" count="1" type="stmt"/>
        <line num="71" count="1" type="stmt"/>
        <line num="82" count="1" type="stmt"/>
        <line num="88" count="1" type="stmt"/>
        <line num="89" count="1" type="cond" truecount="1" falsecount="1"/>
        <line num="93" count="1" type="cond" truecount="1" falsecount="1"/>
        <line num="94" count="1" type="cond" truecount="1" falsecount="1"/>
        <line num="95" count="1" type="cond" truecount="2" falsecount="2"/>
        <line num="96" count="1" type="stmt"/>
        <line num="98" count="1" type="stmt"/>
        <line num="107" count="6" type="stmt"/>
        <line num="108" count="1" type="stmt"/>
        <line num="109" count="1" type="stmt"/>
        <line num="110" count="1" type="stmt"/>
        <line num="112" count="1" type="cond" truecount="1" falsecount="1"/>
        <line num="113" count="1" type="stmt"/>
        <line num="114" count="15" type="stmt"/>
        <line num="118" count="1" type="stmt"/>
        <line num="134" count="5" type="stmt"/>
        <line num="139" count="6" type="stmt"/>
        <line num="140" count="6" type="stmt"/>
        <line num="146" count="6" type="stmt"/>
        <line num="147" count="6" type="stmt"/>
        <line num="150" count="6" type="stmt"/>
        <line num="151" count="6" type="stmt"/>
        <line num="185" count="5" type="stmt"/>
        <line num="239" count="8" type="stmt"/>
        <line num="240" count="8" type="stmt"/>
        <line num="241" count="8" type="stmt"/>
      </file>
    </package>
    <package name="modules.authentication.Components.register">
      <metrics statements="72" coveredstatements="53" conditionals="40" coveredconditionals="25" methods="26" coveredmethods="14"/>
      <file name="AvatarSelector.tsx" path="C:\Users\range\OneDrive\Escritorio\fight club front\LAMENTACIONES_FRONTEND\fight-club\src\modules\authentication\Components\register\AvatarSelector.tsx">
        <metrics statements="4" coveredstatements="4" conditionals="6" coveredconditionals="4" methods="3" coveredmethods="3"/>
        <line num="10" count="1" type="stmt"/>
        <line num="11" count="55" type="stmt"/>
        <line num="17" count="434" type="stmt"/>
        <line num="20" count="1" type="stmt"/>
      </file>
      <file name="FormInput.tsx" path="C:\Users\range\OneDrive\Escritorio\fight club front\LAMENTACIONES_FRONTEND\fight-club\src\modules\authentication\Components\register\FormInput.tsx">
        <metrics statements="5" coveredstatements="5" conditionals="8" coveredconditionals="8" methods="2" coveredmethods="2"/>
        <line num="12" count="1" type="stmt"/>
        <line num="13" count="218" type="stmt"/>
        <line num="14" count="218" type="cond" truecount="4" falsecount="0"/>
        <line num="16" count="218" type="stmt"/>
        <line num="36" count="1" type="stmt"/>
      </file>
      <file name="GuestForm.tsx" path="C:\Users\range\OneDrive\Escritorio\fight club front\LAMENTACIONES_FRONTEND\fight-club\src\modules\authentication\Components\register\GuestForm.tsx">
        <metrics statements="21" coveredstatements="18" conditionals="4" coveredconditionals="2" methods="4" coveredmethods="3"/>
        <line num="7" count="1" type="stmt"/>
        <line num="8" count="10" type="stmt"/>
        <line num="9" count="10" type="stmt"/>
        <line num="10" count="10" type="stmt"/>
        <line num="11" count="10" type="stmt"/>
        <line num="13" count="10" type="stmt"/>
        <line num="14" count="1" type="stmt"/>
        <line num="15" count="1" type="stmt"/>
        <line num="16" count="1" type="stmt"/>
        <line num="18" count="1" type="stmt"/>
        <line num="19" count="1" type="stmt"/>
        <line num="21" count="1" type="stmt"/>
        <line num="22" count="1" type="stmt"/>
        <line num="23" count="1" type="stmt"/>
        <line num="29" count="1" type="stmt"/>
        <line num="31" count="0" type="cond" truecount="0" falsecount="2"/>
        <line num="32" count="0" type="stmt"/>
        <line num="34" count="1" type="stmt"/>
        <line num="38" count="10" type="stmt"/>
        <line num="50" count="7" type="stmt"/>
        <line num="65" count="0" type="stmt"/>
      </file>
      <file name="RegisterForm.tsx" path="C:\Users\range\OneDrive\Escritorio\fight club front\LAMENTACIONES_FRONTEND\fight-club\src\modules\authentication\Components\register\RegisterForm.tsx">
        <metrics statements="42" coveredstatements="26" conditionals="22" coveredconditionals="11" methods="17" coveredmethods="6"/>
        <line num="11" count="1" type="stmt"/>
        <line num="13" count="1" type="stmt"/>
        <line num="14" count="54" type="stmt"/>
        <line num="15" count="54" type="stmt"/>
        <line num="16" count="54" type="stmt"/>
        <line num="18" count="54" type="stmt"/>
        <line num="19" count="54" type="stmt"/>
        <line num="21" count="54" type="stmt"/>
        <line num="22" count="54" type="stmt"/>
        <line num="24" count="54" type="stmt"/>
        <line num="32" count="54" type="stmt"/>
        <line num="33" count="0" type="stmt"/>
        <line num="34" count="0" type="stmt"/>
        <line num="35" count="0" type="stmt"/>
        <line num="38" count="54" type="stmt"/>
        <line num="39" count="0" type="stmt"/>
        <line num="40" count="0" type="stmt"/>
        <line num="41" count="0" type="stmt"/>
        <line num="44" count="54" type="stmt"/>
        <line num="45" count="2" type="stmt"/>
        <line num="46" count="2" type="cond" truecount="2" falsecount="0"/>
        <line num="47" count="1" type="stmt"/>
        <line num="48" count="1" type="stmt"/>
        <line num="50" count="1" type="cond" truecount="1" falsecount="1"/>
        <line num="51" count="0" type="stmt"/>
        <line num="52" count="0" type="stmt"/>
        <line num="54" count="1" type="stmt"/>
        <line num="55" count="1" type="stmt"/>
        <line num="58" count="54" type="cond" truecount="1" falsecount="1"/>
        <line num="60" count="54" type="stmt"/>
        <line num="65" count="0" type="stmt"/>
        <line num="66" count="0" type="stmt"/>
        <line num="71" count="0" type="stmt"/>
        <line num="72" count="0" type="cond" truecount="0" falsecount="2"/>
        <line num="73" count="0" type="stmt"/>
        <line num="74" count="0" type="stmt"/>
        <line num="75" count="0" type="stmt"/>
        <line num="82" count="3" type="stmt"/>
        <line num="86" count="15" type="stmt"/>
        <line num="96" count="17" type="stmt"/>
        <line num="113" count="17" type="stmt"/>
        <line num="125" count="0" type="stmt"/>
      </file>
    </package>
    <package name="modules.authentication.Components.ui">
      <metrics statements="14" coveredstatements="6" conditionals="9" coveredconditionals="4" methods="5" coveredmethods="2"/>
      <file name="ErrorToast.tsx" path="C:\Users\range\OneDrive\Escritorio\fight club front\LAMENTACIONES_FRONTEND\fight-club\src\modules\authentication\Components\ui\ErrorToast.tsx">
        <metrics statements="14" coveredstatements="6" conditionals="9" coveredconditionals="4" methods="5" coveredmethods="2"/>
        <line num="10" count="3" type="cond" truecount="1" falsecount="0"/>
        <line num="11" count="139" type="stmt"/>
        <line num="13" count="139" type="stmt"/>
        <line num="14" count="93" type="cond" truecount="1" falsecount="1"/>
        <line num="15" count="0" type="stmt"/>
        <line num="16" count="0" type="cond" truecount="0" falsecount="2"/>
        <line num="17" count="0" type="stmt"/>
        <line num="18" count="0" type="stmt"/>
        <line num="19" count="0" type="stmt"/>
        <line num="21" count="0" type="stmt"/>
        <line num="24" count="93" type="stmt"/>
        <line num="28" count="139" type="cond" truecount="2" falsecount="2"/>
        <line num="30" count="0" type="stmt"/>
        <line num="44" count="0" type="stmt"/>
      </file>
    </package>
  </project>
</coverage>
