<?xml version="1.0" encoding="UTF-8"?>
<coverage generated="1779391301127" clover="3.2.0">
  <project timestamp="1779391301128" name="All files">
    <metrics statements="557" coveredstatements="412" conditionals="434" coveredconditionals="227" methods="182" coveredmethods="118" elements="1173" coveredelements="757" complexity="0" loc="557" ncloc="557" packages="16" files="46" classes="46"/>
    <package name="assets">
      <metrics statements="0" coveredstatements="0" conditionals="0" coveredconditionals="0" methods="0" coveredmethods="0"/>
      <file name="rank-system.png" path="C:\Users\range\OneDrive\Escritorio\fight club front\LAMENTACIONES_FRONTEND\fight-club\src\assets\rank-system.png">
        <metrics statements="0" coveredstatements="0" conditionals="0" coveredconditionals="0" methods="0" coveredmethods="0"/>
      </file>
    </package>
    <package name="modules.Fight.Components.EnviromentFight">
      <metrics statements="86" coveredstatements="81" conditionals="134" coveredconditionals="74" methods="22" coveredmethods="20"/>
      <file name="FightHUD.tsx" path="C:\Users\range\OneDrive\Escritorio\fight club front\LAMENTACIONES_FRONTEND\fight-club\src\modules\Fight\Components\EnviromentFight\FightHUD.tsx">
        <metrics statements="16" coveredstatements="16" conditionals="79" coveredconditionals="46" methods="3" coveredmethods="3"/>
        <line num="13" count="1" type="stmt"/>
        <line num="14" count="1" type="cond" truecount="1" falsecount="1"/>
        <line num="16" count="1" type="stmt"/>
        <line num="17" count="2" type="cond" truecount="5" falsecount="1"/>
        <line num="18" count="2" type="stmt"/>
        <line num="21" count="1" type="stmt"/>
        <line num="22" count="1" type="stmt"/>
        <line num="24" count="1" type="stmt"/>
        <line num="25" count="1" type="stmt"/>
        <line num="26" count="1" type="cond" truecount="1" falsecount="1"/>
        <line num="27" count="1" type="cond" truecount="2" falsecount="0"/>
        <line num="29" count="1" type="stmt"/>
        <line num="30" count="1" type="stmt"/>
        <line num="31" count="1" type="cond" truecount="1" falsecount="1"/>
        <line num="32" count="1" type="stmt"/>
        <line num="39" count="1" type="stmt"/>
      </file>
      <file name="FightResultScreen.tsx" path="C:\Users\range\OneDrive\Escritorio\fight club front\LAMENTACIONES_FRONTEND\fight-club\src\modules\Fight\Components\EnviromentFight\FightResultScreen.tsx">
        <metrics statements="70" coveredstatements="65" conditionals="55" coveredconditionals="28" methods="19" coveredmethods="17"/>
        <line num="16" count="1" type="stmt"/>
        <line num="18" count="1" type="stmt"/>
        <line num="32" count="1" type="stmt"/>
        <line num="33" count="1" type="stmt"/>
        <line num="34" count="1" type="stmt"/>
        <line num="36" count="1" type="stmt"/>
        <line num="37" count="60" type="stmt"/>
        <line num="49" count="1" type="stmt"/>
        <line num="50" count="1" type="stmt"/>
        <line num="51" count="1" type="cond" truecount="1" falsecount="1"/>
        <line num="52" count="1" type="stmt"/>
        <line num="54" count="1" type="stmt"/>
        <line num="55" count="1" type="stmt"/>
        <line num="56" count="1" type="stmt"/>
        <line num="57" count="1" type="stmt"/>
        <line num="59" count="1" type="stmt"/>
        <line num="60" count="1" type="stmt"/>
        <line num="62" count="1" type="stmt"/>
        <line num="63" count="1" type="stmt"/>
        <line num="64" count="1" type="stmt"/>
        <line num="65" count="60" type="stmt"/>
        <line num="66" count="60" type="stmt"/>
        <line num="67" count="60" type="stmt"/>
        <line num="68" count="60" type="cond" truecount="1" falsecount="1"/>
        <line num="69" count="0" type="stmt"/>
        <line num="70" count="0" type="stmt"/>
        <line num="71" count="0" type="stmt"/>
        <line num="73" count="60" type="stmt"/>
        <line num="74" count="60" type="stmt"/>
        <line num="75" count="60" type="stmt"/>
        <line num="77" count="1" type="stmt"/>
        <line num="78" count="1" type="stmt"/>
        <line num="80" count="1" type="stmt"/>
        <line num="82" count="1" type="stmt"/>
        <line num="83" count="1" type="stmt"/>
        <line num="84" count="1" type="stmt"/>
        <line num="88" count="1" type="stmt"/>
        <line num="92" count="2" type="cond" truecount="1" falsecount="1"/>
        <line num="93" count="2" type="stmt"/>
        <line num="97" count="2" type="cond" truecount="4" falsecount="1"/>
        <line num="98" count="2" type="stmt"/>
        <line num="102" count="2" type="cond" truecount="1" falsecount="1"/>
        <line num="103" count="0" type="cond" truecount="0" falsecount="2"/>
        <line num="104" count="0" type="stmt"/>
        <line num="107" count="1" type="stmt"/>
        <line num="108" count="1" type="stmt"/>
        <line num="109" count="1" type="stmt"/>
        <line num="110" count="1" type="stmt"/>
        <line num="111" count="1" type="stmt"/>
        <line num="113" count="1" type="cond" truecount="1" falsecount="2"/>
        <line num="114" count="1" type="cond" truecount="1" falsecount="2"/>
        <line num="116" count="1" type="stmt"/>
        <line num="117" count="1" type="cond" truecount="1" falsecount="1"/>
        <line num="118" count="1" type="cond" truecount="1" falsecount="1"/>
        <line num="120" count="1" type="stmt"/>
        <line num="121" count="1" type="stmt"/>
        <line num="122" count="1" type="cond" truecount="1" falsecount="1"/>
        <line num="123" count="1" type="stmt"/>
        <line num="125" count="1" type="stmt"/>
        <line num="126" count="1" type="stmt"/>
        <line num="127" count="1" type="stmt"/>
        <line num="129" count="1" type="cond" truecount="1" falsecount="1"/>
        <line num="133" count="1" type="cond" truecount="1" falsecount="1"/>
        <line num="137" count="1" type="stmt"/>
        <line num="138" count="1" type="cond" truecount="1" falsecount="1"/>
        <line num="139" count="1" type="stmt"/>
        <line num="140" count="1" type="stmt"/>
        <line num="143" count="1" type="stmt"/>
        <line num="213" count="3" type="stmt"/>
        <line num="250" count="1" type="stmt"/>
      </file>
    </package>
    <package name="modules.Fight.Components.SelectCharacter">
      <metrics statements="10" coveredstatements="10" conditionals="20" coveredconditionals="13" methods="4" coveredmethods="4"/>
      <file name="StartFightButton.tsx" path="C:\Users\range\OneDrive\Escritorio\fight club front\LAMENTACIONES_FRONTEND\fight-club\src\modules\Fight\Components\SelectCharacter\StartFightButton.tsx">
        <metrics statements="6" coveredstatements="6" conditionals="12" coveredconditionals="9" methods="2" coveredmethods="2"/>
        <line num="12" count="1" type="stmt"/>
        <line num="19" count="1" type="stmt"/>
        <line num="21" count="1" type="stmt"/>
        <line num="22" count="1" type="cond" truecount="3" falsecount="1"/>
        <line num="23" count="1" type="stmt"/>
        <line num="26" count="1" type="stmt"/>
      </file>
      <file name="footerSC.tsx" path="C:\Users\range\OneDrive\Escritorio\fight club front\LAMENTACIONES_FRONTEND\fight-club\src\modules\Fight\Components\SelectCharacter\footerSC.tsx">
        <metrics statements="2" coveredstatements="2" conditionals="4" coveredconditionals="2" methods="1" coveredmethods="1"/>
        <line num="8" count="1" type="stmt"/>
        <line num="9" count="1" type="stmt"/>
      </file>
      <file name="headerSC.tsx" path="C:\Users\range\OneDrive\Escritorio\fight club front\LAMENTACIONES_FRONTEND\fight-club\src\modules\Fight\Components\SelectCharacter\headerSC.tsx">
        <metrics statements="2" coveredstatements="2" conditionals="4" coveredconditionals="2" methods="1" coveredmethods="1"/>
        <line num="4" count="1" type="stmt"/>
        <line num="5" count="1" type="stmt"/>
      </file>
    </package>
    <package name="modules.Lobby.Components.MainLobbyPage.Header">
      <metrics statements="41" coveredstatements="28" conditionals="30" coveredconditionals="7" methods="18" coveredmethods="9"/>
      <file name="ConfigButton.tsx" path="C:\Users\range\OneDrive\Escritorio\fight club front\LAMENTACIONES_FRONTEND\fight-club\src\modules\Lobby\Components\MainLobbyPage\Header\ConfigButton.tsx">
        <metrics statements="2" coveredstatements="2" conditionals="0" coveredconditionals="0" methods="1" coveredmethods="1"/>
        <line num="3" count="1" type="stmt"/>
        <line num="4" count="2" type="stmt"/>
      </file>
      <file name="FriendButton.tsx" path="C:\Users\range\OneDrive\Escritorio\fight club front\LAMENTACIONES_FRONTEND\fight-club\src\modules\Lobby\Components\MainLobbyPage\Header\FriendButton.tsx">
        <metrics statements="2" coveredstatements="2" conditionals="0" coveredconditionals="0" methods="1" coveredmethods="1"/>
        <line num="3" count="1" type="stmt"/>
        <line num="4" count="2" type="stmt"/>
      </file>
      <file name="LobbyHeader.tsx" path="C:\Users\range\OneDrive\Escritorio\fight club front\LAMENTACIONES_FRONTEND\fight-club\src\modules\Lobby\Components\MainLobbyPage\Header\LobbyHeader.tsx">
        <metrics statements="2" coveredstatements="2" conditionals="0" coveredconditionals="0" methods="1" coveredmethods="1"/>
        <line num="12" count="1" type="stmt"/>
        <line num="13" count="1" type="stmt"/>
      </file>
      <file name="NotificationButton.tsx" path="C:\Users\range\OneDrive\Escritorio\fight club front\LAMENTACIONES_FRONTEND\fight-club\src\modules\Lobby\Components\MainLobbyPage\Header\NotificationButton.tsx">
        <metrics statements="28" coveredstatements="16" conditionals="26" coveredconditionals="3" methods="12" coveredmethods="4"/>
        <line num="4" count="1" type="stmt"/>
        <line num="5" count="2" type="stmt"/>
        <line num="6" count="2" type="stmt"/>
        <line num="8" count="2" type="stmt"/>
        <line num="9" count="2" type="stmt"/>
        <line num="12" count="2" type="stmt"/>
        <line num="13" count="2" type="cond" truecount="1" falsecount="1"/>
        <line num="14" count="0" type="stmt"/>
        <line num="15" count="0" type="stmt"/>
        <line num="16" count="0" type="cond" truecount="0" falsecount="2"/>
        <line num="20" count="2" type="stmt"/>
        <line num="21" count="0" type="cond" truecount="0" falsecount="2"/>
        <line num="22" count="0" type="stmt"/>
        <line num="23" count="0" type="stmt"/>
        <line num="27" count="0" type="stmt"/>
        <line num="31" count="2" type="stmt"/>
        <line num="32" count="2" type="stmt"/>
        <line num="33" count="2" type="stmt"/>
        <line num="34" count="2" type="stmt"/>
        <line num="37" count="2" type="stmt"/>
        <line num="39" count="2" type="stmt"/>
        <line num="40" count="0" type="stmt"/>
        <line num="41" count="0" type="stmt"/>
        <line num="43" count="0" type="cond" truecount="0" falsecount="4"/>
        <line num="47" count="2" type="stmt"/>
        <line num="48" count="0" type="cond" truecount="0" falsecount="2"/>
        <line num="51" count="2" type="stmt"/>
        <line num="86" count="0" type="stmt"/>
      </file>
      <file name="ProfileButtom.tsx" path="C:\Users\range\OneDrive\Escritorio\fight club front\LAMENTACIONES_FRONTEND\fight-club\src\modules\Lobby\Components\MainLobbyPage\Header\ProfileButtom.tsx">
        <metrics statements="7" coveredstatements="6" conditionals="4" coveredconditionals="4" methods="3" coveredmethods="2"/>
        <line num="9" count="1" type="stmt"/>
        <line num="10" count="2" type="stmt"/>
        <line num="12" count="2" type="cond" truecount="2" falsecount="0"/>
        <line num="13" count="2" type="cond" truecount="2" falsecount="0"/>
        <line num="17" count="2" type="stmt"/>
        <line num="19" count="1" type="stmt"/>
        <line num="27" count="0" type="stmt"/>
      </file>
    </package>
    <package name="modules.Lobby.Components.MainLobbyPage.RigthSideBar">
      <metrics statements="15" coveredstatements="13" conditionals="4" coveredconditionals="4" methods="8" coveredmethods="6"/>
      <file name="CreatePrivateButton.tsx" path="C:\Users\range\OneDrive\Escritorio\fight club front\LAMENTACIONES_FRONTEND\fight-club\src\modules\Lobby\Components\MainLobbyPage\RigthSideBar\CreatePrivateButton.tsx">
        <metrics statements="3" coveredstatements="3" conditionals="0" coveredconditionals="0" methods="1" coveredmethods="1"/>
        <line num="4" count="1" type="stmt"/>
        <line num="5" count="1" type="stmt"/>
        <line num="7" count="1" type="stmt"/>
      </file>
      <file name="JoinPrivateButton.tsx" path="C:\Users\range\OneDrive\Escritorio\fight club front\LAMENTACIONES_FRONTEND\fight-club\src\modules\Lobby\Components\MainLobbyPage\RigthSideBar\JoinPrivateButton.tsx">
        <metrics statements="5" coveredstatements="4" conditionals="2" coveredconditionals="2" methods="3" coveredmethods="2"/>
        <line num="4" count="1" type="stmt"/>
        <line num="5" count="3" type="stmt"/>
        <line num="7" count="3" type="stmt"/>
        <line num="10" count="1" type="stmt"/>
        <line num="22" count="0" type="cond" truecount="2" falsecount="0"/>
      </file>
      <file name="JoinPublicButton.tsx" path="C:\Users\range\OneDrive\Escritorio\fight club front\LAMENTACIONES_FRONTEND\fight-club\src\modules\Lobby\Components\MainLobbyPage\RigthSideBar\JoinPublicButton.tsx">
        <metrics statements="5" coveredstatements="4" conditionals="2" coveredconditionals="2" methods="3" coveredmethods="2"/>
        <line num="4" count="1" type="stmt"/>
        <line num="5" count="3" type="stmt"/>
        <line num="8" count="3" type="stmt"/>
        <line num="10" count="1" type="stmt"/>
        <line num="18" count="0" type="cond" truecount="2" falsecount="0"/>
      </file>
      <file name="RightSideBar.tsx" path="C:\Users\range\OneDrive\Escritorio\fight club front\LAMENTACIONES_FRONTEND\fight-club\src\modules\Lobby\Components\MainLobbyPage\RigthSideBar\RightSideBar.tsx">
        <metrics statements="2" coveredstatements="2" conditionals="0" coveredconditionals="0" methods="1" coveredmethods="1"/>
        <line num="8" count="1" type="stmt"/>
        <line num="9" count="1" type="stmt"/>
      </file>
    </package>
    <package name="modules.Lobby.Components.PrivateRoomPopUp">
      <metrics statements="21" coveredstatements="20" conditionals="10" coveredconditionals="3" methods="7" coveredmethods="7"/>
      <file name="CloseButtomPop.tsx" path="C:\Users\range\OneDrive\Escritorio\fight club front\LAMENTACIONES_FRONTEND\fight-club\src\modules\Lobby\Components\PrivateRoomPopUp\CloseButtomPop.tsx">
        <metrics statements="2" coveredstatements="2" conditionals="0" coveredconditionals="0" methods="1" coveredmethods="1"/>
        <line num="7" count="1" type="stmt"/>
        <line num="8" count="1" type="stmt"/>
      </file>
      <file name="FooterPopUp.tsx" path="C:\Users\range\OneDrive\Escritorio\fight club front\LAMENTACIONES_FRONTEND\fight-club\src\modules\Lobby\Components\PrivateRoomPopUp\FooterPopUp.tsx">
        <metrics statements="2" coveredstatements="2" conditionals="0" coveredconditionals="0" methods="1" coveredmethods="1"/>
        <line num="3" count="1" type="stmt"/>
        <line num="4" count="1" type="stmt"/>
      </file>
      <file name="InputSectionPop.tsx" path="C:\Users\range\OneDrive\Escritorio\fight club front\LAMENTACIONES_FRONTEND\fight-club\src\modules\Lobby\Components\PrivateRoomPopUp\InputSectionPop.tsx">
        <metrics statements="15" coveredstatements="14" conditionals="10" coveredconditionals="3" methods="4" coveredmethods="4"/>
        <line num="13" count="1" type="stmt"/>
        <line num="14" count="2" type="stmt"/>
        <line num="15" count="2" type="stmt"/>
        <line num="16" count="2" type="cond" truecount="1" falsecount="3"/>
        <line num="17" count="2" type="cond" truecount="1" falsecount="3"/>
        <line num="19" count="2" type="stmt"/>
        <line num="20" count="1" type="stmt"/>
        <line num="23" count="2" type="stmt"/>
        <line num="24" count="1" type="stmt"/>
        <line num="25" count="1" type="cond" truecount="1" falsecount="1"/>
        <line num="26" count="1" type="stmt"/>
        <line num="27" count="1" type="stmt"/>
        <line num="29" count="0" type="stmt"/>
        <line num="34" count="2" type="stmt"/>
        <line num="40" count="1" type="stmt"/>
      </file>
      <file name="SearchResult.tsx" path="C:\Users\range\OneDrive\Escritorio\fight club front\LAMENTACIONES_FRONTEND\fight-club\src\modules\Lobby\Components\PrivateRoomPopUp\SearchResult.tsx">
        <metrics statements="2" coveredstatements="2" conditionals="0" coveredconditionals="0" methods="1" coveredmethods="1"/>
        <line num="9" count="1" type="stmt"/>
        <line num="10" count="1" type="stmt"/>
      </file>
    </package>
    <package name="modules.Lobby.Components.PrivateRoomPopUp.PanelSection">
      <metrics statements="20" coveredstatements="20" conditionals="6" coveredconditionals="3" methods="7" coveredmethods="7"/>
      <file name="JoinButtonPanelSection.tsx" path="C:\Users\range\OneDrive\Escritorio\fight club front\LAMENTACIONES_FRONTEND\fight-club\src\modules\Lobby\Components\PrivateRoomPopUp\PanelSection\JoinButtonPanelSection.tsx">
        <metrics statements="8" coveredstatements="8" conditionals="4" coveredconditionals="2" methods="2" coveredmethods="2"/>
        <line num="11" count="1" type="stmt"/>
        <line num="12" count="2" type="stmt"/>
        <line num="14" count="2" type="cond" truecount="1" falsecount="1"/>
        <line num="15" count="2" type="cond" truecount="1" falsecount="1"/>
        <line num="16" count="2" type="stmt"/>
        <line num="18" count="2" type="stmt"/>
        <line num="19" count="1" type="stmt"/>
        <line num="23" count="2" type="stmt"/>
      </file>
      <file name="JoinSpecButton.tsx" path="C:\Users\range\OneDrive\Escritorio\fight club front\LAMENTACIONES_FRONTEND\fight-club\src\modules\Lobby\Components\PrivateRoomPopUp\PanelSection\JoinSpecButton.tsx">
        <metrics statements="7" coveredstatements="7" conditionals="2" coveredconditionals="1" methods="2" coveredmethods="2"/>
        <line num="10" count="1" type="stmt"/>
        <line num="11" count="2" type="stmt"/>
        <line num="13" count="2" type="cond" truecount="1" falsecount="1"/>
        <line num="14" count="2" type="stmt"/>
        <line num="16" count="2" type="stmt"/>
        <line num="17" count="1" type="stmt"/>
        <line num="19" count="2" type="stmt"/>
      </file>
      <file name="RefreshButtonPanel.tsx" path="C:\Users\range\OneDrive\Escritorio\fight club front\LAMENTACIONES_FRONTEND\fight-club\src\modules\Lobby\Components\PrivateRoomPopUp\PanelSection\RefreshButtonPanel.tsx">
        <metrics statements="3" coveredstatements="3" conditionals="0" coveredconditionals="0" methods="2" coveredmethods="2"/>
        <line num="7" count="1" type="stmt"/>
        <line num="9" count="1" type="stmt"/>
        <line num="12" count="2" type="stmt"/>
      </file>
      <file name="SectionPanel.tsx" path="C:\Users\range\OneDrive\Escritorio\fight club front\LAMENTACIONES_FRONTEND\fight-club\src\modules\Lobby\Components\PrivateRoomPopUp\PanelSection\SectionPanel.tsx">
        <metrics statements="2" coveredstatements="2" conditionals="0" coveredconditionals="0" methods="1" coveredmethods="1"/>
        <line num="14" count="1" type="stmt"/>
        <line num="15" count="1" type="stmt"/>
      </file>
    </package>
    <package name="modules.Lobby.Components.WaitingRoom">
      <metrics statements="8" coveredstatements="8" conditionals="0" coveredconditionals="0" methods="3" coveredmethods="3"/>
      <file name="SpectatorsInfo.tsx" path="C:\Users\range\OneDrive\Escritorio\fight club front\LAMENTACIONES_FRONTEND\fight-club\src\modules\Lobby\Components\WaitingRoom\SpectatorsInfo.tsx">
        <metrics statements="2" coveredstatements="2" conditionals="0" coveredconditionals="0" methods="1" coveredmethods="1"/>
        <line num="7" count="1" type="stmt"/>
        <line num="8" count="2" type="stmt"/>
      </file>
      <file name="WaitingRoomHeader.tsx" path="C:\Users\range\OneDrive\Escritorio\fight club front\LAMENTACIONES_FRONTEND\fight-club\src\modules\Lobby\Components\WaitingRoom\WaitingRoomHeader.tsx">
        <metrics statements="6" coveredstatements="6" conditionals="0" coveredconditionals="0" methods="2" coveredmethods="2"/>
        <line num="10" count="1" type="stmt"/>
        <line num="11" count="1" type="stmt"/>
        <line num="13" count="1" type="stmt"/>
        <line num="14" count="1" type="stmt"/>
        <line num="15" count="1" type="stmt"/>
        <line num="18" count="1" type="stmt"/>
      </file>
    </package>
    <package name="modules.Lobby.Components.WaitingRoom.PreFooter">
      <metrics statements="15" coveredstatements="13" conditionals="6" coveredconditionals="3" methods="5" coveredmethods="4"/>
      <file name="LobbyCode.tsx" path="C:\Users\range\OneDrive\Escritorio\fight club front\LAMENTACIONES_FRONTEND\fight-club\src\modules\Lobby\Components\WaitingRoom\PreFooter\LobbyCode.tsx">
        <metrics statements="9" coveredstatements="8" conditionals="0" coveredconditionals="0" methods="3" coveredmethods="2"/>
        <line num="8" count="1" type="stmt"/>
        <line num="10" count="3" type="stmt"/>
        <line num="12" count="3" type="stmt"/>
        <line num="13" count="1" type="stmt"/>
        <line num="14" count="1" type="stmt"/>
        <line num="15" count="1" type="stmt"/>
        <line num="17" count="1" type="stmt"/>
        <line num="19" count="0" type="stmt"/>
        <line num="23" count="3" type="stmt"/>
      </file>
      <file name="StartGameButton.tsx" path="C:\Users\range\OneDrive\Escritorio\fight club front\LAMENTACIONES_FRONTEND\fight-club\src\modules\Lobby\Components\WaitingRoom\PreFooter\StartGameButton.tsx">
        <metrics statements="6" coveredstatements="5" conditionals="6" coveredconditionals="3" methods="2" coveredmethods="2"/>
        <line num="8" count="1" type="stmt"/>
        <line num="12" count="1" type="stmt"/>
        <line num="13" count="1" type="stmt"/>
        <line num="14" count="1" type="cond" truecount="1" falsecount="1"/>
        <line num="15" count="0" type="stmt"/>
        <line num="19" count="1" type="stmt"/>
      </file>
    </package>
    <package name="modules.Lobby.Types">
      <metrics statements="3" coveredstatements="3" conditionals="2" coveredconditionals="1" methods="1" coveredmethods="1"/>
      <file name="localUserData.ts" path="C:\Users\range\OneDrive\Escritorio\fight club front\LAMENTACIONES_FRONTEND\fight-club\src\modules\Lobby\Types\localUserData.ts">
        <metrics statements="3" coveredstatements="3" conditionals="2" coveredconditionals="1" methods="1" coveredmethods="1"/>
        <line num="8" count="2" type="stmt"/>
        <line num="9" count="2" type="stmt"/>
        <line num="10" count="2" type="cond" truecount="1" falsecount="1"/>
      </file>
    </package>
    <package name="modules.authentication.Components.auth">
      <metrics statements="42" coveredstatements="35" conditionals="16" coveredconditionals="10" methods="14" coveredmethods="9"/>
      <file name="AuthHeader.tsx" path="C:\Users\range\OneDrive\Escritorio\fight club front\LAMENTACIONES_FRONTEND\fight-club\src\modules\authentication\Components\auth\AuthHeader.tsx">
        <metrics statements="5" coveredstatements="5" conditionals="0" coveredconditionals="0" methods="2" coveredmethods="2"/>
        <line num="4" count="1" type="stmt"/>
        <line num="5" count="1" type="stmt"/>
        <line num="6" count="1" type="stmt"/>
        <line num="8" count="1" type="stmt"/>
        <line num="39" count="3" type="stmt"/>
      </file>
      <file name="LoginForm.tsx" path="C:\Users\range\OneDrive\Escritorio\fight club front\LAMENTACIONES_FRONTEND\fight-club\src\modules\authentication\Components\auth\LoginForm.tsx">
        <metrics statements="19" coveredstatements="15" conditionals="10" coveredconditionals="8" methods="8" coveredmethods="4"/>
        <line num="8" count="1" type="stmt"/>
        <line num="9" count="2" type="stmt"/>
        <line num="10" count="2" type="stmt"/>
        <line num="11" count="2" type="stmt"/>
        <line num="13" count="2" type="stmt"/>
        <line num="15" count="2" type="stmt"/>
        <line num="16" count="1" type="stmt"/>
        <line num="17" count="1" type="stmt"/>
        <line num="18" count="1" type="stmt"/>
        <line num="21" count="2" type="cond" truecount="1" falsecount="1"/>
        <line num="22" count="0" type="stmt"/>
        <line num="24" count="0" type="stmt"/>
        <line num="29" count="2" type="stmt"/>
        <line num="54" count="0" type="stmt"/>
        <line num="81" count="1" type="stmt"/>
        <line num="82" count="2" type="stmt"/>
        <line num="91" count="1" type="stmt"/>
        <line num="92" count="2" type="stmt"/>
        <line num="101" count="0" type="stmt"/>
      </file>
      <file name="SocialAuth.tsx" path="C:\Users\range\OneDrive\Escritorio\fight club front\LAMENTACIONES_FRONTEND\fight-club\src\modules\authentication\Components\auth\SocialAuth.tsx">
        <metrics statements="16" coveredstatements="13" conditionals="6" coveredconditionals="2" methods="3" coveredmethods="2"/>
        <line num="6" count="1" type="stmt"/>
        <line num="7" count="1" type="stmt"/>
        <line num="8" count="1" type="stmt"/>
        <line num="10" count="1" type="stmt"/>
        <line num="11" count="1" type="stmt"/>
        <line num="12" count="1" type="stmt"/>
        <line num="16" count="1" type="stmt"/>
        <line num="18" count="1" type="cond" truecount="1" falsecount="1"/>
        <line num="19" count="1" type="stmt"/>
        <line num="20" count="1" type="stmt"/>
        <line num="21" count="1" type="stmt"/>
        <line num="27" count="1" type="stmt"/>
        <line num="30" count="0" type="cond" truecount="0" falsecount="2"/>
        <line num="31" count="0" type="stmt"/>
        <line num="35" count="1" type="stmt"/>
        <line num="50" count="0" type="stmt"/>
      </file>
      <file name="SuccessCard.tsx" path="C:\Users\range\OneDrive\Escritorio\fight club front\LAMENTACIONES_FRONTEND\fight-club\src\modules\authentication\Components\auth\SuccessCard.tsx">
        <metrics statements="2" coveredstatements="2" conditionals="0" coveredconditionals="0" methods="1" coveredmethods="1"/>
        <line num="8" count="2" type="stmt"/>
        <line num="9" count="1" type="stmt"/>
      </file>
    </package>
    <package name="modules.authentication.Components.profile">
      <metrics statements="182" coveredstatements="117" conditionals="147" coveredconditionals="80" methods="57" coveredmethods="31"/>
      <file name="AchievementsPanel.tsx" path="C:\Users\range\OneDrive\Escritorio\fight club front\LAMENTACIONES_FRONTEND\fight-club\src\modules\authentication\Components\profile\AchievementsPanel.tsx">
        <metrics statements="14" coveredstatements="14" conditionals="14" coveredconditionals="14" methods="3" coveredmethods="3"/>
        <line num="13" count="1" type="stmt"/>
        <line num="24" count="1" type="stmt"/>
        <line num="35" count="1" type="stmt"/>
        <line num="36" count="1" type="stmt"/>
        <line num="37" count="1" type="stmt"/>
        <line num="38" count="1" type="stmt"/>
        <line num="41" count="1" type="stmt"/>
        <line num="42" count="15" type="cond" truecount="2" falsecount="0"/>
        <line num="43" count="15" type="cond" truecount="2" falsecount="0"/>
        <line num="44" count="15" type="stmt"/>
        <line num="47" count="1" type="stmt"/>
        <line num="64" count="8" type="stmt"/>
        <line num="65" count="8" type="stmt"/>
        <line num="67" count="8" type="stmt"/>
      </file>
      <file name="HistoryPanel.tsx" path="C:\Users\range\OneDrive\Escritorio\fight club front\LAMENTACIONES_FRONTEND\fight-club\src\modules\authentication\Components\profile\HistoryPanel.tsx">
        <metrics statements="31" coveredstatements="10" conditionals="30" coveredconditionals="4" methods="11" coveredmethods="2"/>
        <line num="15" count="1" type="stmt"/>
        <line num="16" count="0" type="stmt"/>
        <line num="17" count="0" type="stmt"/>
        <line num="18" count="0" type="stmt"/>
        <line num="19" count="0" type="stmt"/>
        <line num="20" count="0" type="cond" truecount="0" falsecount="2"/>
        <line num="21" count="0" type="cond" truecount="0" falsecount="2"/>
        <line num="22" count="0" type="cond" truecount="0" falsecount="2"/>
        <line num="23" count="0" type="stmt"/>
        <line num="26" count="1" type="stmt"/>
        <line num="27" count="1" type="stmt"/>
        <line num="28" count="1" type="stmt"/>
        <line num="29" count="1" type="stmt"/>
        <line num="31" count="1" type="stmt"/>
        <line num="32" count="1" type="stmt"/>
        <line num="33" count="1" type="cond" truecount="1" falsecount="1"/>
        <line num="34" count="0" type="stmt"/>
        <line num="35" count="0" type="cond" truecount="0" falsecount="2"/>
        <line num="36" count="1" type="stmt"/>
        <line num="38" count="0" type="stmt"/>
        <line num="39" count="0" type="stmt"/>
        <line num="40" count="0" type="stmt"/>
        <line num="41" count="0" type="stmt"/>
        <line num="42" count="0" type="stmt"/>
        <line num="44" count="0" type="stmt"/>
        <line num="45" count="0" type="cond" truecount="0" falsecount="2"/>
        <line num="48" count="0" type="stmt"/>
        <line num="50" count="0" type="stmt"/>
        <line num="51" count="0" type="stmt"/>
        <line num="54" count="1" type="stmt"/>
        <line num="77" count="0" type="stmt"/>
      </file>
      <file name="PlayerDashboard.tsx" path="C:\Users\range\OneDrive\Escritorio\fight club front\LAMENTACIONES_FRONTEND\fight-club\src\modules\authentication\Components\profile\PlayerDashboard.tsx">
        <metrics statements="37" coveredstatements="20" conditionals="14" coveredconditionals="5" methods="6" coveredmethods="3"/>
        <line num="13" count="1" type="stmt"/>
        <line num="20" count="1" type="stmt"/>
        <line num="21" count="2" type="stmt"/>
        <line num="22" count="2" type="stmt"/>
        <line num="23" count="2" type="stmt"/>
        <line num="24" count="2" type="stmt"/>
        <line num="26" count="2" type="stmt"/>
        <line num="27" count="1" type="stmt"/>
        <line num="28" count="1" type="stmt"/>
        <line num="29" count="1" type="stmt"/>
        <line num="30" count="1" type="cond" truecount="1" falsecount="1"/>
        <line num="31" count="1" type="stmt"/>
        <line num="32" count="1" type="stmt"/>
        <line num="35" count="0" type="stmt"/>
        <line num="37" count="0" type="stmt"/>
        <line num="39" count="0" type="cond" truecount="0" falsecount="2"/>
        <line num="40" count="0" type="cond" truecount="0" falsecount="2"/>
        <line num="42" count="0" type="stmt"/>
        <line num="44" count="1" type="stmt"/>
        <line num="48" count="1" type="stmt"/>
        <line num="51" count="2" type="stmt"/>
        <line num="52" count="0" type="stmt"/>
        <line num="53" count="0" type="stmt"/>
        <line num="54" count="0" type="stmt"/>
        <line num="55" count="0" type="stmt"/>
        <line num="56" count="0" type="stmt"/>
        <line num="59" count="2" type="stmt"/>
        <line num="60" count="0" type="cond" truecount="0" falsecount="2"/>
        <line num="61" count="0" type="stmt"/>
        <line num="62" count="0" type="stmt"/>
        <line num="63" count="0" type="stmt"/>
        <line num="65" count="0" type="stmt"/>
        <line num="69" count="2" type="cond" truecount="2" falsecount="0"/>
        <line num="70" count="1" type="stmt"/>
        <line num="77" count="1" type="stmt"/>
        <line num="109" count="0" type="stmt"/>
        <line num="110" count="0" type="cond" truecount="0" falsecount="2"/>
      </file>
      <file name="ProfileCard.tsx" path="C:\Users\range\OneDrive\Escritorio\fight club front\LAMENTACIONES_FRONTEND\fight-club\src\modules\authentication\Components\profile\ProfileCard.tsx">
        <metrics statements="41" coveredstatements="18" conditionals="44" coveredconditionals="24" methods="16" coveredmethods="5"/>
        <line num="11" count="1" type="stmt"/>
        <line num="12" count="6" type="stmt"/>
        <line num="13" count="6" type="stmt"/>
        <line num="14" count="6" type="stmt"/>
        <line num="15" count="6" type="stmt"/>
        <line num="16" count="6" type="stmt"/>
        <line num="18" count="6" type="stmt"/>
        <line num="19" count="2" type="cond" truecount="2" falsecount="0"/>
        <line num="22" count="6" type="stmt"/>
        <line num="23" count="1" type="stmt"/>
        <line num="24" count="1" type="stmt"/>
        <line num="25" count="1" type="stmt"/>
        <line num="26" count="1" type="stmt"/>
        <line num="28" count="0" type="stmt"/>
        <line num="32" count="6" type="cond" truecount="4" falsecount="0"/>
        <line num="33" count="1" type="stmt"/>
        <line num="42" count="5" type="stmt"/>
        <line num="45" count="1" type="stmt"/>
        <line num="64" count="1" type="stmt"/>
        <line num="73" count="0" type="stmt"/>
        <line num="82" count="0" type="stmt"/>
        <line num="88" count="0" type="stmt"/>
        <line num="100" count="0" type="stmt"/>
        <line num="110" count="0" type="stmt"/>
        <line num="111" count="0" type="cond" truecount="0" falsecount="4"/>
        <line num="112" count="0" type="stmt"/>
        <line num="113" count="0" type="stmt"/>
        <line num="114" count="0" type="stmt"/>
        <line num="116" count="0" type="stmt"/>
        <line num="117" count="0" type="stmt"/>
        <line num="118" count="0" type="stmt"/>
        <line num="119" count="0" type="stmt"/>
        <line num="120" count="0" type="stmt"/>
        <line num="121" count="0" type="stmt"/>
        <line num="125" count="0" type="stmt"/>
        <line num="126" count="0" type="stmt"/>
        <line num="127" count="0" type="stmt"/>
        <line num="129" count="0" type="stmt"/>
        <line num="134" count="0" type="stmt"/>
        <line num="146" count="0" type="stmt"/>
        <line num="166" count="0" type="stmt"/>
      </file>
      <file name="RankSystemModal.tsx" path="C:\Users\range\OneDrive\Escritorio\fight club front\LAMENTACIONES_FRONTEND\fight-club\src\modules\authentication\Components\profile\RankSystemModal.tsx">
        <metrics statements="7" coveredstatements="4" conditionals="2" coveredconditionals="2" methods="5" coveredmethods="2"/>
        <line num="5" count="1" type="stmt"/>
        <line num="6" count="4" type="stmt"/>
        <line num="8" count="4" type="stmt"/>
        <line num="12" count="1" type="stmt"/>
        <line num="32" count="0" type="stmt"/>
        <line num="36" count="0" type="stmt"/>
        <line num="39" count="0" type="stmt"/>
      </file>
      <file name="StatsCards.tsx" path="C:\Users\range\OneDrive\Escritorio\fight club front\LAMENTACIONES_FRONTEND\fight-club\src\modules\authentication\Components\profile\StatsCards.tsx">
        <metrics statements="4" coveredstatements="4" conditionals="5" coveredconditionals="5" methods="2" coveredmethods="2"/>
        <line num="12" count="1" type="stmt"/>
        <line num="13" count="8" type="stmt"/>
        <line num="27" count="1" type="stmt"/>
        <line num="28" count="2" type="stmt"/>
      </file>
      <file name="WinRatePanel.tsx" path="C:\Users\range\OneDrive\Escritorio\fight club front\LAMENTACIONES_FRONTEND\fight-club\src\modules\authentication\Components\profile\WinRatePanel.tsx">
        <metrics statements="48" coveredstatements="47" conditionals="38" coveredconditionals="26" methods="14" coveredmethods="14"/>
        <line num="10" count="1" type="stmt"/>
        <line num="11" count="1" type="stmt"/>
        <line num="12" count="1" type="stmt"/>
        <line num="15" count="108" type="stmt"/>
        <line num="16" count="108" type="stmt"/>
        <line num="22" count="72" type="stmt"/>
        <line num="25" count="1" type="stmt"/>
        <line num="34" count="1" type="stmt"/>
        <line num="43" count="1" type="stmt"/>
        <line num="53" count="2" type="stmt"/>
        <line num="54" count="24" type="cond" truecount="2" falsecount="0"/>
        <line num="55" count="2" type="stmt"/>
        <line num="56" count="2" type="cond" truecount="1" falsecount="1"/>
        <line num="57" count="2" type="cond" truecount="1" falsecount="1"/>
        <line num="58" count="2" type="stmt"/>
        <line num="59" count="2" type="cond" truecount="1" falsecount="1"/>
        <line num="60" count="2" type="stmt"/>
        <line num="63" count="0" type="stmt"/>
        <line num="67" count="2" type="cond" truecount="1" falsecount="1"/>
        <line num="68" count="2" type="stmt"/>
        <line num="71" count="1" type="stmt"/>
        <line num="82" count="1" type="stmt"/>
        <line num="88" count="1" type="stmt"/>
        <line num="89" count="2" type="cond" truecount="1" falsecount="1"/>
        <line num="93" count="2" type="cond" truecount="1" falsecount="1"/>
        <line num="94" count="2" type="cond" truecount="1" falsecount="1"/>
        <line num="95" count="2" type="cond" truecount="2" falsecount="2"/>
        <line num="96" count="2" type="stmt"/>
        <line num="98" count="2" type="stmt"/>
        <line num="107" count="12" type="stmt"/>
        <line num="108" count="2" type="stmt"/>
        <line num="109" count="2" type="stmt"/>
        <line num="110" count="2" type="stmt"/>
        <line num="112" count="2" type="cond" truecount="1" falsecount="1"/>
        <line num="113" count="2" type="stmt"/>
        <line num="114" count="14" type="stmt"/>
        <line num="118" count="2" type="stmt"/>
        <line num="134" count="10" type="stmt"/>
        <line num="139" count="12" type="stmt"/>
        <line num="140" count="12" type="stmt"/>
        <line num="146" count="12" type="stmt"/>
        <line num="147" count="12" type="stmt"/>
        <line num="150" count="12" type="stmt"/>
        <line num="151" count="12" type="stmt"/>
        <line num="185" count="10" type="stmt"/>
        <line num="239" count="16" type="stmt"/>
        <line num="240" count="16" type="stmt"/>
        <line num="241" count="16" type="stmt"/>
      </file>
    </package>
    <package name="modules.authentication.Components.register">
      <metrics statements="72" coveredstatements="54" conditionals="40" coveredconditionals="25" methods="26" coveredmethods="15"/>
      <file name="AvatarSelector.tsx" path="C:\Users\range\OneDrive\Escritorio\fight club front\LAMENTACIONES_FRONTEND\fight-club\src\modules\authentication\Components\register\AvatarSelector.tsx">
        <metrics statements="4" coveredstatements="4" conditionals="6" coveredconditionals="4" methods="3" coveredmethods="3"/>
        <line num="10" count="1" type="stmt"/>
        <line num="11" count="11" type="stmt"/>
        <line num="17" count="82" type="stmt"/>
        <line num="20" count="1" type="stmt"/>
      </file>
      <file name="FormInput.tsx" path="C:\Users\range\OneDrive\Escritorio\fight club front\LAMENTACIONES_FRONTEND\fight-club\src\modules\authentication\Components\register\FormInput.tsx">
        <metrics statements="5" coveredstatements="5" conditionals="8" coveredconditionals="8" methods="2" coveredmethods="2"/>
        <line num="12" count="1" type="stmt"/>
        <line num="13" count="42" type="stmt"/>
        <line num="14" count="42" type="cond" truecount="4" falsecount="0"/>
        <line num="16" count="42" type="stmt"/>
        <line num="36" count="1" type="stmt"/>
      </file>
      <file name="GuestForm.tsx" path="C:\Users\range\OneDrive\Escritorio\fight club front\LAMENTACIONES_FRONTEND\fight-club\src\modules\authentication\Components\register\GuestForm.tsx">
        <metrics statements="21" coveredstatements="18" conditionals="4" coveredconditionals="2" methods="4" coveredmethods="3"/>
        <line num="7" count="1" type="stmt"/>
        <line num="8" count="4" type="stmt"/>
        <line num="9" count="4" type="stmt"/>
        <line num="10" count="4" type="stmt"/>
        <line num="11" count="4" type="stmt"/>
        <line num="13" count="4" type="stmt"/>
        <line num="14" count="1" type="stmt"/>
        <line num="15" count="1" type="stmt"/>
        <line num="16" count="1" type="stmt"/>
        <line num="18" count="1" type="stmt"/>
        <line num="19" count="1" type="stmt"/>
        <line num="21" count="1" type="stmt"/>
        <line num="22" count="1" type="stmt"/>
        <line num="23" count="1" type="stmt"/>
        <line num="29" count="1" type="stmt"/>
        <line num="31" count="0" type="cond" truecount="0" falsecount="2"/>
        <line num="32" count="0" type="stmt"/>
        <line num="34" count="1" type="stmt"/>
        <line num="38" count="4" type="stmt"/>
        <line num="50" count="1" type="stmt"/>
        <line num="65" count="0" type="stmt"/>
      </file>
      <file name="RegisterForm.tsx" path="C:\Users\range\OneDrive\Escritorio\fight club front\LAMENTACIONES_FRONTEND\fight-club\src\modules\authentication\Components\register\RegisterForm.tsx">
        <metrics statements="42" coveredstatements="27" conditionals="22" coveredconditionals="11" methods="17" coveredmethods="7"/>
        <line num="11" count="1" type="stmt"/>
        <line num="13" count="1" type="stmt"/>
        <line num="14" count="10" type="stmt"/>
        <line num="15" count="10" type="stmt"/>
        <line num="16" count="10" type="stmt"/>
        <line num="18" count="10" type="stmt"/>
        <line num="19" count="10" type="stmt"/>
        <line num="21" count="10" type="stmt"/>
        <line num="22" count="10" type="stmt"/>
        <line num="24" count="10" type="stmt"/>
        <line num="32" count="10" type="stmt"/>
        <line num="33" count="0" type="stmt"/>
        <line num="34" count="0" type="stmt"/>
        <line num="35" count="0" type="stmt"/>
        <line num="38" count="10" type="stmt"/>
        <line num="39" count="0" type="stmt"/>
        <line num="40" count="0" type="stmt"/>
        <line num="41" count="0" type="stmt"/>
        <line num="44" count="10" type="stmt"/>
        <line num="45" count="2" type="stmt"/>
        <line num="46" count="2" type="cond" truecount="2" falsecount="0"/>
        <line num="47" count="1" type="stmt"/>
        <line num="48" count="1" type="stmt"/>
        <line num="50" count="1" type="cond" truecount="1" falsecount="1"/>
        <line num="51" count="0" type="stmt"/>
        <line num="52" count="0" type="stmt"/>
        <line num="54" count="1" type="stmt"/>
        <line num="55" count="1" type="stmt"/>
        <line num="58" count="10" type="cond" truecount="1" falsecount="1"/>
        <line num="60" count="10" type="stmt"/>
        <line num="65" count="0" type="stmt"/>
        <line num="66" count="1" type="stmt"/>
        <line num="71" count="0" type="stmt"/>
        <line num="72" count="0" type="cond" truecount="0" falsecount="2"/>
        <line num="73" count="0" type="stmt"/>
        <line num="74" count="0" type="stmt"/>
        <line num="75" count="0" type="stmt"/>
        <line num="82" count="2" type="stmt"/>
        <line num="86" count="2" type="stmt"/>
        <line num="96" count="2" type="stmt"/>
        <line num="113" count="2" type="stmt"/>
        <line num="125" count="0" type="stmt"/>
      </file>
    </package>
    <package name="modules.authentication.Components.ui">
      <metrics statements="14" coveredstatements="6" conditionals="9" coveredconditionals="4" methods="5" coveredmethods="2"/>
      <file name="ErrorToast.tsx" path="C:\Users\range\OneDrive\Escritorio\fight club front\LAMENTACIONES_FRONTEND\fight-club\src\modules\authentication\Components\ui\ErrorToast.tsx">
        <metrics statements="14" coveredstatements="6" conditionals="9" coveredconditionals="4" methods="5" coveredmethods="2"/>
        <line num="10" count="3" type="cond" truecount="1" falsecount="0"/>
        <line num="11" count="25" type="stmt"/>
        <line num="13" count="25" type="stmt"/>
        <line num="14" count="17" type="cond" truecount="1" falsecount="1"/>
        <line num="15" count="0" type="stmt"/>
        <line num="16" count="0" type="cond" truecount="0" falsecount="2"/>
        <line num="17" count="0" type="stmt"/>
        <line num="18" count="0" type="stmt"/>
        <line num="19" count="0" type="stmt"/>
        <line num="21" count="0" type="stmt"/>
        <line num="24" count="17" type="stmt"/>
        <line num="28" count="25" type="cond" truecount="2" falsecount="2"/>
        <line num="30" count="0" type="stmt"/>
        <line num="44" count="0" type="stmt"/>
      </file>
    </package>
    <package name="modules.authentication.Config">
      <metrics statements="22" coveredstatements="3" conditionals="6" coveredconditionals="0" methods="3" coveredmethods="0"/>
      <file name="axios.ts" path="C:\Users\range\OneDrive\Escritorio\fight club front\LAMENTACIONES_FRONTEND\fight-club\src\modules\authentication\Config\axios.ts">
        <metrics statements="22" coveredstatements="3" conditionals="6" coveredconditionals="0" methods="3" coveredmethods="0"/>
        <line num="3" count="1" type="stmt"/>
        <line num="9" count="1" type="stmt"/>
        <line num="10" count="0" type="stmt"/>
        <line num="11" count="0" type="cond" truecount="0" falsecount="2"/>
        <line num="12" count="0" type="stmt"/>
        <line num="14" count="0" type="stmt"/>
        <line num="18" count="1" type="stmt"/>
        <line num="19" count="0" type="stmt"/>
        <line num="21" count="0" type="stmt"/>
        <line num="23" count="0" type="cond" truecount="0" falsecount="4"/>
        <line num="24" count="0" type="stmt"/>
        <line num="26" count="0" type="stmt"/>
        <line num="27" count="0" type="stmt"/>
        <line num="29" count="0" type="stmt"/>
        <line num="33" count="0" type="stmt"/>
        <line num="35" count="0" type="stmt"/>
        <line num="37" count="0" type="stmt"/>
        <line num="38" count="0" type="stmt"/>
        <line num="41" count="0" type="stmt"/>
        <line num="42" count="0" type="stmt"/>
        <line num="43" count="0" type="stmt"/>
        <line num="47" count="0" type="stmt"/>
      </file>
    </package>
    <package name="modules.authentication.services">
      <metrics statements="6" coveredstatements="1" conditionals="4" coveredconditionals="0" methods="2" coveredmethods="0"/>
      <file name="profileService.ts" path="C:\Users\range\OneDrive\Escritorio\fight club front\LAMENTACIONES_FRONTEND\fight-club\src\modules\authentication\services\profileService.ts">
        <metrics statements="6" coveredstatements="1" conditionals="4" coveredconditionals="0" methods="2" coveredmethods="0"/>
        <line num="4" count="1" type="stmt"/>
        <line num="6" count="0" type="stmt"/>
        <line num="11" count="0" type="stmt"/>
        <line num="18" count="0" type="stmt"/>
        <line num="19" count="0" type="stmt"/>
        <line num="20" count="0" type="stmt"/>
      </file>
    </package>
  </project>
</coverage>
