{"C:\\Users\\range\\OneDrive\\Escritorio\\fight club front\\LAMENTACIONES_FRONTEND\\fight-club\\src\\assets\\Background.jpeg": {"path":"C:\\Users\\range\\OneDrive\\Escritorio\\fight club front\\LAMENTACIONES_FRONTEND\\fight-club\\src\\assets\\Background.jpeg","statementMap":{},"fnMap":{},"branchMap":{},"s":{},"f":{},"b":{},"meta":{"lastBranch":0,"lastFunction":0,"lastStatement":0,"seen":{}}}
,"C:\\Users\\range\\OneDrive\\Escritorio\\fight club front\\LAMENTACIONES_FRONTEND\\fight-club\\src\\assets\\rank-system.png": {"path":"C:\\Users\\range\\OneDrive\\Escritorio\\fight club front\\LAMENTACIONES_FRONTEND\\fight-club\\src\\assets\\rank-system.png","statementMap":{},"fnMap":{},"branchMap":{},"s":{},"f":{},"b":{},"meta":{"lastBranch":0,"lastFunction":0,"lastStatement":0,"seen":{}}}
,"C:\\Users\\range\\OneDrive\\Escritorio\\fight club front\\LAMENTACIONES_FRONTEND\\fight-club\\src\\modules\\Fight\\Components\\EnviromentFight\\ArenaCanvas.tsx": {"path":"C:\\Users\\range\\OneDrive\\Escritorio\\fight club front\\LAMENTACIONES_FRONTEND\\fight-club\\src\\modules\\Fight\\Components\\EnviromentFight\\ArenaCanvas.tsx","statementMap":{"0":{"start":{"line":15,"column":19},"end":{"line":15,"column":null}},"1":{"start":{"line":16,"column":17},"end":{"line":16,"column":null}},"2":{"start":{"line":17,"column":26},"end":{"line":17,"column":null}},"3":{"start":{"line":19,"column":6},"end":{"line":23,"column":null}},"4":{"start":{"line":20,"column":4},"end":{"line":21,"column":null}},"5":{"start":{"line":21,"column":8},"end":{"line":21,"column":null}},"6":{"start":{"line":23,"column":4},"end":{"line":23,"column":null}},"7":{"start":{"line":26,"column":6},"end":{"line":26,"column":91}},"8":{"start":{"line":26,"column":58},"end":{"line":26,"column":91}},"9":{"start":{"line":28,"column":6},"end":{"line":296,"column":null}},"10":{"start":{"line":29,"column":10},"end":{"line":29,"column":53}},"11":{"start":{"line":30,"column":10},"end":{"line":30,"column":47}},"12":{"start":{"line":31,"column":10},"end":{"line":31,"column":63}},"13":{"start":{"line":32,"column":10},"end":{"line":32,"column":51}},"14":{"start":{"line":33,"column":28},"end":{"line":33,"column":99}},"15":{"start":{"line":35,"column":28},"end":{"line":38,"column":6}},"16":{"start":{"line":40,"column":10},"end":{"line":43,"column":6}},"17":{"start":{"line":45,"column":4},"end":{"line":47,"column":null}},"18":{"start":{"line":46,"column":8},"end":{"line":46,"column":null}},"19":{"start":{"line":50,"column":4},"end":{"line":120,"column":null}},"20":{"start":{"line":51,"column":24},"end":{"line":51,"column":null}},"21":{"start":{"line":53,"column":27},"end":{"line":105,"column":null}},"22":{"start":{"line":54,"column":12},"end":{"line":56,"column":null}},"23":{"start":{"line":55,"column":16},"end":{"line":55,"column":null}},"24":{"start":{"line":56,"column":16},"end":{"line":56,"column":null}},"25":{"start":{"line":59,"column":29},"end":{"line":60,"column":null}},"26":{"start":{"line":60,"column":29},"end":{"line":60,"column":null}},"27":{"start":{"line":63,"column":12},"end":{"line":65,"column":null}},"28":{"start":{"line":64,"column":16},"end":{"line":64,"column":null}},"29":{"start":{"line":65,"column":16},"end":{"line":65,"column":null}},"30":{"start":{"line":68,"column":28},"end":{"line":93,"column":null}},"31":{"start":{"line":70,"column":40},"end":{"line":70,"column":null}},"32":{"start":{"line":72,"column":20},"end":{"line":91,"column":null}},"33":{"start":{"line":73,"column":39},"end":{"line":75,"column":null}},"34":{"start":{"line":78,"column":61},"end":{"line":83,"column":null}},"35":{"start":{"line":85,"column":24},"end":{"line":85,"column":null}},"36":{"start":{"line":87,"column":24},"end":{"line":90,"column":null}},"37":{"start":{"line":91,"column":24},"end":{"line":91,"column":null}},"38":{"start":{"line":96,"column":12},"end":{"line":96,"column":null}},"39":{"start":{"line":96,"column":27},"end":{"line":96,"column":null}},"40":{"start":{"line":98,"column":31},"end":{"line":98,"column":65}},"41":{"start":{"line":100,"column":12},"end":{"line":103,"column":null}},"42":{"start":{"line":101,"column":16},"end":{"line":101,"column":null}},"43":{"start":{"line":101,"column":28},"end":{"line":101,"column":null}},"44":{"start":{"line":102,"column":16},"end":{"line":102,"column":null}},"45":{"start":{"line":105,"column":12},"end":{"line":105,"column":null}},"46":{"start":{"line":108,"column":8},"end":{"line":108,"column":null}},"47":{"start":{"line":110,"column":8},"end":{"line":111,"column":null}},"48":{"start":{"line":111,"column":12},"end":{"line":111,"column":null}},"49":{"start":{"line":123,"column":4},"end":{"line":206,"column":null}},"50":{"start":{"line":124,"column":23},"end":{"line":124,"column":null}},"51":{"start":{"line":125,"column":8},"end":{"line":125,"column":null}},"52":{"start":{"line":125,"column":21},"end":{"line":125,"column":null}},"53":{"start":{"line":127,"column":20},"end":{"line":127,"column":61}},"54":{"start":{"line":128,"column":8},"end":{"line":128,"column":null}},"55":{"start":{"line":128,"column":18},"end":{"line":128,"column":null}},"56":{"start":{"line":130,"column":8},"end":{"line":133,"column":null}},"57":{"start":{"line":131,"column":24},"end":{"line":131,"column":35}},"58":{"start":{"line":132,"column":12},"end":{"line":132,"column":null}},"59":{"start":{"line":133,"column":12},"end":{"line":133,"column":null}},"60":{"start":{"line":136,"column":14},"end":{"line":200,"column":null}},"61":{"start":{"line":138,"column":12},"end":{"line":138,"column":null}},"62":{"start":{"line":139,"column":12},"end":{"line":139,"column":null}},"63":{"start":{"line":142,"column":12},"end":{"line":169,"column":null}},"64":{"start":{"line":143,"column":16},"end":{"line":143,"column":null}},"65":{"start":{"line":145,"column":16},"end":{"line":145,"column":null}},"66":{"start":{"line":146,"column":16},"end":{"line":152,"column":null}},"67":{"start":{"line":154,"column":33},"end":{"line":160,"column":null}},"68":{"start":{"line":163,"column":16},"end":{"line":163,"column":null}},"69":{"start":{"line":164,"column":16},"end":{"line":164,"column":null}},"70":{"start":{"line":166,"column":16},"end":{"line":166,"column":null}},"71":{"start":{"line":167,"column":16},"end":{"line":167,"column":null}},"72":{"start":{"line":169,"column":16},"end":{"line":169,"column":null}},"73":{"start":{"line":173,"column":26},"end":{"line":173,"column":null}},"74":{"start":{"line":175,"column":12},"end":{"line":197,"column":null}},"75":{"start":{"line":176,"column":27},"end":{"line":176,"column":null}},"76":{"start":{"line":178,"column":16},"end":{"line":180,"column":null}},"77":{"start":{"line":182,"column":16},"end":{"line":184,"column":null}},"78":{"start":{"line":186,"column":16},"end":{"line":188,"column":null}},"79":{"start":{"line":190,"column":16},"end":{"line":192,"column":null}},"80":{"start":{"line":194,"column":16},"end":{"line":197,"column":null}},"81":{"start":{"line":200,"column":12},"end":{"line":200,"column":null}},"82":{"start":{"line":203,"column":8},"end":{"line":203,"column":null}},"83":{"start":{"line":205,"column":8},"end":{"line":205,"column":null}},"84":{"start":{"line":205,"column":21},"end":{"line":205,"column":68}},"85":{"start":{"line":209,"column":10},"end":{"line":231,"column":19}},"86":{"start":{"line":210,"column":8},"end":{"line":210,"column":null}},"87":{"start":{"line":210,"column":24},"end":{"line":210,"column":null}},"88":{"start":{"line":212,"column":8},"end":{"line":216,"column":null}},"89":{"start":{"line":216,"column":12},"end":{"line":216,"column":null}},"90":{"start":{"line":219,"column":19},"end":{"line":219,"column":null}},"91":{"start":{"line":220,"column":19},"end":{"line":220,"column":null}},"92":{"start":{"line":222,"column":8},"end":{"line":223,"column":null}},"93":{"start":{"line":223,"column":12},"end":{"line":223,"column":null}},"94":{"start":{"line":226,"column":8},"end":{"line":227,"column":null}},"95":{"start":{"line":227,"column":12},"end":{"line":227,"column":null}},"96":{"start":{"line":230,"column":8},"end":{"line":230,"column":null}},"97":{"start":{"line":234,"column":8},"end":{"line":235,"column":null}},"98":{"start":{"line":237,"column":22},"end":{"line":237,"column":null}},"99":{"start":{"line":238,"column":23},"end":{"line":238,"column":null}},"100":{"start":{"line":239,"column":18},"end":{"line":239,"column":55}},"101":{"start":{"line":241,"column":4},"end":{"line":296,"column":null}}},"fnMap":{"0":{"name":"(anonymous_0)","decl":{"start":{"line":19,"column":6},"end":{"line":19,"column":21}},"loc":{"start":{"line":19,"column":69},"end":{"line":23,"column":null}},"line":19},"1":{"name":"(anonymous_1)","decl":{"start":{"line":26,"column":6},"end":{"line":26,"column":24}},"loc":{"start":{"line":26,"column":58},"end":{"line":26,"column":91}},"line":26},"2":{"name":"(anonymous_2)","decl":{"start":{"line":28,"column":6},"end":{"line":28,"column":38}},"loc":{"start":{"line":28,"column":56},"end":{"line":296,"column":null}},"line":28},"3":{"name":"(anonymous_3)","decl":{"start":{"line":45,"column":4},"end":{"line":45,"column":20}},"loc":{"start":{"line":45,"column":20},"end":{"line":47,"column":8}},"line":45},"4":{"name":"(anonymous_4)","decl":{"start":{"line":50,"column":4},"end":{"line":50,"column":20}},"loc":{"start":{"line":50,"column":20},"end":{"line":113,"column":null}},"line":50},"5":{"name":"(anonymous_5)","decl":{"start":{"line":53,"column":27},"end":{"line":53,"column":39}},"loc":{"start":{"line":53,"column":39},"end":{"line":105,"column":null}},"line":53},"6":{"name":"(anonymous_6)","decl":{"start":{"line":59,"column":68},"end":{"line":59,"column":null}},"loc":{"start":{"line":60,"column":29},"end":{"line":60,"column":null}},"line":60},"7":{"name":"(anonymous_7)","decl":{"start":{"line":69,"column":29},"end":{"line":69,"column":36}},"loc":{"start":{"line":69,"column":48},"end":{"line":93,"column":null}},"line":69},"8":{"name":"(anonymous_8)","decl":{"start":{"line":100,"column":20},"end":{"line":100,"column":29}},"loc":{"start":{"line":100,"column":39},"end":{"line":103,"column":null}},"line":100},"9":{"name":"(anonymous_9)","decl":{"start":{"line":110,"column":8},"end":{"line":110,"column":21}},"loc":{"start":{"line":110,"column":21},"end":{"line":111,"column":null}},"line":110},"10":{"name":"(anonymous_10)","decl":{"start":{"line":123,"column":4},"end":{"line":123,"column":20}},"loc":{"start":{"line":123,"column":20},"end":{"line":206,"column":9}},"line":123},"11":{"name":"(anonymous_11)","decl":{"start":{"line":136,"column":14},"end":{"line":136,"column":29}},"loc":{"start":{"line":136,"column":29},"end":{"line":200,"column":null}},"line":136},"12":{"name":"(anonymous_12)","decl":{"start":{"line":205,"column":8},"end":{"line":205,"column":21}},"loc":{"start":{"line":205,"column":21},"end":{"line":205,"column":68}},"line":205},"13":{"name":"(anonymous_13)","decl":{"start":{"line":209,"column":26},"end":{"line":209,"column":40}},"loc":{"start":{"line":209,"column":40},"end":{"line":231,"column":8}},"line":209}},"branchMap":{"0":{"loc":{"start":{"line":20,"column":4},"end":{"line":21,"column":null}},"type":"if","locations":[{"start":{"line":20,"column":4},"end":{"line":21,"column":null}},{"start":{},"end":{}}],"line":20},"1":{"loc":{"start":{"line":20,"column":8},"end":{"line":20,"column":45}},"type":"binary-expr","locations":[{"start":{"line":20,"column":8},"end":{"line":20,"column":15}},{"start":{"line":20,"column":15},"end":{"line":20,"column":45}}],"line":20},"2":{"loc":{"start":{"line":54,"column":12},"end":{"line":56,"column":null}},"type":"if","locations":[{"start":{"line":54,"column":12},"end":{"line":56,"column":null}},{"start":{},"end":{}}],"line":54},"3":{"loc":{"start":{"line":60,"column":29},"end":{"line":60,"column":null}},"type":"binary-expr","locations":[{"start":{"line":60,"column":29},"end":{"line":60,"column":53}},{"start":{"line":60,"column":53},"end":{"line":60,"column":null}}],"line":60},"4":{"loc":{"start":{"line":63,"column":12},"end":{"line":65,"column":null}},"type":"if","locations":[{"start":{"line":63,"column":12},"end":{"line":65,"column":null}},{"start":{},"end":{}}],"line":63},"5":{"loc":{"start":{"line":96,"column":12},"end":{"line":96,"column":null}},"type":"if","locations":[{"start":{"line":96,"column":12},"end":{"line":96,"column":null}},{"start":{},"end":{}}],"line":96},"6":{"loc":{"start":{"line":101,"column":16},"end":{"line":101,"column":null}},"type":"if","locations":[{"start":{"line":101,"column":16},"end":{"line":101,"column":null}},{"start":{},"end":{}}],"line":101},"7":{"loc":{"start":{"line":125,"column":8},"end":{"line":125,"column":null}},"type":"if","locations":[{"start":{"line":125,"column":8},"end":{"line":125,"column":null}},{"start":{},"end":{}}],"line":125},"8":{"loc":{"start":{"line":128,"column":8},"end":{"line":128,"column":null}},"type":"if","locations":[{"start":{"line":128,"column":8},"end":{"line":128,"column":null}},{"start":{},"end":{}}],"line":128},"9":{"loc":{"start":{"line":130,"column":8},"end":{"line":133,"column":null}},"type":"if","locations":[{"start":{"line":130,"column":8},"end":{"line":133,"column":null}},{"start":{},"end":{}}],"line":130},"10":{"loc":{"start":{"line":142,"column":12},"end":{"line":169,"column":null}},"type":"if","locations":[{"start":{"line":142,"column":12},"end":{"line":169,"column":null}},{"start":{},"end":{}}],"line":142},"11":{"loc":{"start":{"line":175,"column":12},"end":{"line":197,"column":null}},"type":"if","locations":[{"start":{"line":175,"column":12},"end":{"line":197,"column":null}},{"start":{},"end":{}}],"line":175},"12":{"loc":{"start":{"line":210,"column":8},"end":{"line":210,"column":null}},"type":"if","locations":[{"start":{"line":210,"column":8},"end":{"line":210,"column":null}},{"start":{},"end":{}}],"line":210},"13":{"loc":{"start":{"line":212,"column":8},"end":{"line":216,"column":null}},"type":"if","locations":[{"start":{"line":212,"column":8},"end":{"line":216,"column":null}},{"start":{},"end":{}}],"line":212},"14":{"loc":{"start":{"line":212,"column":8},"end":{"line":214,"column":null}},"type":"binary-expr","locations":[{"start":{"line":212,"column":8},"end":{"line":213,"column":null}},{"start":{"line":213,"column":62},"end":{"line":214,"column":null}}],"line":212},"15":{"loc":{"start":{"line":213,"column":13},"end":{"line":213,"column":62}},"type":"binary-expr","locations":[{"start":{"line":213,"column":13},"end":{"line":213,"column":56}},{"start":{"line":213,"column":56},"end":{"line":213,"column":62}}],"line":213},"16":{"loc":{"start":{"line":214,"column":13},"end":{"line":214,"column":62}},"type":"binary-expr","locations":[{"start":{"line":214,"column":13},"end":{"line":214,"column":56}},{"start":{"line":214,"column":56},"end":{"line":214,"column":62}}],"line":214},"17":{"loc":{"start":{"line":222,"column":8},"end":{"line":223,"column":null}},"type":"if","locations":[{"start":{"line":222,"column":8},"end":{"line":223,"column":null}},{"start":{},"end":{}}],"line":222},"18":{"loc":{"start":{"line":222,"column":12},"end":{"line":222,"column":44}},"type":"binary-expr","locations":[{"start":{"line":222,"column":12},"end":{"line":222,"column":29}},{"start":{"line":222,"column":29},"end":{"line":222,"column":44}}],"line":222},"19":{"loc":{"start":{"line":226,"column":8},"end":{"line":227,"column":null}},"type":"if","locations":[{"start":{"line":226,"column":8},"end":{"line":227,"column":null}},{"start":{},"end":{}}],"line":226},"20":{"loc":{"start":{"line":227,"column":19},"end":{"line":227,"column":null}},"type":"binary-expr","locations":[{"start":{"line":227,"column":19},"end":{"line":227,"column":44}},{"start":{"line":227,"column":44},"end":{"line":227,"column":null}}],"line":227},"21":{"loc":{"start":{"line":230,"column":15},"end":{"line":230,"column":null}},"type":"binary-expr","locations":[{"start":{"line":230,"column":15},"end":{"line":230,"column":40}},{"start":{"line":230,"column":40},"end":{"line":230,"column":null}}],"line":230},"22":{"loc":{"start":{"line":234,"column":8},"end":{"line":235,"column":null}},"type":"binary-expr","locations":[{"start":{"line":234,"column":8},"end":{"line":234,"column":null}},{"start":{"line":235,"column":8},"end":{"line":235,"column":null}}],"line":234},"23":{"loc":{"start":{"line":246,"column":24},"end":{"line":248,"column":null}},"type":"cond-expr","locations":[{"start":{"line":247,"column":30},"end":{"line":247,"column":null}},{"start":{"line":248,"column":30},"end":{"line":248,"column":null}}],"line":246},"24":{"loc":{"start":{"line":267,"column":21},"end":{"line":291,"column":null}},"type":"binary-expr","locations":[{"start":{"line":267,"column":21},"end":{"line":267,"column":null}},{"start":{"line":268,"column":24},"end":{"line":291,"column":null}}],"line":267}},"s":{"0":1,"1":1,"2":1,"3":1,"4":8,"5":8,"6":0,"7":1,"8":3,"9":1,"10":3,"11":3,"12":3,"13":3,"14":3,"15":3,"16":3,"17":3,"18":1,"19":3,"20":1,"21":1,"22":1,"23":0,"24":0,"25":1,"26":2,"27":1,"28":0,"29":0,"30":1,"31":2,"32":2,"33":2,"34":2,"35":2,"36":0,"37":0,"38":1,"39":0,"40":1,"41":1,"42":2,"43":0,"44":2,"45":1,"46":1,"47":1,"48":1,"49":3,"50":1,"51":1,"52":0,"53":1,"54":1,"55":0,"56":1,"57":1,"58":1,"59":1,"60":1,"61":2,"62":2,"63":2,"64":0,"65":0,"66":0,"67":0,"68":0,"69":0,"70":0,"71":0,"72":0,"73":2,"74":2,"75":2,"76":2,"77":2,"78":2,"79":2,"80":2,"81":2,"82":1,"83":1,"84":1,"85":3,"86":1,"87":0,"88":1,"89":0,"90":1,"91":1,"92":1,"93":0,"94":1,"95":0,"96":1,"97":3,"98":3,"99":3,"100":3,"101":3},"f":{"0":8,"1":3,"2":3,"3":1,"4":1,"5":1,"6":2,"7":2,"8":2,"9":1,"10":1,"11":2,"12":1,"13":1},"b":{"0":[8,0],"1":[8,8],"2":[0,1],"3":[2,2],"4":[0,1],"5":[0,1],"6":[0,2],"7":[0,1],"8":[0,1],"9":[1,0],"10":[0,2],"11":[2,0],"12":[0,1],"13":[0,1],"14":[1,1],"15":[1,0],"16":[1,0],"17":[0,1],"18":[1,1],"19":[0,1],"20":[0,0],"21":[1,0],"22":[3,3],"23":[0,3],"24":[3,3]},"meta":{"lastBranch":25,"lastFunction":14,"lastStatement":102,"seen":{"s:15:19:15:Infinity":0,"s:16:17:16:Infinity":1,"s:17:26:17:Infinity":2,"s:19:6:23:Infinity":3,"f:19:6:19:21":0,"b:20:4:21:Infinity:undefined:undefined:undefined:undefined":0,"s:20:4:21:Infinity":4,"b:20:8:20:15:20:15:20:45":1,"s:21:8:21:Infinity":5,"s:23:4:23:Infinity":6,"s:26:6:26:91":7,"f:26:6:26:24":1,"s:26:58:26:91":8,"s:28:6:296:Infinity":9,"f:28:6:28:38":2,"s:29:10:29:53":10,"s:30:10:30:47":11,"s:31:10:31:63":12,"s:32:10:32:51":13,"s:33:28:33:99":14,"s:35:28:38:6":15,"s:40:10:43:6":16,"s:45:4:47:Infinity":17,"f:45:4:45:20":3,"s:46:8:46:Infinity":18,"s:50:4:120:Infinity":19,"f:50:4:50:20":4,"s:51:24:51:Infinity":20,"s:53:27:105:Infinity":21,"f:53:27:53:39":5,"b:54:12:56:Infinity:undefined:undefined:undefined:undefined":2,"s:54:12:56:Infinity":22,"s:55:16:55:Infinity":23,"s:56:16:56:Infinity":24,"s:59:29:60:Infinity":25,"f:59:68:59:Infinity":6,"s:60:29:60:Infinity":26,"b:60:29:60:53:60:53:60:Infinity":3,"b:63:12:65:Infinity:undefined:undefined:undefined:undefined":4,"s:63:12:65:Infinity":27,"s:64:16:64:Infinity":28,"s:65:16:65:Infinity":29,"s:68:28:93:Infinity":30,"f:69:29:69:36":7,"s:70:40:70:Infinity":31,"s:72:20:91:Infinity":32,"s:73:39:75:Infinity":33,"s:78:61:83:Infinity":34,"s:85:24:85:Infinity":35,"s:87:24:90:Infinity":36,"s:91:24:91:Infinity":37,"b:96:12:96:Infinity:undefined:undefined:undefined:undefined":5,"s:96:12:96:Infinity":38,"s:96:27:96:Infinity":39,"s:98:31:98:65":40,"s:100:12:103:Infinity":41,"f:100:20:100:29":8,"b:101:16:101:Infinity:undefined:undefined:undefined:undefined":6,"s:101:16:101:Infinity":42,"s:101:28:101:Infinity":43,"s:102:16:102:Infinity":44,"s:105:12:105:Infinity":45,"s:108:8:108:Infinity":46,"s:110:8:111:Infinity":47,"f:110:8:110:21":9,"s:111:12:111:Infinity":48,"s:123:4:206:Infinity":49,"f:123:4:123:20":10,"s:124:23:124:Infinity":50,"b:125:8:125:Infinity:undefined:undefined:undefined:undefined":7,"s:125:8:125:Infinity":51,"s:125:21:125:Infinity":52,"s:127:20:127:61":53,"b:128:8:128:Infinity:undefined:undefined:undefined:undefined":8,"s:128:8:128:Infinity":54,"s:128:18:128:Infinity":55,"b:130:8:133:Infinity:undefined:undefined:undefined:undefined":9,"s:130:8:133:Infinity":56,"s:131:24:131:35":57,"s:132:12:132:Infinity":58,"s:133:12:133:Infinity":59,"s:136:14:200:Infinity":60,"f:136:14:136:29":11,"s:138:12:138:Infinity":61,"s:139:12:139:Infinity":62,"b:142:12:169:Infinity:undefined:undefined:undefined:undefined":10,"s:142:12:169:Infinity":63,"s:143:16:143:Infinity":64,"s:145:16:145:Infinity":65,"s:146:16:152:Infinity":66,"s:154:33:160:Infinity":67,"s:163:16:163:Infinity":68,"s:164:16:164:Infinity":69,"s:166:16:166:Infinity":70,"s:167:16:167:Infinity":71,"s:169:16:169:Infinity":72,"s:173:26:173:Infinity":73,"b:175:12:197:Infinity:undefined:undefined:undefined:undefined":11,"s:175:12:197:Infinity":74,"s:176:27:176:Infinity":75,"s:178:16:180:Infinity":76,"s:182:16:184:Infinity":77,"s:186:16:188:Infinity":78,"s:190:16:192:Infinity":79,"s:194:16:197:Infinity":80,"s:200:12:200:Infinity":81,"s:203:8:203:Infinity":82,"s:205:8:205:Infinity":83,"f:205:8:205:21":12,"s:205:21:205:68":84,"s:209:10:231:19":85,"f:209:26:209:40":13,"b:210:8:210:Infinity:undefined:undefined:undefined:undefined":12,"s:210:8:210:Infinity":86,"s:210:24:210:Infinity":87,"b:212:8:216:Infinity:undefined:undefined:undefined:undefined":13,"s:212:8:216:Infinity":88,"b:212:8:213:Infinity:213:62:214:Infinity":14,"b:213:13:213:56:213:56:213:62":15,"b:214:13:214:56:214:56:214:62":16,"s:216:12:216:Infinity":89,"s:219:19:219:Infinity":90,"s:220:19:220:Infinity":91,"b:222:8:223:Infinity:undefined:undefined:undefined:undefined":17,"s:222:8:223:Infinity":92,"b:222:12:222:29:222:29:222:44":18,"s:223:12:223:Infinity":93,"b:226:8:227:Infinity:undefined:undefined:undefined:undefined":19,"s:226:8:227:Infinity":94,"s:227:12:227:Infinity":95,"b:227:19:227:44:227:44:227:Infinity":20,"s:230:8:230:Infinity":96,"b:230:15:230:40:230:40:230:Infinity":21,"s:234:8:235:Infinity":97,"b:234:8:234:Infinity:235:8:235:Infinity":22,"s:237:22:237:Infinity":98,"s:238:23:238:Infinity":99,"s:239:18:239:55":100,"s:241:4:296:Infinity":101,"b:247:30:247:Infinity:248:30:248:Infinity":23,"b:267:21:267:Infinity:268:24:291:Infinity":24}}}
,"C:\\Users\\range\\OneDrive\\Escritorio\\fight club front\\LAMENTACIONES_FRONTEND\\fight-club\\src\\modules\\Fight\\Components\\EnviromentFight\\ArenaVisuals.ts": {"path":"C:\\Users\\range\\OneDrive\\Escritorio\\fight club front\\LAMENTACIONES_FRONTEND\\fight-club\\src\\modules\\Fight\\Components\\EnviromentFight\\ArenaVisuals.ts","statementMap":{"0":{"start":{"line":1,"column":29},"end":{"line":7,"column":null}},"1":{"start":{"line":9,"column":56},"end":{"line":19,"column":null}},"2":{"start":{"line":21,"column":60},"end":{"line":31,"column":null}},"3":{"start":{"line":34,"column":39},"end":{"line":34,"column":null}}},"fnMap":{},"branchMap":{},"s":{"0":1,"1":1,"2":1,"3":1},"f":{},"b":{},"meta":{"lastBranch":0,"lastFunction":0,"lastStatement":4,"seen":{"s:1:29:7:Infinity":0,"s:9:56:19:Infinity":1,"s:21:60:31:Infinity":2,"s:34:39:34:Infinity":3}}}
,"C:\\Users\\range\\OneDrive\\Escritorio\\fight club front\\LAMENTACIONES_FRONTEND\\fight-club\\src\\modules\\Fight\\Components\\EnviromentFight\\FightHUD.tsx": {"path":"C:\\Users\\range\\OneDrive\\Escritorio\\fight club front\\LAMENTACIONES_FRONTEND\\fight-club\\src\\modules\\Fight\\Components\\EnviromentFight\\FightHUD.tsx","statementMap":{"0":{"start":{"line":13,"column":6},"end":{"line":126,"column":null}},"1":{"start":{"line":14,"column":4},"end":{"line":14,"column":null}},"2":{"start":{"line":14,"column":20},"end":{"line":14,"column":null}},"3":{"start":{"line":16,"column":10},"end":{"line":18,"column":null}},"4":{"start":{"line":17,"column":8},"end":{"line":17,"column":null}},"5":{"start":{"line":17,"column":84},"end":{"line":17,"column":null}},"6":{"start":{"line":18,"column":8},"end":{"line":18,"column":null}},"7":{"start":{"line":21,"column":25},"end":{"line":21,"column":114}},"8":{"start":{"line":22,"column":25},"end":{"line":22,"column":114}},"9":{"start":{"line":24,"column":20},"end":{"line":24,"column":null}},"10":{"start":{"line":25,"column":20},"end":{"line":25,"column":null}},"11":{"start":{"line":26,"column":27},"end":{"line":26,"column":null}},"12":{"start":{"line":27,"column":27},"end":{"line":27,"column":null}},"13":{"start":{"line":29,"column":10},"end":{"line":37,"column":38}},"14":{"start":{"line":30,"column":27},"end":{"line":30,"column":null}},"15":{"start":{"line":31,"column":8},"end":{"line":31,"column":null}},"16":{"start":{"line":31,"column":25},"end":{"line":31,"column":null}},"17":{"start":{"line":32,"column":8},"end":{"line":36,"column":null}},"18":{"start":{"line":39,"column":4},"end":{"line":126,"column":null}}},"fnMap":{"0":{"name":"(anonymous_0)","decl":{"start":{"line":13,"column":6},"end":{"line":13,"column":35}},"loc":{"start":{"line":13,"column":99},"end":{"line":126,"column":null}},"line":13},"1":{"name":"(anonymous_1)","decl":{"start":{"line":16,"column":10},"end":{"line":16,"column":25}},"loc":{"start":{"line":16,"column":82},"end":{"line":18,"column":null}},"line":16},"2":{"name":"(anonymous_2)","decl":{"start":{"line":29,"column":28},"end":{"line":29,"column":42}},"loc":{"start":{"line":29,"column":42},"end":{"line":37,"column":8}},"line":29}},"branchMap":{"0":{"loc":{"start":{"line":14,"column":4},"end":{"line":14,"column":null}},"type":"if","locations":[{"start":{"line":14,"column":4},"end":{"line":14,"column":null}},{"start":{},"end":{}}],"line":14},"1":{"loc":{"start":{"line":17,"column":8},"end":{"line":17,"column":null}},"type":"if","locations":[{"start":{"line":17,"column":8},"end":{"line":17,"column":null}},{"start":{},"end":{}}],"line":17},"2":{"loc":{"start":{"line":17,"column":12},"end":{"line":17,"column":84}},"type":"binary-expr","locations":[{"start":{"line":17,"column":12},"end":{"line":17,"column":37}},{"start":{"line":17,"column":37},"end":{"line":17,"column":58}},{"start":{"line":17,"column":58},"end":{"line":17,"column":70}},{"start":{"line":17,"column":70},"end":{"line":17,"column":84}}],"line":17},"3":{"loc":{"start":{"line":26,"column":27},"end":{"line":26,"column":null}},"type":"binary-expr","locations":[{"start":{"line":26,"column":27},"end":{"line":26,"column":48}},{"start":{"line":26,"column":48},"end":{"line":26,"column":null}}],"line":26},"4":{"loc":{"start":{"line":27,"column":27},"end":{"line":27,"column":null}},"type":"binary-expr","locations":[{"start":{"line":27,"column":27},"end":{"line":27,"column":48}},{"start":{"line":27,"column":48},"end":{"line":27,"column":null}}],"line":27},"5":{"loc":{"start":{"line":31,"column":8},"end":{"line":31,"column":null}},"type":"if","locations":[{"start":{"line":31,"column":8},"end":{"line":31,"column":null}},{"start":{},"end":{}}],"line":31},"6":{"loc":{"start":{"line":33,"column":25},"end":{"line":33,"column":null}},"type":"binary-expr","locations":[{"start":{"line":33,"column":25},"end":{"line":33,"column":69}},{"start":{"line":33,"column":69},"end":{"line":33,"column":103}},{"start":{"line":33,"column":103},"end":{"line":33,"column":null}}],"line":33},"7":{"loc":{"start":{"line":34,"column":23},"end":{"line":34,"column":null}},"type":"binary-expr","locations":[{"start":{"line":34,"column":23},"end":{"line":34,"column":45}},{"start":{"line":34,"column":45},"end":{"line":34,"column":79}},{"start":{"line":34,"column":79},"end":{"line":34,"column":null}}],"line":34},"8":{"loc":{"start":{"line":35,"column":26},"end":{"line":35,"column":null}},"type":"binary-expr","locations":[{"start":{"line":35,"column":26},"end":{"line":35,"column":61}},{"start":{"line":35,"column":61},"end":{"line":35,"column":null}}],"line":35},"9":{"loc":{"start":{"line":48,"column":30},"end":{"line":48,"column":null}},"type":"cond-expr","locations":[{"start":{"line":48,"column":40},"end":{"line":48,"column":58}},{"start":{"line":48,"column":58},"end":{"line":48,"column":null}}],"line":48},"10":{"loc":{"start":{"line":48,"column":58},"end":{"line":48,"column":null}},"type":"cond-expr","locations":[{"start":{"line":48,"column":75},"end":{"line":48,"column":106}},{"start":{"line":48,"column":106},"end":{"line":48,"column":null}}],"line":48},"11":{"loc":{"start":{"line":49,"column":29},"end":{"line":49,"column":69}},"type":"binary-expr","locations":[{"start":{"line":49,"column":29},"end":{"line":49,"column":64}},{"start":{"line":49,"column":64},"end":{"line":49,"column":69}}],"line":49},"12":{"loc":{"start":{"line":49,"column":71},"end":{"line":49,"column":null}},"type":"binary-expr","locations":[{"start":{"line":49,"column":71},"end":{"line":49,"column":82}},{"start":{"line":49,"column":82},"end":{"line":49,"column":null}}],"line":49},"13":{"loc":{"start":{"line":51,"column":85},"end":{"line":51,"column":null}},"type":"cond-expr","locations":[{"start":{"line":51,"column":95},"end":{"line":51,"column":113}},{"start":{"line":51,"column":113},"end":{"line":51,"column":null}}],"line":51},"14":{"loc":{"start":{"line":51,"column":113},"end":{"line":51,"column":null}},"type":"cond-expr","locations":[{"start":{"line":51,"column":130},"end":{"line":51,"column":147}},{"start":{"line":51,"column":147},"end":{"line":51,"column":null}}],"line":51},"15":{"loc":{"start":{"line":56,"column":26},"end":{"line":56,"column":null}},"type":"cond-expr","locations":[{"start":{"line":56,"column":36},"end":{"line":56,"column":66}},{"start":{"line":56,"column":66},"end":{"line":56,"column":null}}],"line":56},"16":{"loc":{"start":{"line":56,"column":66},"end":{"line":56,"column":null}},"type":"cond-expr","locations":[{"start":{"line":56,"column":83},"end":{"line":56,"column":102}},{"start":{"line":56,"column":102},"end":{"line":56,"column":null}}],"line":56},"17":{"loc":{"start":{"line":59,"column":34},"end":{"line":59,"column":null}},"type":"cond-expr","locations":[{"start":{"line":59,"column":44},"end":{"line":59,"column":60}},{"start":{"line":59,"column":60},"end":{"line":59,"column":null}}],"line":59},"18":{"loc":{"start":{"line":60,"column":34},"end":{"line":60,"column":null}},"type":"cond-expr","locations":[{"start":{"line":60,"column":51},"end":{"line":60,"column":123}},{"start":{"line":60,"column":123},"end":{"line":60,"column":null}}],"line":60},"19":{"loc":{"start":{"line":60,"column":123},"end":{"line":60,"column":null}},"type":"cond-expr","locations":[{"start":{"line":60,"column":134},"end":{"line":60,"column":176}},{"start":{"line":60,"column":176},"end":{"line":60,"column":null}}],"line":60},"20":{"loc":{"start":{"line":70,"column":27},"end":{"line":70,"column":139}},"type":"cond-expr","locations":[{"start":{"line":70,"column":49},"end":{"line":70,"column":81}},{"start":{"line":70,"column":81},"end":{"line":70,"column":139}}],"line":70},"21":{"loc":{"start":{"line":70,"column":27},"end":{"line":70,"column":49}},"type":"binary-expr","locations":[{"start":{"line":70,"column":27},"end":{"line":70,"column":38}},{"start":{"line":70,"column":38},"end":{"line":70,"column":49}}],"line":70},"22":{"loc":{"start":{"line":78,"column":85},"end":{"line":78,"column":null}},"type":"cond-expr","locations":[{"start":{"line":78,"column":95},"end":{"line":78,"column":113}},{"start":{"line":78,"column":113},"end":{"line":78,"column":null}}],"line":78},"23":{"loc":{"start":{"line":78,"column":113},"end":{"line":78,"column":null}},"type":"cond-expr","locations":[{"start":{"line":78,"column":130},"end":{"line":78,"column":147}},{"start":{"line":78,"column":147},"end":{"line":78,"column":null}}],"line":78},"24":{"loc":{"start":{"line":82,"column":30},"end":{"line":82,"column":null}},"type":"cond-expr","locations":[{"start":{"line":82,"column":40},"end":{"line":82,"column":58}},{"start":{"line":82,"column":58},"end":{"line":82,"column":null}}],"line":82},"25":{"loc":{"start":{"line":82,"column":58},"end":{"line":82,"column":null}},"type":"cond-expr","locations":[{"start":{"line":82,"column":75},"end":{"line":82,"column":106}},{"start":{"line":82,"column":106},"end":{"line":82,"column":null}}],"line":82},"26":{"loc":{"start":{"line":83,"column":29},"end":{"line":83,"column":50}},"type":"binary-expr","locations":[{"start":{"line":83,"column":29},"end":{"line":83,"column":40}},{"start":{"line":83,"column":40},"end":{"line":83,"column":50}}],"line":83},"27":{"loc":{"start":{"line":83,"column":52},"end":{"line":83,"column":null}},"type":"binary-expr","locations":[{"start":{"line":83,"column":52},"end":{"line":83,"column":87}},{"start":{"line":83,"column":87},"end":{"line":83,"column":null}}],"line":83},"28":{"loc":{"start":{"line":87,"column":26},"end":{"line":87,"column":null}},"type":"cond-expr","locations":[{"start":{"line":87,"column":36},"end":{"line":87,"column":66}},{"start":{"line":87,"column":66},"end":{"line":87,"column":null}}],"line":87},"29":{"loc":{"start":{"line":87,"column":66},"end":{"line":87,"column":null}},"type":"cond-expr","locations":[{"start":{"line":87,"column":83},"end":{"line":87,"column":102}},{"start":{"line":87,"column":102},"end":{"line":87,"column":null}}],"line":87},"30":{"loc":{"start":{"line":90,"column":34},"end":{"line":90,"column":null}},"type":"cond-expr","locations":[{"start":{"line":90,"column":44},"end":{"line":90,"column":60}},{"start":{"line":90,"column":60},"end":{"line":90,"column":null}}],"line":90},"31":{"loc":{"start":{"line":91,"column":34},"end":{"line":91,"column":null}},"type":"cond-expr","locations":[{"start":{"line":91,"column":51},"end":{"line":91,"column":123}},{"start":{"line":91,"column":123},"end":{"line":91,"column":null}}],"line":91},"32":{"loc":{"start":{"line":91,"column":123},"end":{"line":91,"column":null}},"type":"cond-expr","locations":[{"start":{"line":91,"column":134},"end":{"line":91,"column":176}},{"start":{"line":91,"column":176},"end":{"line":91,"column":null}}],"line":91},"33":{"loc":{"start":{"line":100,"column":13},"end":{"line":108,"column":null}},"type":"binary-expr","locations":[{"start":{"line":100,"column":13},"end":{"line":100,"column":null}},{"start":{"line":101,"column":16},"end":{"line":108,"column":null}}],"line":100},"34":{"loc":{"start":{"line":113,"column":17},"end":{"line":116,"column":null}},"type":"binary-expr","locations":[{"start":{"line":113,"column":17},"end":{"line":113,"column":48}},{"start":{"line":113,"column":48},"end":{"line":113,"column":null}},{"start":{"line":114,"column":20},"end":{"line":116,"column":null}}],"line":113},"35":{"loc":{"start":{"line":118,"column":17},"end":{"line":121,"column":null}},"type":"binary-expr","locations":[{"start":{"line":118,"column":17},"end":{"line":118,"column":null}},{"start":{"line":119,"column":20},"end":{"line":121,"column":null}}],"line":118},"36":{"loc":{"start":{"line":123,"column":17},"end":{"line":126,"column":null}},"type":"binary-expr","locations":[{"start":{"line":123,"column":17},"end":{"line":123,"column":null}},{"start":{"line":124,"column":20},"end":{"line":126,"column":null}}],"line":123}},"s":{"0":1,"1":1,"2":0,"3":1,"4":2,"5":1,"6":1,"7":1,"8":1,"9":1,"10":1,"11":1,"12":1,"13":1,"14":1,"15":1,"16":0,"17":1,"18":1},"f":{"0":1,"1":2,"2":1},"b":{"0":[0,1],"1":[1,1],"2":[2,2,2,2],"3":[1,1],"4":[1,1],"5":[0,1],"6":[1,1,1],"7":[1,0,0],"8":[1,0],"9":[0,1],"10":[1,0],"11":[1,0],"12":[1,0],"13":[0,1],"14":[1,0],"15":[0,1],"16":[1,0],"17":[0,1],"18":[1,0],"19":[0,0],"20":[1,0],"21":[1,1],"22":[1,0],"23":[0,0],"24":[1,0],"25":[0,0],"26":[1,1],"27":[1,0],"28":[1,0],"29":[0,0],"30":[1,0],"31":[0,1],"32":[0,1],"33":[1,1],"34":[1,1,1],"35":[1,0],"36":[1,0]},"meta":{"lastBranch":37,"lastFunction":3,"lastStatement":19,"seen":{"s:13:6:126:Infinity":0,"f:13:6:13:35":0,"b:14:4:14:Infinity:undefined:undefined:undefined:undefined":0,"s:14:4:14:Infinity":1,"s:14:20:14:Infinity":2,"s:16:10:18:Infinity":3,"f:16:10:16:25":1,"b:17:8:17:Infinity:undefined:undefined:undefined:undefined":1,"s:17:8:17:Infinity":4,"b:17:12:17:37:17:37:17:58:17:58:17:70:17:70:17:84":2,"s:17:84:17:Infinity":5,"s:18:8:18:Infinity":6,"s:21:25:21:114":7,"s:22:25:22:114":8,"s:24:20:24:Infinity":9,"s:25:20:25:Infinity":10,"s:26:27:26:Infinity":11,"b:26:27:26:48:26:48:26:Infinity":3,"s:27:27:27:Infinity":12,"b:27:27:27:48:27:48:27:Infinity":4,"s:29:10:37:38":13,"f:29:28:29:42":2,"s:30:27:30:Infinity":14,"b:31:8:31:Infinity:undefined:undefined:undefined:undefined":5,"s:31:8:31:Infinity":15,"s:31:25:31:Infinity":16,"s:32:8:36:Infinity":17,"b:33:25:33:69:33:69:33:103:33:103:33:Infinity":6,"b:34:23:34:45:34:45:34:79:34:79:34:Infinity":7,"b:35:26:35:61:35:61:35:Infinity":8,"s:39:4:126:Infinity":18,"b:48:40:48:58:48:58:48:Infinity":9,"b:48:75:48:106:48:106:48:Infinity":10,"b:49:29:49:64:49:64:49:69":11,"b:49:71:49:82:49:82:49:Infinity":12,"b:51:95:51:113:51:113:51:Infinity":13,"b:51:130:51:147:51:147:51:Infinity":14,"b:56:36:56:66:56:66:56:Infinity":15,"b:56:83:56:102:56:102:56:Infinity":16,"b:59:44:59:60:59:60:59:Infinity":17,"b:60:51:60:123:60:123:60:Infinity":18,"b:60:134:60:176:60:176:60:Infinity":19,"b:70:49:70:81:70:81:70:139":20,"b:70:27:70:38:70:38:70:49":21,"b:78:95:78:113:78:113:78:Infinity":22,"b:78:130:78:147:78:147:78:Infinity":23,"b:82:40:82:58:82:58:82:Infinity":24,"b:82:75:82:106:82:106:82:Infinity":25,"b:83:29:83:40:83:40:83:50":26,"b:83:52:83:87:83:87:83:Infinity":27,"b:87:36:87:66:87:66:87:Infinity":28,"b:87:83:87:102:87:102:87:Infinity":29,"b:90:44:90:60:90:60:90:Infinity":30,"b:91:51:91:123:91:123:91:Infinity":31,"b:91:134:91:176:91:176:91:Infinity":32,"b:100:13:100:Infinity:101:16:108:Infinity":33,"b:113:17:113:48:113:48:113:Infinity:114:20:116:Infinity":34,"b:118:17:118:Infinity:119:20:121:Infinity":35,"b:123:17:123:Infinity:124:20:126:Infinity":36}}}
,"C:\\Users\\range\\OneDrive\\Escritorio\\fight club front\\LAMENTACIONES_FRONTEND\\fight-club\\src\\modules\\Fight\\Components\\EnviromentFight\\FightResultScreen.tsx": {"path":"C:\\Users\\range\\OneDrive\\Escritorio\\fight club front\\LAMENTACIONES_FRONTEND\\fight-club\\src\\modules\\Fight\\Components\\EnviromentFight\\FightResultScreen.tsx","statementMap":{"0":{"start":{"line":16,"column":25},"end":{"line":16,"column":null}},"1":{"start":{"line":18,"column":22},"end":{"line":22,"column":null}},"2":{"start":{"line":32,"column":10},"end":{"line":32,"column":53}},"3":{"start":{"line":33,"column":10},"end":{"line":33,"column":44}},"4":{"start":{"line":34,"column":10},"end":{"line":34,"column":39}},"5":{"start":{"line":36,"column":10},"end":{"line":47,"column":14}},"6":{"start":{"line":37,"column":8},"end":{"line":46,"column":11}},"7":{"start":{"line":37,"column":42},"end":{"line":46,"column":11}},"8":{"start":{"line":49,"column":4},"end":{"line":86,"column":null}},"9":{"start":{"line":50,"column":23},"end":{"line":50,"column":null}},"10":{"start":{"line":51,"column":8},"end":{"line":51,"column":null}},"11":{"start":{"line":51,"column":21},"end":{"line":51,"column":null}},"12":{"start":{"line":52,"column":20},"end":{"line":52,"column":43}},"13":{"start":{"line":54,"column":14},"end":{"line":57,"column":null}},"14":{"start":{"line":55,"column":12},"end":{"line":55,"column":null}},"15":{"start":{"line":56,"column":12},"end":{"line":56,"column":null}},"16":{"start":{"line":57,"column":12},"end":{"line":57,"column":null}},"17":{"start":{"line":59,"column":8},"end":{"line":59,"column":null}},"18":{"start":{"line":60,"column":8},"end":{"line":60,"column":null}},"19":{"start":{"line":62,"column":14},"end":{"line":78,"column":null}},"20":{"start":{"line":63,"column":12},"end":{"line":63,"column":null}},"21":{"start":{"line":64,"column":12},"end":{"line":76,"column":null}},"22":{"start":{"line":65,"column":16},"end":{"line":65,"column":null}},"23":{"start":{"line":66,"column":16},"end":{"line":66,"column":null}},"24":{"start":{"line":67,"column":16},"end":{"line":67,"column":null}},"25":{"start":{"line":68,"column":16},"end":{"line":71,"column":null}},"26":{"start":{"line":69,"column":20},"end":{"line":69,"column":null}},"27":{"start":{"line":70,"column":20},"end":{"line":70,"column":null}},"28":{"start":{"line":71,"column":20},"end":{"line":71,"column":null}},"29":{"start":{"line":73,"column":16},"end":{"line":73,"column":null}},"30":{"start":{"line":74,"column":16},"end":{"line":74,"column":null}},"31":{"start":{"line":75,"column":16},"end":{"line":75,"column":null}},"32":{"start":{"line":77,"column":12},"end":{"line":77,"column":null}},"33":{"start":{"line":78,"column":12},"end":{"line":78,"column":null}},"34":{"start":{"line":80,"column":8},"end":{"line":80,"column":null}},"35":{"start":{"line":82,"column":8},"end":{"line":84,"column":null}},"36":{"start":{"line":83,"column":12},"end":{"line":83,"column":null}},"37":{"start":{"line":84,"column":12},"end":{"line":84,"column":null}},"38":{"start":{"line":88,"column":4},"end":{"line":88,"column":null}},"39":{"start":{"line":92,"column":4},"end":{"line":92,"column":null}},"40":{"start":{"line":92,"column":15},"end":{"line":92,"column":null}},"41":{"start":{"line":93,"column":4},"end":{"line":93,"column":null}},"42":{"start":{"line":93,"column":36},"end":{"line":93,"column":41}},"43":{"start":{"line":97,"column":4},"end":{"line":97,"column":null}},"44":{"start":{"line":97,"column":39},"end":{"line":97,"column":null}},"45":{"start":{"line":98,"column":4},"end":{"line":98,"column":null}},"46":{"start":{"line":102,"column":4},"end":{"line":102,"column":null}},"47":{"start":{"line":102,"column":18},"end":{"line":102,"column":null}},"48":{"start":{"line":103,"column":4},"end":{"line":103,"column":null}},"49":{"start":{"line":103,"column":18},"end":{"line":103,"column":null}},"50":{"start":{"line":104,"column":4},"end":{"line":104,"column":null}},"51":{"start":{"line":107,"column":13},"end":{"line":259,"column":null}},"52":{"start":{"line":108,"column":10},"end":{"line":108,"column":37}},"53":{"start":{"line":109,"column":15},"end":{"line":109,"column":50}},"54":{"start":{"line":110,"column":24},"end":{"line":110,"column":null}},"55":{"start":{"line":111,"column":24},"end":{"line":111,"column":50}},"56":{"start":{"line":113,"column":26},"end":{"line":113,"column":null}},"57":{"start":{"line":114,"column":26},"end":{"line":114,"column":null}},"58":{"start":{"line":116,"column":22},"end":{"line":116,"column":null}},"59":{"start":{"line":117,"column":22},"end":{"line":117,"column":null}},"60":{"start":{"line":118,"column":22},"end":{"line":118,"column":null}},"61":{"start":{"line":120,"column":21},"end":{"line":120,"column":94}},"62":{"start":{"line":121,"column":21},"end":{"line":121,"column":90}},"63":{"start":{"line":122,"column":21},"end":{"line":122,"column":null}},"64":{"start":{"line":123,"column":26},"end":{"line":123,"column":43}},"65":{"start":{"line":125,"column":24},"end":{"line":125,"column":null}},"66":{"start":{"line":126,"column":24},"end":{"line":126,"column":null}},"67":{"start":{"line":127,"column":24},"end":{"line":127,"column":null}},"68":{"start":{"line":129,"column":20},"end":{"line":131,"column":null}},"69":{"start":{"line":133,"column":20},"end":{"line":135,"column":null}},"70":{"start":{"line":137,"column":4},"end":{"line":141,"column":null}},"71":{"start":{"line":138,"column":8},"end":{"line":138,"column":null}},"72":{"start":{"line":138,"column":23},"end":{"line":138,"column":62}},"73":{"start":{"line":138,"column":62},"end":{"line":138,"column":null}},"74":{"start":{"line":139,"column":18},"end":{"line":139,"column":59}},"75":{"start":{"line":139,"column":35},"end":{"line":139,"column":52}},"76":{"start":{"line":139,"column":46},"end":{"line":139,"column":52}},"77":{"start":{"line":140,"column":8},"end":{"line":140,"column":null}},"78":{"start":{"line":140,"column":21},"end":{"line":140,"column":36}},"79":{"start":{"line":143,"column":4},"end":{"line":259,"column":null}},"80":{"start":{"line":213,"column":20},"end":{"line":216,"column":null}},"81":{"start":{"line":250,"column":35},"end":{"line":250,"column":72}}},"fnMap":{"0":{"name":"useParticles","decl":{"start":{"line":31,"column":9},"end":{"line":31,"column":22}},"loc":{"start":{"line":31,"column":37},"end":{"line":88,"column":null}},"line":31},"1":{"name":"(anonymous_1)","decl":{"start":{"line":36,"column":18},"end":{"line":36,"column":31}},"loc":{"start":{"line":37,"column":8},"end":{"line":46,"column":11}},"line":37},"2":{"name":"(anonymous_2)","decl":{"start":{"line":37,"column":33},"end":{"line":37,"column":42}},"loc":{"start":{"line":37,"column":42},"end":{"line":46,"column":11}},"line":37},"3":{"name":"(anonymous_3)","decl":{"start":{"line":49,"column":4},"end":{"line":49,"column":20}},"loc":{"start":{"line":49,"column":20},"end":{"line":86,"column":8}},"line":49},"4":{"name":"(anonymous_4)","decl":{"start":{"line":54,"column":14},"end":{"line":54,"column":29}},"loc":{"start":{"line":54,"column":29},"end":{"line":57,"column":null}},"line":54},"5":{"name":"(anonymous_5)","decl":{"start":{"line":62,"column":14},"end":{"line":62,"column":27}},"loc":{"start":{"line":62,"column":27},"end":{"line":78,"column":null}},"line":62},"6":{"name":"(anonymous_6)","decl":{"start":{"line":64,"column":30},"end":{"line":64,"column":38}},"loc":{"start":{"line":64,"column":43},"end":{"line":76,"column":null}},"line":64},"7":{"name":"(anonymous_7)","decl":{"start":{"line":82,"column":8},"end":{"line":82,"column":21}},"loc":{"start":{"line":82,"column":21},"end":{"line":84,"column":null}},"line":82},"8":{"name":"initials","decl":{"start":{"line":91,"column":9},"end":{"line":91,"column":18}},"loc":{"start":{"line":91,"column":33},"end":{"line":93,"column":null}},"line":91},"9":{"name":"(anonymous_9)","decl":{"start":{"line":93,"column":27},"end":{"line":93,"column":31}},"loc":{"start":{"line":93,"column":36},"end":{"line":93,"column":41}},"line":93},"10":{"name":"hpPercent","decl":{"start":{"line":96,"column":9},"end":{"line":96,"column":19}},"loc":{"start":{"line":96,"column":51},"end":{"line":98,"column":null}},"line":96},"11":{"name":"hpColor","decl":{"start":{"line":101,"column":9},"end":{"line":101,"column":17}},"loc":{"start":{"line":101,"column":30},"end":{"line":104,"column":null}},"line":101},"12":{"name":"(anonymous_12)","decl":{"start":{"line":107,"column":13},"end":{"line":107,"column":51}},"loc":{"start":{"line":107,"column":133},"end":{"line":259,"column":null}},"line":107},"13":{"name":"(anonymous_13)","decl":{"start":{"line":137,"column":4},"end":{"line":137,"column":20}},"loc":{"start":{"line":137,"column":20},"end":{"line":141,"column":8}},"line":137},"14":{"name":"(anonymous_14)","decl":{"start":{"line":139,"column":18},"end":{"line":139,"column":35}},"loc":{"start":{"line":139,"column":35},"end":{"line":139,"column":52}},"line":139},"15":{"name":"(anonymous_15)","decl":{"start":{"line":139,"column":35},"end":{"line":139,"column":41}},"loc":{"start":{"line":139,"column":46},"end":{"line":139,"column":52}},"line":139},"16":{"name":"(anonymous_16)","decl":{"start":{"line":140,"column":8},"end":{"line":140,"column":21}},"loc":{"start":{"line":140,"column":21},"end":{"line":140,"column":36}},"line":140},"17":{"name":"(anonymous_17)","decl":{"start":{"line":212,"column":22},"end":{"line":212,"column":26}},"loc":{"start":{"line":213,"column":20},"end":{"line":216,"column":null}},"line":213},"18":{"name":"(anonymous_18)","decl":{"start":{"line":250,"column":20},"end":{"line":250,"column":35}},"loc":{"start":{"line":250,"column":35},"end":{"line":250,"column":72}},"line":250}},"branchMap":{"0":{"loc":{"start":{"line":51,"column":8},"end":{"line":51,"column":null}},"type":"if","locations":[{"start":{"line":51,"column":8},"end":{"line":51,"column":null}},{"start":{},"end":{}}],"line":51},"1":{"loc":{"start":{"line":68,"column":16},"end":{"line":71,"column":null}},"type":"if","locations":[{"start":{"line":68,"column":16},"end":{"line":71,"column":null}},{"start":{},"end":{}}],"line":68},"2":{"loc":{"start":{"line":92,"column":4},"end":{"line":92,"column":null}},"type":"if","locations":[{"start":{"line":92,"column":4},"end":{"line":92,"column":null}},{"start":{},"end":{}}],"line":92},"3":{"loc":{"start":{"line":97,"column":4},"end":{"line":97,"column":null}},"type":"if","locations":[{"start":{"line":97,"column":4},"end":{"line":97,"column":null}},{"start":{},"end":{}}],"line":97},"4":{"loc":{"start":{"line":97,"column":8},"end":{"line":97,"column":39}},"type":"binary-expr","locations":[{"start":{"line":97,"column":8},"end":{"line":97,"column":20}},{"start":{"line":97,"column":20},"end":{"line":97,"column":28}},{"start":{"line":97,"column":28},"end":{"line":97,"column":39}}],"line":97},"5":{"loc":{"start":{"line":102,"column":4},"end":{"line":102,"column":null}},"type":"if","locations":[{"start":{"line":102,"column":4},"end":{"line":102,"column":null}},{"start":{},"end":{}}],"line":102},"6":{"loc":{"start":{"line":103,"column":4},"end":{"line":103,"column":null}},"type":"if","locations":[{"start":{"line":103,"column":4},"end":{"line":103,"column":null}},{"start":{},"end":{}}],"line":103},"7":{"loc":{"start":{"line":113,"column":26},"end":{"line":113,"column":null}},"type":"binary-expr","locations":[{"start":{"line":113,"column":26},"end":{"line":113,"column":45}},{"start":{"line":113,"column":45},"end":{"line":113,"column":81}},{"start":{"line":113,"column":81},"end":{"line":113,"column":null}}],"line":113},"8":{"loc":{"start":{"line":114,"column":26},"end":{"line":114,"column":null}},"type":"binary-expr","locations":[{"start":{"line":114,"column":26},"end":{"line":114,"column":45}},{"start":{"line":114,"column":45},"end":{"line":114,"column":81}},{"start":{"line":114,"column":81},"end":{"line":114,"column":null}}],"line":114},"9":{"loc":{"start":{"line":117,"column":22},"end":{"line":117,"column":null}},"type":"cond-expr","locations":[{"start":{"line":117,"column":34},"end":{"line":117,"column":55}},{"start":{"line":117,"column":55},"end":{"line":117,"column":null}}],"line":117},"10":{"loc":{"start":{"line":118,"column":22},"end":{"line":118,"column":null}},"type":"cond-expr","locations":[{"start":{"line":118,"column":34},"end":{"line":118,"column":55}},{"start":{"line":118,"column":55},"end":{"line":118,"column":null}}],"line":118},"11":{"loc":{"start":{"line":122,"column":21},"end":{"line":122,"column":null}},"type":"cond-expr","locations":[{"start":{"line":122,"column":40},"end":{"line":122,"column":47}},{"start":{"line":122,"column":47},"end":{"line":122,"column":null}}],"line":122},"12":{"loc":{"start":{"line":129,"column":20},"end":{"line":131,"column":null}},"type":"cond-expr","locations":[{"start":{"line":129,"column":40},"end":{"line":129,"column":null}},{"start":{"line":130,"column":11},"end":{"line":131,"column":null}}],"line":129},"13":{"loc":{"start":{"line":130,"column":11},"end":{"line":131,"column":null}},"type":"cond-expr","locations":[{"start":{"line":130,"column":32},"end":{"line":130,"column":null}},{"start":{"line":131,"column":32},"end":{"line":131,"column":null}}],"line":130},"14":{"loc":{"start":{"line":130,"column":32},"end":{"line":130,"column":null}},"type":"cond-expr","locations":[{"start":{"line":130,"column":45},"end":{"line":130,"column":59}},{"start":{"line":130,"column":59},"end":{"line":130,"column":null}}],"line":130},"15":{"loc":{"start":{"line":131,"column":32},"end":{"line":131,"column":null}},"type":"cond-expr","locations":[{"start":{"line":131,"column":45},"end":{"line":131,"column":59}},{"start":{"line":131,"column":59},"end":{"line":131,"column":null}}],"line":131},"16":{"loc":{"start":{"line":133,"column":20},"end":{"line":135,"column":null}},"type":"cond-expr","locations":[{"start":{"line":133,"column":40},"end":{"line":133,"column":null}},{"start":{"line":134,"column":11},"end":{"line":135,"column":null}}],"line":133},"17":{"loc":{"start":{"line":134,"column":11},"end":{"line":135,"column":null}},"type":"cond-expr","locations":[{"start":{"line":134,"column":32},"end":{"line":134,"column":null}},{"start":{"line":135,"column":32},"end":{"line":135,"column":null}}],"line":134},"18":{"loc":{"start":{"line":134,"column":32},"end":{"line":134,"column":null}},"type":"cond-expr","locations":[{"start":{"line":134,"column":45},"end":{"line":134,"column":59}},{"start":{"line":134,"column":59},"end":{"line":134,"column":null}}],"line":134},"19":{"loc":{"start":{"line":135,"column":32},"end":{"line":135,"column":null}},"type":"cond-expr","locations":[{"start":{"line":135,"column":45},"end":{"line":135,"column":59}},{"start":{"line":135,"column":59},"end":{"line":135,"column":null}}],"line":135},"20":{"loc":{"start":{"line":138,"column":8},"end":{"line":138,"column":null}},"type":"if","locations":[{"start":{"line":138,"column":8},"end":{"line":138,"column":null}},{"start":{},"end":{}}],"line":138},"21":{"loc":{"start":{"line":211,"column":59},"end":{"line":211,"column":92}},"type":"binary-expr","locations":[{"start":{"line":211,"column":59},"end":{"line":211,"column":88}},{"start":{"line":211,"column":88},"end":{"line":211,"column":92}}],"line":211},"22":{"loc":{"start":{"line":220,"column":21},"end":{"line":227,"column":null}},"type":"binary-expr","locations":[{"start":{"line":220,"column":21},"end":{"line":220,"column":null}},{"start":{"line":221,"column":24},"end":{"line":227,"column":null}}],"line":220},"23":{"loc":{"start":{"line":224,"column":39},"end":{"line":224,"column":null}},"type":"cond-expr","locations":[{"start":{"line":224,"column":59},"end":{"line":224,"column":71}},{"start":{"line":224,"column":71},"end":{"line":224,"column":null}}],"line":224},"24":{"loc":{"start":{"line":226,"column":33},"end":{"line":226,"column":null}},"type":"cond-expr","locations":[{"start":{"line":226,"column":53},"end":{"line":226,"column":74}},{"start":{"line":226,"column":74},"end":{"line":226,"column":null}}],"line":226},"25":{"loc":{"start":{"line":233,"column":17},"end":{"line":244,"column":null}},"type":"binary-expr","locations":[{"start":{"line":233,"column":17},"end":{"line":233,"column":null}},{"start":{"line":234,"column":20},"end":{"line":244,"column":null}}],"line":233}},"s":{"0":2,"1":2,"2":2,"3":2,"4":2,"5":2,"6":2,"7":120,"8":2,"9":2,"10":2,"11":0,"12":2,"13":2,"14":2,"15":2,"16":2,"17":2,"18":2,"19":2,"20":5,"21":5,"22":300,"23":300,"24":300,"25":300,"26":0,"27":0,"28":0,"29":300,"30":300,"31":300,"32":5,"33":5,"34":2,"35":2,"36":2,"37":2,"38":2,"39":4,"40":0,"41":4,"42":4,"43":4,"44":1,"45":3,"46":4,"47":2,"48":2,"49":0,"50":2,"51":2,"52":2,"53":2,"54":2,"55":2,"56":2,"57":2,"58":2,"59":2,"60":2,"61":2,"62":2,"63":2,"64":2,"65":2,"66":2,"67":2,"68":2,"69":2,"70":2,"71":2,"72":0,"73":0,"74":2,"75":0,"76":0,"77":2,"78":2,"79":2,"80":6,"81":1},"f":{"0":2,"1":2,"2":120,"3":2,"4":2,"5":5,"6":300,"7":2,"8":4,"9":4,"10":4,"11":4,"12":2,"13":2,"14":0,"15":0,"16":2,"17":6,"18":1},"b":{"0":[0,2],"1":[0,300],"2":[0,4],"3":[1,3],"4":[4,3,3],"5":[2,2],"6":[0,2],"7":[2,0,0],"8":[2,0,0],"9":[2,0],"10":[2,0],"11":[2,0],"12":[0,2],"13":[2,0],"14":[2,0],"15":[0,0],"16":[0,2],"17":[2,0],"18":[0,2],"19":[0,0],"20":[0,2],"21":[2,0],"22":[2,2],"23":[2,0],"24":[2,0],"25":[2,2]},"meta":{"lastBranch":26,"lastFunction":19,"lastStatement":82,"seen":{"s:16:25:16:Infinity":0,"s:18:22:22:Infinity":1,"f:31:9:31:22":0,"s:32:10:32:53":2,"s:33:10:33:44":3,"s:34:10:34:39":4,"s:36:10:47:14":5,"f:36:18:36:31":1,"s:37:8:46:11":6,"f:37:33:37:42":2,"s:37:42:46:11":7,"s:49:4:86:Infinity":8,"f:49:4:49:20":3,"s:50:23:50:Infinity":9,"b:51:8:51:Infinity:undefined:undefined:undefined:undefined":0,"s:51:8:51:Infinity":10,"s:51:21:51:Infinity":11,"s:52:20:52:43":12,"s:54:14:57:Infinity":13,"f:54:14:54:29":4,"s:55:12:55:Infinity":14,"s:56:12:56:Infinity":15,"s:57:12:57:Infinity":16,"s:59:8:59:Infinity":17,"s:60:8:60:Infinity":18,"s:62:14:78:Infinity":19,"f:62:14:62:27":5,"s:63:12:63:Infinity":20,"s:64:12:76:Infinity":21,"f:64:30:64:38":6,"s:65:16:65:Infinity":22,"s:66:16:66:Infinity":23,"s:67:16:67:Infinity":24,"b:68:16:71:Infinity:undefined:undefined:undefined:undefined":1,"s:68:16:71:Infinity":25,"s:69:20:69:Infinity":26,"s:70:20:70:Infinity":27,"s:71:20:71:Infinity":28,"s:73:16:73:Infinity":29,"s:74:16:74:Infinity":30,"s:75:16:75:Infinity":31,"s:77:12:77:Infinity":32,"s:78:12:78:Infinity":33,"s:80:8:80:Infinity":34,"s:82:8:84:Infinity":35,"f:82:8:82:21":7,"s:83:12:83:Infinity":36,"s:84:12:84:Infinity":37,"s:88:4:88:Infinity":38,"f:91:9:91:18":8,"b:92:4:92:Infinity:undefined:undefined:undefined:undefined":2,"s:92:4:92:Infinity":39,"s:92:15:92:Infinity":40,"s:93:4:93:Infinity":41,"f:93:27:93:31":9,"s:93:36:93:41":42,"f:96:9:96:19":10,"b:97:4:97:Infinity:undefined:undefined:undefined:undefined":3,"s:97:4:97:Infinity":43,"b:97:8:97:20:97:20:97:28:97:28:97:39":4,"s:97:39:97:Infinity":44,"s:98:4:98:Infinity":45,"f:101:9:101:17":11,"b:102:4:102:Infinity:undefined:undefined:undefined:undefined":5,"s:102:4:102:Infinity":46,"s:102:18:102:Infinity":47,"b:103:4:103:Infinity:undefined:undefined:undefined:undefined":6,"s:103:4:103:Infinity":48,"s:103:18:103:Infinity":49,"s:104:4:104:Infinity":50,"s:107:13:259:Infinity":51,"f:107:13:107:51":12,"s:108:10:108:37":52,"s:109:15:109:50":53,"s:110:24:110:Infinity":54,"s:111:24:111:50":55,"s:113:26:113:Infinity":56,"b:113:26:113:45:113:45:113:81:113:81:113:Infinity":7,"s:114:26:114:Infinity":57,"b:114:26:114:45:114:45:114:81:114:81:114:Infinity":8,"s:116:22:116:Infinity":58,"s:117:22:117:Infinity":59,"b:117:34:117:55:117:55:117:Infinity":9,"s:118:22:118:Infinity":60,"b:118:34:118:55:118:55:118:Infinity":10,"s:120:21:120:94":61,"s:121:21:121:90":62,"s:122:21:122:Infinity":63,"b:122:40:122:47:122:47:122:Infinity":11,"s:123:26:123:43":64,"s:125:24:125:Infinity":65,"s:126:24:126:Infinity":66,"s:127:24:127:Infinity":67,"s:129:20:131:Infinity":68,"b:129:40:129:Infinity:130:11:131:Infinity":12,"b:130:32:130:Infinity:131:32:131:Infinity":13,"b:130:45:130:59:130:59:130:Infinity":14,"b:131:45:131:59:131:59:131:Infinity":15,"s:133:20:135:Infinity":69,"b:133:40:133:Infinity:134:11:135:Infinity":16,"b:134:32:134:Infinity:135:32:135:Infinity":17,"b:134:45:134:59:134:59:134:Infinity":18,"b:135:45:135:59:135:59:135:Infinity":19,"s:137:4:141:Infinity":70,"f:137:4:137:20":13,"b:138:8:138:Infinity:undefined:undefined:undefined:undefined":20,"s:138:8:138:Infinity":71,"s:138:23:138:62":72,"s:138:62:138:Infinity":73,"s:139:18:139:59":74,"f:139:18:139:35":14,"s:139:35:139:52":75,"f:139:35:139:41":15,"s:139:46:139:52":76,"s:140:8:140:Infinity":77,"f:140:8:140:21":16,"s:140:21:140:36":78,"s:143:4:259:Infinity":79,"b:211:59:211:88:211:88:211:92":21,"f:212:22:212:26":17,"s:213:20:216:Infinity":80,"b:220:21:220:Infinity:221:24:227:Infinity":22,"b:224:59:224:71:224:71:224:Infinity":23,"b:226:53:226:74:226:74:226:Infinity":24,"b:233:17:233:Infinity:234:20:244:Infinity":25,"f:250:20:250:35":18,"s:250:35:250:72":81}}}
,"C:\\Users\\range\\OneDrive\\Escritorio\\fight club front\\LAMENTACIONES_FRONTEND\\fight-club\\src\\modules\\Fight\\Components\\EnviromentFight\\VoiceChatPanel.tsx": {"path":"C:\\Users\\range\\OneDrive\\Escritorio\\fight club front\\LAMENTACIONES_FRONTEND\\fight-club\\src\\modules\\Fight\\Components\\EnviromentFight\\VoiceChatPanel.tsx","statementMap":{"0":{"start":{"line":31,"column":20},"end":{"line":50,"column":null}},"1":{"start":{"line":53,"column":26},"end":{"line":73,"column":null}},"2":{"start":{"line":76,"column":22},"end":{"line":76,"column":76}},"3":{"start":{"line":77,"column":23},"end":{"line":77,"column":null}},"4":{"start":{"line":78,"column":25},"end":{"line":78,"column":null}},"5":{"start":{"line":79,"column":4},"end":{"line":86,"column":null}},"6":{"start":{"line":80,"column":18},"end":{"line":80,"column":68}},"7":{"start":{"line":81,"column":18},"end":{"line":81,"column":52}},"8":{"start":{"line":82,"column":8},"end":{"line":83,"column":null}},"9":{"start":{"line":83,"column":12},"end":{"line":83,"column":null}},"10":{"start":{"line":85,"column":8},"end":{"line":85,"column":null}},"11":{"start":{"line":87,"column":4},"end":{"line":87,"column":null}},"12":{"start":{"line":90,"column":13},"end":{"line":1084,"column":null}},"13":{"start":{"line":93,"column":21},"end":{"line":93,"column":59}},"14":{"start":{"line":94,"column":18},"end":{"line":94,"column":42}},"15":{"start":{"line":95,"column":22},"end":{"line":95,"column":53}},"16":{"start":{"line":96,"column":23},"end":{"line":96,"column":55}},"17":{"start":{"line":97,"column":20},"end":{"line":97,"column":49}},"18":{"start":{"line":98,"column":21},"end":{"line":98,"column":51}},"19":{"start":{"line":99,"column":10},"end":{"line":99,"column":37}},"20":{"start":{"line":100,"column":4},"end":{"line":100,"column":null}},"21":{"start":{"line":100,"column":22},"end":{"line":100,"column":57}},"22":{"start":{"line":101,"column":23},"end":{"line":101,"column":55}},"23":{"start":{"line":102,"column":21},"end":{"line":102,"column":51}},"24":{"start":{"line":103,"column":25},"end":{"line":103,"column":59}},"25":{"start":{"line":104,"column":26},"end":{"line":104,"column":57}},"26":{"start":{"line":105,"column":22},"end":{"line":105,"column":57}},"27":{"start":{"line":106,"column":30},"end":{"line":106,"column":69}},"28":{"start":{"line":107,"column":10},"end":{"line":107,"column":44}},"29":{"start":{"line":108,"column":28},"end":{"line":108,"column":65}},"30":{"start":{"line":109,"column":10},"end":{"line":109,"column":77}},"31":{"start":{"line":110,"column":18},"end":{"line":110,"column":52}},"32":{"start":{"line":111,"column":21},"end":{"line":111,"column":95}},"33":{"start":{"line":112,"column":26},"end":{"line":112,"column":77}},"34":{"start":{"line":113,"column":23},"end":{"line":113,"column":72}},"35":{"start":{"line":114,"column":4},"end":{"line":114,"column":null}},"36":{"start":{"line":114,"column":22},"end":{"line":114,"column":61}},"37":{"start":{"line":115,"column":10},"end":{"line":115,"column":55}},"38":{"start":{"line":116,"column":10},"end":{"line":116,"column":59}},"39":{"start":{"line":117,"column":10},"end":{"line":117,"column":74}},"40":{"start":{"line":118,"column":10},"end":{"line":118,"column":76}},"41":{"start":{"line":119,"column":10},"end":{"line":119,"column":39}},"42":{"start":{"line":120,"column":10},"end":{"line":120,"column":82}},"43":{"start":{"line":121,"column":10},"end":{"line":121,"column":57}},"44":{"start":{"line":122,"column":10},"end":{"line":122,"column":83}},"45":{"start":{"line":123,"column":10},"end":{"line":123,"column":69}},"46":{"start":{"line":124,"column":10},"end":{"line":124,"column":56}},"47":{"start":{"line":125,"column":10},"end":{"line":133,"column":10}},"48":{"start":{"line":126,"column":8},"end":{"line":126,"column":null}},"49":{"start":{"line":126,"column":43},"end":{"line":126,"column":53}},"50":{"start":{"line":127,"column":8},"end":{"line":127,"column":null}},"51":{"start":{"line":128,"column":8},"end":{"line":128,"column":null}},"52":{"start":{"line":128,"column":47},"end":{"line":128,"column":101}},"53":{"start":{"line":128,"column":53},"end":{"line":128,"column":92}},"54":{"start":{"line":128,"column":71},"end":{"line":128,"column":92}},"55":{"start":{"line":129,"column":8},"end":{"line":129,"column":null}},"56":{"start":{"line":130,"column":8},"end":{"line":130,"column":null}},"57":{"start":{"line":131,"column":8},"end":{"line":131,"column":null}},"58":{"start":{"line":132,"column":8},"end":{"line":132,"column":null}},"59":{"start":{"line":136,"column":4},"end":{"line":153,"column":null}},"60":{"start":{"line":137,"column":8},"end":{"line":150,"column":null}},"61":{"start":{"line":138,"column":12},"end":{"line":138,"column":null}},"62":{"start":{"line":138,"column":47},"end":{"line":138,"column":57}},"63":{"start":{"line":139,"column":12},"end":{"line":139,"column":null}},"64":{"start":{"line":140,"column":12},"end":{"line":145,"column":null}},"65":{"start":{"line":141,"column":16},"end":{"line":144,"column":null}},"66":{"start":{"line":142,"column":20},"end":{"line":142,"column":null}},"67":{"start":{"line":143,"column":20},"end":{"line":143,"column":null}},"68":{"start":{"line":143,"column":42},"end":{"line":143,"column":null}},"69":{"start":{"line":146,"column":12},"end":{"line":146,"column":null}},"70":{"start":{"line":148,"column":12},"end":{"line":150,"column":null}},"71":{"start":{"line":149,"column":16},"end":{"line":149,"column":null}},"72":{"start":{"line":149,"column":68},"end":{"line":149,"column":80}},"73":{"start":{"line":150,"column":16},"end":{"line":150,"column":null}},"74":{"start":{"line":156,"column":4},"end":{"line":165,"column":null}},"75":{"start":{"line":157,"column":8},"end":{"line":157,"column":null}},"76":{"start":{"line":157,"column":23},"end":{"line":157,"column":null}},"77":{"start":{"line":158,"column":8},"end":{"line":164,"column":null}},"78":{"start":{"line":160,"column":16},"end":{"line":160,"column":null}},"79":{"start":{"line":161,"column":16},"end":{"line":161,"column":null}},"80":{"start":{"line":162,"column":16},"end":{"line":162,"column":null}},"81":{"start":{"line":164,"column":26},"end":{"line":164,"column":78}},"82":{"start":{"line":168,"column":10},"end":{"line":168,"column":56}},"83":{"start":{"line":169,"column":4},"end":{"line":209,"column":null}},"84":{"start":{"line":170,"column":8},"end":{"line":172,"column":null}},"85":{"start":{"line":171,"column":12},"end":{"line":171,"column":null}},"86":{"start":{"line":172,"column":12},"end":{"line":172,"column":null}},"87":{"start":{"line":174,"column":8},"end":{"line":174,"column":null}},"88":{"start":{"line":174,"column":50},"end":{"line":174,"column":null}},"89":{"start":{"line":175,"column":26},"end":{"line":175,"column":null}},"90":{"start":{"line":176,"column":8},"end":{"line":176,"column":null}},"91":{"start":{"line":177,"column":8},"end":{"line":177,"column":null}},"92":{"start":{"line":179,"column":8},"end":{"line":179,"column":null}},"93":{"start":{"line":179,"column":45},"end":{"line":179,"column":81}},"94":{"start":{"line":179,"column":51},"end":{"line":179,"column":72}},"95":{"start":{"line":180,"column":8},"end":{"line":180,"column":null}},"96":{"start":{"line":182,"column":8},"end":{"line":184,"column":null}},"97":{"start":{"line":183,"column":12},"end":{"line":183,"column":null}},"98":{"start":{"line":183,"column":18},"end":{"line":183,"column":38}},"99":{"start":{"line":183,"column":38},"end":{"line":183,"column":77}},"100":{"start":{"line":183,"column":56},"end":{"line":183,"column":77}},"101":{"start":{"line":186,"column":8},"end":{"line":186,"column":null}},"102":{"start":{"line":187,"column":8},"end":{"line":187,"column":null}},"103":{"start":{"line":188,"column":8},"end":{"line":188,"column":null}},"104":{"start":{"line":190,"column":8},"end":{"line":205,"column":null}},"105":{"start":{"line":191,"column":12},"end":{"line":198,"column":null}},"106":{"start":{"line":192,"column":16},"end":{"line":198,"column":null}},"107":{"start":{"line":194,"column":24},"end":{"line":194,"column":null}},"108":{"start":{"line":195,"column":24},"end":{"line":195,"column":null}},"109":{"start":{"line":196,"column":24},"end":{"line":196,"column":null}},"110":{"start":{"line":198,"column":34},"end":{"line":198,"column":88}},"111":{"start":{"line":201,"column":12},"end":{"line":205,"column":null}},"112":{"start":{"line":202,"column":16},"end":{"line":202,"column":null}},"113":{"start":{"line":202,"column":69},"end":{"line":202,"column":87}},"114":{"start":{"line":203,"column":16},"end":{"line":205,"column":null}},"115":{"start":{"line":204,"column":20},"end":{"line":204,"column":null}},"116":{"start":{"line":204,"column":68},"end":{"line":204,"column":76}},"117":{"start":{"line":205,"column":20},"end":{"line":205,"column":null}},"118":{"start":{"line":212,"column":4},"end":{"line":235,"column":null}},"119":{"start":{"line":213,"column":8},"end":{"line":213,"column":null}},"120":{"start":{"line":213,"column":29},"end":{"line":213,"column":null}},"121":{"start":{"line":215,"column":8},"end":{"line":221,"column":null}},"122":{"start":{"line":216,"column":12},"end":{"line":218,"column":null}},"123":{"start":{"line":217,"column":16},"end":{"line":217,"column":null}},"124":{"start":{"line":218,"column":16},"end":{"line":218,"column":null}},"125":{"start":{"line":220,"column":12},"end":{"line":220,"column":null}},"126":{"start":{"line":221,"column":12},"end":{"line":221,"column":null}},"127":{"start":{"line":223,"column":8},"end":{"line":223,"column":null}},"128":{"start":{"line":224,"column":8},"end":{"line":224,"column":null}},"129":{"start":{"line":224,"column":36},"end":{"line":224,"column":null}},"130":{"start":{"line":225,"column":8},"end":{"line":227,"column":null}},"131":{"start":{"line":226,"column":12},"end":{"line":226,"column":null}},"132":{"start":{"line":229,"column":8},"end":{"line":232,"column":null}},"133":{"start":{"line":230,"column":12},"end":{"line":232,"column":null}},"134":{"start":{"line":231,"column":16},"end":{"line":231,"column":null}},"135":{"start":{"line":232,"column":16},"end":{"line":232,"column":null}},"136":{"start":{"line":238,"column":4},"end":{"line":240,"column":null}},"137":{"start":{"line":239,"column":8},"end":{"line":239,"column":null}},"138":{"start":{"line":243,"column":10},"end":{"line":253,"column":null}},"139":{"start":{"line":244,"column":8},"end":{"line":253,"column":null}},"140":{"start":{"line":244,"column":28},"end":{"line":253,"column":10}},"141":{"start":{"line":257,"column":10},"end":{"line":266,"column":10}},"142":{"start":{"line":258,"column":8},"end":{"line":258,"column":null}},"143":{"start":{"line":258,"column":36},"end":{"line":258,"column":null}},"144":{"start":{"line":259,"column":23},"end":{"line":262,"column":10}},"145":{"start":{"line":263,"column":8},"end":{"line":263,"column":null}},"146":{"start":{"line":264,"column":8},"end":{"line":264,"column":null}},"147":{"start":{"line":265,"column":8},"end":{"line":265,"column":null}},"148":{"start":{"line":269,"column":10},"end":{"line":361,"column":45}},"149":{"start":{"line":270,"column":18},"end":{"line":270,"column":null}},"150":{"start":{"line":271,"column":8},"end":{"line":271,"column":null}},"151":{"start":{"line":271,"column":58},"end":{"line":271,"column":null}},"152":{"start":{"line":273,"column":19},"end":{"line":273,"column":53}},"153":{"start":{"line":274,"column":8},"end":{"line":274,"column":null}},"154":{"start":{"line":277,"column":8},"end":{"line":279,"column":null}},"155":{"start":{"line":278,"column":12},"end":{"line":279,"column":null}},"156":{"start":{"line":279,"column":16},"end":{"line":279,"column":null}},"157":{"start":{"line":284,"column":8},"end":{"line":300,"column":null}},"158":{"start":{"line":285,"column":12},"end":{"line":285,"column":null}},"159":{"start":{"line":286,"column":27},"end":{"line":286,"column":null}},"160":{"start":{"line":287,"column":24},"end":{"line":287,"column":65}},"161":{"start":{"line":288,"column":12},"end":{"line":293,"column":null}},"162":{"start":{"line":289,"column":16},"end":{"line":289,"column":null}},"163":{"start":{"line":290,"column":16},"end":{"line":290,"column":null}},"164":{"start":{"line":291,"column":16},"end":{"line":291,"column":null}},"165":{"start":{"line":292,"column":16},"end":{"line":292,"column":null}},"166":{"start":{"line":293,"column":16},"end":{"line":293,"column":null}},"167":{"start":{"line":295,"column":12},"end":{"line":295,"column":null}},"168":{"start":{"line":296,"column":12},"end":{"line":296,"column":null}},"169":{"start":{"line":297,"column":12},"end":{"line":299,"column":null}},"170":{"start":{"line":298,"column":16},"end":{"line":298,"column":null}},"171":{"start":{"line":298,"column":45},"end":{"line":298,"column":null}},"172":{"start":{"line":300,"column":12},"end":{"line":300,"column":null}},"173":{"start":{"line":300,"column":29},"end":{"line":300,"column":89}},"174":{"start":{"line":303,"column":8},"end":{"line":315,"column":null}},"175":{"start":{"line":304,"column":12},"end":{"line":304,"column":null}},"176":{"start":{"line":305,"column":12},"end":{"line":306,"column":null}},"177":{"start":{"line":306,"column":16},"end":{"line":306,"column":null}},"178":{"start":{"line":306,"column":33},"end":{"line":306,"column":93}},"179":{"start":{"line":308,"column":12},"end":{"line":315,"column":null}},"180":{"start":{"line":309,"column":16},"end":{"line":315,"column":null}},"181":{"start":{"line":310,"column":20},"end":{"line":310,"column":null}},"182":{"start":{"line":311,"column":20},"end":{"line":311,"column":null}},"183":{"start":{"line":311,"column":37},"end":{"line":311,"column":75}},"184":{"start":{"line":311,"column":55},"end":{"line":311,"column":75}},"185":{"start":{"line":312,"column":34},"end":{"line":312,"column":75}},"186":{"start":{"line":313,"column":20},"end":{"line":315,"column":null}},"187":{"start":{"line":314,"column":24},"end":{"line":314,"column":null}},"188":{"start":{"line":314,"column":30},"end":{"line":314,"column":77}},"189":{"start":{"line":314,"column":52},"end":{"line":314,"column":77}},"190":{"start":{"line":315,"column":24},"end":{"line":315,"column":null}},"191":{"start":{"line":323,"column":8},"end":{"line":324,"column":null}},"192":{"start":{"line":324,"column":12},"end":{"line":324,"column":null}},"193":{"start":{"line":328,"column":8},"end":{"line":357,"column":null}},"194":{"start":{"line":329,"column":12},"end":{"line":347,"column":null}},"195":{"start":{"line":330,"column":16},"end":{"line":330,"column":null}},"196":{"start":{"line":330,"column":52},"end":{"line":330,"column":null}},"197":{"start":{"line":331,"column":16},"end":{"line":335,"column":null}},"198":{"start":{"line":332,"column":20},"end":{"line":333,"column":null}},"199":{"start":{"line":332,"column":51},"end":{"line":332,"column":65}},"200":{"start":{"line":333,"column":24},"end":{"line":333,"column":null}},"201":{"start":{"line":336,"column":16},"end":{"line":345,"column":null}},"202":{"start":{"line":337,"column":20},"end":{"line":345,"column":null}},"203":{"start":{"line":338,"column":24},"end":{"line":338,"column":null}},"204":{"start":{"line":338,"column":60},"end":{"line":338,"column":null}},"205":{"start":{"line":339,"column":24},"end":{"line":344,"column":null}},"206":{"start":{"line":340,"column":43},"end":{"line":340,"column":72}},"207":{"start":{"line":342,"column":32},"end":{"line":342,"column":null}},"208":{"start":{"line":343,"column":32},"end":{"line":343,"column":null}},"209":{"start":{"line":348,"column":19},"end":{"line":357,"column":null}},"210":{"start":{"line":349,"column":12},"end":{"line":349,"column":null}},"211":{"start":{"line":350,"column":12},"end":{"line":357,"column":null}},"212":{"start":{"line":351,"column":16},"end":{"line":356,"column":null}},"213":{"start":{"line":352,"column":35},"end":{"line":352,"column":64}},"214":{"start":{"line":354,"column":24},"end":{"line":354,"column":null}},"215":{"start":{"line":355,"column":24},"end":{"line":355,"column":null}},"216":{"start":{"line":360,"column":8},"end":{"line":360,"column":null}},"217":{"start":{"line":363,"column":10},"end":{"line":376,"column":50}},"218":{"start":{"line":364,"column":8},"end":{"line":374,"column":null}},"219":{"start":{"line":365,"column":12},"end":{"line":371,"column":null}},"220":{"start":{"line":366,"column":16},"end":{"line":371,"column":null}},"221":{"start":{"line":367,"column":20},"end":{"line":369,"column":null}},"222":{"start":{"line":368,"column":36},"end":{"line":368,"column":71}},"223":{"start":{"line":369,"column":38},"end":{"line":369,"column":96}},"224":{"start":{"line":371,"column":20},"end":{"line":371,"column":null}},"225":{"start":{"line":375,"column":8},"end":{"line":375,"column":null}},"226":{"start":{"line":379,"column":4},"end":{"line":680,"column":null}},"227":{"start":{"line":380,"column":18},"end":{"line":380,"column":null}},"228":{"start":{"line":381,"column":8},"end":{"line":381,"column":null}},"229":{"start":{"line":381,"column":16},"end":{"line":381,"column":null}},"230":{"start":{"line":383,"column":8},"end":{"line":391,"column":null}},"231":{"start":{"line":384,"column":30},"end":{"line":384,"column":65}},"232":{"start":{"line":385,"column":31},"end":{"line":385,"column":57}},"233":{"start":{"line":386,"column":28},"end":{"line":386,"column":null}},"234":{"start":{"line":387,"column":12},"end":{"line":391,"column":null}},"235":{"start":{"line":388,"column":16},"end":{"line":391,"column":null}},"236":{"start":{"line":396,"column":14},"end":{"line":413,"column":null}},"237":{"start":{"line":397,"column":12},"end":{"line":397,"column":null}},"238":{"start":{"line":398,"column":12},"end":{"line":403,"column":null}},"239":{"start":{"line":399,"column":16},"end":{"line":399,"column":null}},"240":{"start":{"line":400,"column":16},"end":{"line":400,"column":null}},"241":{"start":{"line":401,"column":16},"end":{"line":401,"column":null}},"242":{"start":{"line":402,"column":16},"end":{"line":402,"column":null}},"243":{"start":{"line":403,"column":16},"end":{"line":403,"column":null}},"244":{"start":{"line":406,"column":12},"end":{"line":408,"column":null}},"245":{"start":{"line":407,"column":16},"end":{"line":407,"column":null}},"246":{"start":{"line":408,"column":16},"end":{"line":408,"column":null}},"247":{"start":{"line":410,"column":12},"end":{"line":410,"column":null}},"248":{"start":{"line":410,"column":28},"end":{"line":410,"column":null}},"249":{"start":{"line":411,"column":12},"end":{"line":411,"column":null}},"250":{"start":{"line":412,"column":12},"end":{"line":412,"column":null}},"251":{"start":{"line":413,"column":12},"end":{"line":413,"column":null}},"252":{"start":{"line":417,"column":14},"end":{"line":471,"column":null}},"253":{"start":{"line":419,"column":26},"end":{"line":421,"column":null}},"254":{"start":{"line":420,"column":16},"end":{"line":421,"column":null}},"255":{"start":{"line":424,"column":12},"end":{"line":430,"column":null}},"256":{"start":{"line":425,"column":16},"end":{"line":428,"column":null}},"257":{"start":{"line":430,"column":16},"end":{"line":430,"column":null}},"258":{"start":{"line":432,"column":12},"end":{"line":432,"column":null}},"259":{"start":{"line":433,"column":12},"end":{"line":433,"column":null}},"260":{"start":{"line":434,"column":12},"end":{"line":471,"column":null}},"261":{"start":{"line":435,"column":16},"end":{"line":435,"column":null}},"262":{"start":{"line":435,"column":60},"end":{"line":435,"column":null}},"263":{"start":{"line":436,"column":33},"end":{"line":436,"column":76}},"264":{"start":{"line":437,"column":36},"end":{"line":437,"column":null}},"265":{"start":{"line":438,"column":16},"end":{"line":438,"column":null}},"266":{"start":{"line":440,"column":35},"end":{"line":440,"column":72}},"267":{"start":{"line":441,"column":16},"end":{"line":452,"column":null}},"268":{"start":{"line":442,"column":37},"end":{"line":442,"column":110}},"269":{"start":{"line":443,"column":20},"end":{"line":443,"column":null}},"270":{"start":{"line":443,"column":51},"end":{"line":443,"column":null}},"271":{"start":{"line":444,"column":20},"end":{"line":444,"column":null}},"272":{"start":{"line":444,"column":26},"end":{"line":444,"column":55}},"273":{"start":{"line":445,"column":20},"end":{"line":445,"column":null}},"274":{"start":{"line":446,"column":39},"end":{"line":446,"column":79}},"275":{"start":{"line":447,"column":20},"end":{"line":449,"column":null}},"276":{"start":{"line":448,"column":24},"end":{"line":448,"column":null}},"277":{"start":{"line":448,"column":30},"end":{"line":448,"column":59}},"278":{"start":{"line":448,"column":59},"end":{"line":448,"column":89}},"279":{"start":{"line":449,"column":24},"end":{"line":449,"column":null}},"280":{"start":{"line":451,"column":20},"end":{"line":451,"column":null}},"281":{"start":{"line":451,"column":37},"end":{"line":451,"column":74}},"282":{"start":{"line":451,"column":55},"end":{"line":451,"column":74}},"283":{"start":{"line":452,"column":20},"end":{"line":452,"column":null}},"284":{"start":{"line":455,"column":34},"end":{"line":455,"column":null}},"285":{"start":{"line":456,"column":16},"end":{"line":459,"column":null}},"286":{"start":{"line":457,"column":20},"end":{"line":457,"column":null}},"287":{"start":{"line":459,"column":20},"end":{"line":459,"column":null}},"288":{"start":{"line":462,"column":16},"end":{"line":462,"column":null}},"289":{"start":{"line":464,"column":16},"end":{"line":465,"column":null}},"290":{"start":{"line":464,"column":55},"end":{"line":464,"column":80}},"291":{"start":{"line":465,"column":20},"end":{"line":465,"column":null}},"292":{"start":{"line":468,"column":16},"end":{"line":469,"column":null}},"293":{"s
[...]
":{"start":{"line":9,"column":19},"end":{"line":9,"column":46}},"3":{"start":{"line":10,"column":20},"end":{"line":10,"column":51}},"4":{"start":{"line":11,"column":16},"end":{"line":11,"column":57}},"5":{"start":{"line":13,"column":23},"end":{"line":34,"column":null}},"6":{"start":{"line":14,"column":4},"end":{"line":14,"column":null}},"7":{"start":{"line":15,"column":4},"end":{"line":15,"column":null}},"8":{"start":{"line":16,"column":4},"end":{"line":16,"column":null}},"9":{"start":{"line":18,"column":4},"end":{"line":34,"column":null}},"10":{"start":{"line":19,"column":23},"end":{"line":19,"column":78}},"11":{"start":{"line":21,"column":6},"end":{"line":21,"column":null}},"12":{"start":{"line":22,"column":6},"end":{"line":22,"column":null}},"13":{"start":{"line":23,"column":6},"end":{"line":27,"column":null}},"14":{"start":{"line":29,"column":6},"end":{"line":29,"column":null}},"15":{"start":{"line":31,"column":18},"end":{"line":31,"column":null}},"16":{"start":{"line":32,"column":6},"end":{"line":32,"column":null}},"17":{"start":{"line":34,"column":6},"end":{"line":34,"column":null}},"18":{"start":{"line":38,"column":2},"end":{"line":73,"column":null}},"19":{"start":{"line":50,"column":29},"end":{"line":50,"column":56}},"20":{"start":{"line":65,"column":51},"end":{"line":65,"column":69}}},"fnMap":{"0":{"name":"(anonymous_0)","decl":{"start":{"line":7,"column":13},"end":{"line":7,"column":31}},"loc":{"start":{"line":7,"column":31},"end":{"line":73,"column":null}},"line":7},"1":{"name":"(anonymous_1)","decl":{"start":{"line":13,"column":23},"end":{"line":13,"column":30}},"loc":{"start":{"line":13,"column":70},"end":{"line":34,"column":null}},"line":13},"2":{"name":"(anonymous_2)","decl":{"start":{"line":50,"column":12},"end":{"line":50,"column":23}},"loc":{"start":{"line":50,"column":29},"end":{"line":50,"column":56}},"line":50},"3":{"name":"(anonymous_3)","decl":{"start":{"line":65,"column":34},"end":{"line":65,"column":51}},"loc":{"start":{"line":65,"column":51},"end":{"line":65,"column":69}},"line":65}},"branchMap":{"0":{"loc":{"start":{"line":31,"column":18},"end":{"line":31,"column":null}},"type":"binary-expr","locations":[{"start":{"line":31,"column":18},"end":{"line":31,"column":49}},{"start":{"line":31,"column":49},"end":{"line":31,"column":null}}],"line":31},"1":{"loc":{"start":{"line":72,"column":9},"end":{"line":72,"column":null}},"type":"cond-expr","locations":[{"start":{"line":72,"column":21},"end":{"line":72,"column":39}},{"start":{"line":72,"column":39},"end":{"line":72,"column":null}}],"line":72}},"s":{"0":1,"1":10,"2":10,"3":10,"4":10,"5":10,"6":1,"7":1,"8":1,"9":1,"10":1,"11":1,"12":1,"13":1,"14":1,"15":0,"16":0,"17":1,"18":10,"19":7,"20":0},"f":{"0":10,"1":1,"2":7,"3":0},"b":{"0":[0,0],"1":[1,9]},"meta":{"lastBranch":2,"lastFunction":4,"lastStatement":21,"seen":{"s:7:13:73:Infinity":0,"f:7:13:7:31":0,"s:8:8:8:32":1,"s:9:19:9:46":2,"s:10:20:10:51":3,"s:11:16:11:57":4,"s:13:23:34:Infinity":5,"f:13:23:13:30":1,"s:14:4:14:Infinity":6,"s:15:4:15:Infinity":7,"s:16:4:16:Infinity":8,"s:18:4:34:Infinity":9,"s:19:23:19:78":10,"s:21:6:21:Infinity":11,"s:22:6:22:Infinity":12,"s:23:6:27:Infinity":13,"s:29:6:29:Infinity":14,"s:31:18:31:Infinity":15,"b:31:18:31:49:31:49:31:Infinity":0,"s:32:6:32:Infinity":16,"s:34:6:34:Infinity":17,"s:38:2:73:Infinity":18,"f:50:12:50:23":2,"s:50:29:50:56":19,"f:65:34:65:51":3,"s:65:51:65:69":20,"b:72:21:72:39:72:39:72:Infinity":1}}}
,"C:\\Users\\range\\OneDrive\\Escritorio\\fight club front\\LAMENTACIONES_FRONTEND\\fight-club\\src\\modules\\authentication\\Components\\register\\RegisterForm.tsx": {"path":"C:\\Users\\range\\OneDrive\\Escritorio\\fight club front\\LAMENTACIONES_FRONTEND\\fight-club\\src\\modules\\authentication\\Components\\register\\RegisterForm.tsx","statementMap":{"0":{"start":{"line":11,"column":23},"end":{"line":11,"column":null}},"1":{"start":{"line":13,"column":13},"end":{"line":135,"column":null}},"2":{"start":{"line":14,"column":65},"end":{"line":14,"column":91}},"3":{"start":{"line":15,"column":10},"end":{"line":15,"column":34}},"4":{"start":{"line":16,"column":10},"end":{"line":16,"column":55}},"5":{"start":{"line":18,"column":21},"end":{"line":18,"column":51}},"6":{"start":{"line":19,"column":22},"end":{"line":19,"column":53}},"7":{"start":{"line":21,"column":24},"end":{"line":21,"column":57}},"8":{"start":{"line":22,"column":25},"end":{"line":22,"column":59}},"9":{"start":{"line":24,"column":17},"end":{"line":30,"column":6}},"10":{"start":{"line":32,"column":10},"end":{"line":35,"column":null}},"11":{"start":{"line":33,"column":8},"end":{"line":33,"column":null}},"12":{"start":{"line":34,"column":8},"end":{"line":34,"column":null}},"13":{"start":{"line":35,"column":8},"end":{"line":35,"column":null}},"14":{"start":{"line":35,"column":25},"end":{"line":35,"column":44}},"15":{"start":{"line":38,"column":10},"end":{"line":41,"column":null}},"16":{"start":{"line":39,"column":8},"end":{"line":39,"column":null}},"17":{"start":{"line":40,"column":8},"end":{"line":40,"column":null}},"18":{"start":{"line":41,"column":8},"end":{"line":41,"column":null}},"19":{"start":{"line":41,"column":25},"end":{"line":41,"column":47}},"20":{"start":{"line":44,"column":25},"end":{"line":55,"column":null}},"21":{"start":{"line":45,"column":8},"end":{"line":45,"column":null}},"22":{"start":{"line":46,"column":8},"end":{"line":48,"column":null}},"23":{"start":{"line":47,"column":12},"end":{"line":47,"column":null}},"24":{"start":{"line":48,"column":12},"end":{"line":48,"column":null}},"25":{"start":{"line":50,"column":8},"end":{"line":52,"column":null}},"26":{"start":{"line":51,"column":12},"end":{"line":51,"column":null}},"27":{"start":{"line":52,"column":12},"end":{"line":52,"column":null}},"28":{"start":{"line":54,"column":51},"end":{"line":54,"column":null}},"29":{"start":{"line":55,"column":8},"end":{"line":55,"column":null}},"30":{"start":{"line":58,"column":4},"end":{"line":58,"column":null}},"31":{"start":{"line":58,"column":19},"end":{"line":58,"column":null}},"32":{"start":{"line":58,"column":56},"end":{"line":58,"column":78}},"33":{"start":{"line":60,"column":4},"end":{"line":135,"column":null}},"34":{"start":{"line":65,"column":35},"end":{"line":65,"column":69}},"35":{"start":{"line":66,"column":35},"end":{"line":66,"column":null}},"36":{"start":{"line":71,"column":33},"end":{"line":71,"column":null}},"37":{"start":{"line":72,"column":20},"end":{"line":75,"column":null}},"38":{"start":{"line":73,"column":39},"end":{"line":73,"column":55}},"39":{"start":{"line":74,"column":24},"end":{"line":74,"column":null}},"40":{"start":{"line":74,"column":49},"end":{"line":74,"column":115}},"41":{"start":{"line":74,"column":66},"end":{"line":74,"column":115}},"42":{"start":{"line":75,"column":24},"end":{"line":75,"column":null}},"43":{"start":{"line":82,"column":35},"end":{"line":82,"column":null}},"44":{"start":{"line":86,"column":35},"end":{"line":86,"column":null}},"45":{"start":{"line":96,"column":39},"end":{"line":96,"column":null}},"46":{"start":{"line":113,"column":39},"end":{"line":113,"column":null}},"47":{"start":{"line":125,"column":57},"end":{"line":125,"column":75}}},"fnMap":{"0":{"name":"(anonymous_0)","decl":{"start":{"line":13,"column":13},"end":{"line":13,"column":34}},"loc":{"start":{"line":13,"column":34},"end":{"line":135,"column":null}},"line":13},"1":{"name":"(anonymous_1)","decl":{"start":{"line":32,"column":10},"end":{"line":32,"column":29}},"loc":{"start":{"line":32,"column":29},"end":{"line":35,"column":null}},"line":32},"2":{"name":"(anonymous_2)","decl":{"start":{"line":35,"column":8},"end":{"line":35,"column":25}},"loc":{"start":{"line":35,"column":25},"end":{"line":35,"column":44}},"line":35},"3":{"name":"(anonymous_3)","decl":{"start":{"line":38,"column":10},"end":{"line":38,"column":32}},"loc":{"start":{"line":38,"column":32},"end":{"line":41,"column":null}},"line":38},"4":{"name":"(anonymous_4)","decl":{"start":{"line":41,"column":8},"end":{"line":41,"column":25}},"loc":{"start":{"line":41,"column":25},"end":{"line":41,"column":47}},"line":41},"5":{"name":"(anonymous_5)","decl":{"start":{"line":44,"column":25},"end":{"line":44,"column":32}},"loc":{"start":{"line":44,"column":55},"end":{"line":55,"column":null}},"line":44},"6":{"name":"(anonymous_6)","decl":{"start":{"line":58,"column":39},"end":{"line":58,"column":56}},"loc":{"start":{"line":58,"column":56},"end":{"line":58,"column":78}},"line":58},"7":{"name":"(anonymous_7)","decl":{"start":{"line":65,"column":16},"end":{"line":65,"column":27}},"loc":{"start":{"line":65,"column":35},"end":{"line":65,"column":69}},"line":65},"8":{"name":"(anonymous_8)","decl":{"start":{"line":66,"column":16},"end":{"line":66,"column":35}},"loc":{"start":{"line":66,"column":35},"end":{"line":66,"column":null}},"line":66},"9":{"name":"(anonymous_9)","decl":{"start":{"line":70,"column":16},"end":{"line":70,"column":27}},"loc":{"start":{"line":70,"column":33},"end":{"line":75,"column":null}},"line":70},"10":{"name":"(anonymous_10)","decl":{"start":{"line":74,"column":31},"end":{"line":74,"column":49}},"loc":{"start":{"line":74,"column":49},"end":{"line":74,"column":115}},"line":74},"11":{"name":"(anonymous_11)","decl":{"start":{"line":74,"column":49},"end":{"line":74,"column":57}},"loc":{"start":{"line":74,"column":66},"end":{"line":74,"column":115}},"line":74},"12":{"name":"(anonymous_12)","decl":{"start":{"line":82,"column":20},"end":{"line":82,"column":30}},"loc":{"start":{"line":82,"column":35},"end":{"line":82,"column":null}},"line":82},"13":{"name":"(anonymous_13)","decl":{"start":{"line":86,"column":20},"end":{"line":86,"column":30}},"loc":{"start":{"line":86,"column":35},"end":{"line":86,"column":null}},"line":86},"14":{"name":"(anonymous_14)","decl":{"start":{"line":96,"column":24},"end":{"line":96,"column":34}},"loc":{"start":{"line":96,"column":39},"end":{"line":96,"column":null}},"line":96},"15":{"name":"(anonymous_15)","decl":{"start":{"line":113,"column":24},"end":{"line":113,"column":34}},"loc":{"start":{"line":113,"column":39},"end":{"line":113,"column":null}},"line":113},"16":{"name":"(anonymous_16)","decl":{"start":{"line":125,"column":40},"end":{"line":125,"column":57}},"loc":{"start":{"line":125,"column":57},"end":{"line":125,"column":75}},"line":125}},"branchMap":{"0":{"loc":{"start":{"line":46,"column":8},"end":{"line":48,"column":null}},"type":"if","locations":[{"start":{"line":46,"column":8},"end":{"line":48,"column":null}},{"start":{},"end":{}}],"line":46},"1":{"loc":{"start":{"line":50,"column":8},"end":{"line":52,"column":null}},"type":"if","locations":[{"start":{"line":50,"column":8},"end":{"line":52,"column":null}},{"start":{},"end":{}}],"line":50},"2":{"loc":{"start":{"line":58,"column":4},"end":{"line":58,"column":null}},"type":"if","locations":[{"start":{"line":58,"column":4},"end":{"line":58,"column":null}},{"start":{},"end":{}}],"line":58},"3":{"loc":{"start":{"line":72,"column":20},"end":{"line":75,"column":null}},"type":"if","locations":[{"start":{"line":72,"column":20},"end":{"line":75,"column":null}},{"start":{},"end":{}}],"line":72},"4":{"loc":{"start":{"line":94,"column":30},"end":{"line":94,"column":null}},"type":"cond-expr","locations":[{"start":{"line":94,"column":41},"end":{"line":94,"column":50}},{"start":{"line":94,"column":50},"end":{"line":94,"column":null}}],"line":94},"5":{"loc":{"start":{"line":101,"column":130},"end":{"line":101,"column":null}},"type":"cond-expr","locations":[{"start":{"line":101,"column":142},"end":{"line":101,"column":160}},{"start":{"line":101,"column":160},"end":{"line":101,"column":null}}],"line":101},"6":{"loc":{"start":{"line":103,"column":25},"end":{"line":103,"column":null}},"type":"cond-expr","locations":[{"start":{"line":103,"column":36},"end":{"line":103,"column":57}},{"start":{"line":103,"column":56},"end":{"line":103,"column":null}}],"line":103},"7":{"loc":{"start":{"line":111,"column":30},"end":{"line":111,"column":null}},"type":"cond-expr","locations":[{"start":{"line":111,"column":44},"end":{"line":111,"column":53}},{"start":{"line":111,"column":53},"end":{"line":111,"column":null}}],"line":111},"8":{"loc":{"start":{"line":118,"column":130},"end":{"line":118,"column":null}},"type":"cond-expr","locations":[{"start":{"line":118,"column":145},"end":{"line":118,"column":163}},{"start":{"line":118,"column":163},"end":{"line":118,"column":null}}],"line":118},"9":{"loc":{"start":{"line":120,"column":25},"end":{"line":120,"column":null}},"type":"cond-expr","locations":[{"start":{"line":120,"column":39},"end":{"line":120,"column":60}},{"start":{"line":120,"column":59},"end":{"line":120,"column":null}}],"line":120},"10":{"loc":{"start":{"line":133,"column":21},"end":{"line":133,"column":null}},"type":"cond-expr","locations":[{"start":{"line":133,"column":33},"end":{"line":133,"column":51}},{"start":{"line":133,"column":51},"end":{"line":133,"column":null}}],"line":133}},"s":{"0":1,"1":1,"2":54,"3":54,"4":54,"5":54,"6":54,"7":54,"8":54,"9":54,"10":54,"11":0,"12":0,"13":0,"14":0,"15":54,"16":0,"17":0,"18":0,"19":0,"20":54,"21":2,"22":2,"23":1,"24":1,"25":1,"26":0,"27":0,"28":1,"29":1,"30":54,"31":0,"32":0,"33":54,"34":0,"35":0,"36":0,"37":0,"38":0,"39":0,"40":0,"41":0,"42":0,"43":3,"44":15,"45":17,"46":17,"47":0},"f":{"0":54,"1":0,"2":0,"3":0,"4":0,"5":2,"6":0,"7":0,"8":0,"9":0,"10":0,"11":0,"12":3,"13":15,"14":17,"15":17,"16":0},"b":{"0":[1,1],"1":[0,1],"2":[0,54],"3":[0,0],"4":[0,54],"5":[0,54],"6":[0,54],"7":[0,54],"8":[0,54],"9":[0,54],"10":[0,54]},"meta":{"lastBranch":11,"lastFunction":17,"lastStatement":48,"seen":{"s:11:23:11:Infinity":0,"s:13:13:135:Infinity":1,"f:13:13:13:34":0,"s:14:65:14:91":2,"s:15:10:15:34":3,"s:16:10:16:55":4,"s:18:21:18:51":5,"s:19:22:19:53":6,"s:21:24:21:57":7,"s:22:25:22:59":8,"s:24:17:30:6":9,"s:32:10:35:Infinity":10,"f:32:10:32:29":1,"s:33:8:33:Infinity":11,"s:34:8:34:Infinity":12,"s:35:8:35:Infinity":13,"f:35:8:35:25":2,"s:35:25:35:44":14,"s:38:10:41:Infinity":15,"f:38:10:38:32":3,"s:39:8:39:Infinity":16,"s:40:8:40:Infinity":17,"s:41:8:41:Infinity":18,"f:41:8:41:25":4,"s:41:25:41:47":19,"s:44:25:55:Infinity":20,"f:44:25:44:32":5,"s:45:8:45:Infinity":21,"b:46:8:48:Infinity:undefined:undefined:undefined:undefined":0,"s:46:8:48:Infinity":22,"s:47:12:47:Infinity":23,"s:48:12:48:Infinity":24,"b:50:8:52:Infinity:undefined:undefined:undefined:undefined":1,"s:50:8:52:Infinity":25,"s:51:12:51:Infinity":26,"s:52:12:52:Infinity":27,"s:54:51:54:Infinity":28,"s:55:8:55:Infinity":29,"b:58:4:58:Infinity:undefined:undefined:undefined:undefined":2,"s:58:4:58:Infinity":30,"s:58:19:58:Infinity":31,"f:58:39:58:56":6,"s:58:56:58:78":32,"s:60:4:135:Infinity":33,"f:65:16:65:27":7,"s:65:35:65:69":34,"f:66:16:66:35":8,"s:66:35:66:Infinity":35,"f:70:16:70:27":9,"s:71:33:71:Infinity":36,"b:72:20:75:Infinity:undefined:undefined:undefined:undefined":3,"s:72:20:75:Infinity":37,"s:73:39:73:55":38,"s:74:24:74:Infinity":39,"f:74:31:74:49":10,"s:74:49:74:115":40,"f:74:49:74:57":11,"s:74:66:74:115":41,"s:75:24:75:Infinity":42,"f:82:20:82:30":12,"s:82:35:82:Infinity":43,"f:86:20:86:30":13,"s:86:35:86:Infinity":44,"b:94:41:94:50:94:50:94:Infinity":4,"f:96:24:96:34":14,"s:96:39:96:Infinity":45,"b:101:142:101:160:101:160:101:Infinity":5,"b:103:36:103:57:103:56:103:Infinity":6,"b:111:44:111:53:111:53:111:Infinity":7,"f:113:24:113:34":15,"s:113:39:113:Infinity":46,"b:118:145:118:163:118:163:118:Infinity":8,"b:120:39:120:60:120:59:120:Infinity":9,"f:125:40:125:57":16,"s:125:57:125:75":47,"b:133:33:133:51:133:51:133:Infinity":10}}}
,"C:\\Users\\range\\OneDrive\\Escritorio\\fight club front\\LAMENTACIONES_FRONTEND\\fight-club\\src\\modules\\authentication\\Components\\ui\\ErrorToast.tsx": {"path":"C:\\Users\\range\\OneDrive\\Escritorio\\fight club front\\LAMENTACIONES_FRONTEND\\fight-club\\src\\modules\\authentication\\Components\\ui\\ErrorToast.tsx","statementMap":{"0":{"start":{"line":10,"column":13},"end":{"line":48,"column":null}},"1":{"start":{"line":11,"column":18},"end":{"line":11,"column":47}},"2":{"start":{"line":13,"column":2},"end":{"line":26,"column":null}},"3":{"start":{"line":14,"column":4},"end":{"line":24,"column":null}},"4":{"start":{"line":15,"column":6},"end":{"line":15,"column":null}},"5":{"start":{"line":16,"column":6},"end":{"line":21,"column":null}},"6":{"start":{"line":17,"column":18},"end":{"line":20,"column":16}},"7":{"start":{"line":18,"column":10},"end":{"line":18,"column":null}},"8":{"start":{"line":19,"column":10},"end":{"line":19,"column":null}},"9":{"start":{"line":21,"column":8},"end":{"line":21,"column":null}},"10":{"start":{"line":21,"column":21},"end":{"line":21,"column":36}},"11":{"start":{"line":24,"column":6},"end":{"line":24,"column":null}},"12":{"start":{"line":28,"column":2},"end":{"line":28,"column":null}},"13":{"start":{"line":28,"column":28},"end":{"line":28,"column":null}},"14":{"start":{"line":30,"column":2},"end":{"line":48,"column":null}},"15":{"start":{"line":44,"column":25},"end":{"line":44,"column":44}},"16":{"start":{"line":44,"column":44},"end":{"line":44,"column":null}}},"fnMap":{"0":{"name":"(anonymous_0)","decl":{"start":{"line":10,"column":13},"end":{"line":10,"column":27}},"loc":{"start":{"line":10,"column":91},"end":{"line":48,"column":null}},"line":10},"1":{"name":"(anonymous_1)","decl":{"start":{"line":13,"column":2},"end":{"line":13,"column":18}},"loc":{"start":{"line":13,"column":18},"end":{"line":26,"column":6}},"line":13},"2":{"name":"(anonymous_2)","decl":{"start":{"line":17,"column":18},"end":{"line":17,"column":35}},"loc":{"start":{"line":17,"column":35},"end":{"line":20,"column":16}},"line":17},"3":{"name":"(anonymous_3)","decl":{"start":{"line":21,"column":8},"end":{"line":21,"column":21}},"loc":{"start":{"line":21,"column":21},"end":{"line":21,"column":36}},"line":21},"4":{"name":"(anonymous_4)","decl":{"start":{"line":44,"column":8},"end":{"line":44,"column":23}},"loc":{"start":{"line":44,"column":23},"end":{"line":44,"column":null}},"line":44}},"branchMap":{"0":{"loc":{"start":{"line":10,"column":49},"end":{"line":10,"column":91}},"type":"default-arg","locations":[{"start":{"line":10,"column":63},"end":{"line":10,"column":91}}],"line":10},"1":{"loc":{"start":{"line":14,"column":4},"end":{"line":24,"column":null}},"type":"if","locations":[{"start":{"line":14,"column":4},"end":{"line":24,"column":null}},{"start":{"line":23,"column":11},"end":{"line":24,"column":null}}],"line":14},"2":{"loc":{"start":{"line":16,"column":6},"end":{"line":21,"column":null}},"type":"if","locations":[{"start":{"line":16,"column":6},"end":{"line":21,"column":null}},{"start":{},"end":{}}],"line":16},"3":{"loc":{"start":{"line":28,"column":2},"end":{"line":28,"column":null}},"type":"if","locations":[{"start":{"line":28,"column":2},"end":{"line":28,"column":null}},{"start":{},"end":{}}],"line":28},"4":{"loc":{"start":{"line":28,"column":6},"end":{"line":28,"column":28}},"type":"binary-expr","locations":[{"start":{"line":28,"column":6},"end":{"line":28,"column":18}},{"start":{"line":28,"column":18},"end":{"line":28,"column":28}}],"line":28}},"s":{"0":3,"1":139,"2":139,"3":93,"4":0,"5":0,"6":0,"7":0,"8":0,"9":0,"10":0,"11":93,"12":139,"13":139,"14":0,"15":0,"16":0},"f":{"0":139,"1":93,"2":0,"3":0,"4":0},"b":{"0":[139],"1":[0,93],"2":[0,0],"3":[139,0],"4":[139,0]},"meta":{"lastBranch":5,"lastFunction":5,"lastStatement":17,"seen":{"s:10:13:48:Infinity":0,"f:10:13:10:27":0,"b:10:63:10:91":0,"s:11:18:11:47":1,"s:13:2:26:Infinity":2,"f:13:2:13:18":1,"b:14:4:24:Infinity:23:11:24:Infinity":1,"s:14:4:24:Infinity":3,"s:15:6:15:Infinity":4,"b:16:6:21:Infinity:undefined:undefined:undefined:undefined":2,"s:16:6:21:Infinity":5,"s:17:18:20:16":6,"f:17:18:17:35":2,"s:18:10:18:Infinity":7,"s:19:10:19:Infinity":8,"s:21:8:21:Infinity":9,"f:21:8:21:21":3,"s:21:21:21:36":10,"s:24:6:24:Infinity":11,"b:28:2:28:Infinity:undefined:undefined:undefined:undefined":3,"s:28:2:28:Infinity":12,"b:28:6:28:18:28:18:28:28":4,"s:28:28:28:Infinity":13,"s:30:2:48:Infinity":14,"f:44:8:44:23":4,"s:44:25:44:44":15,"s:44:44:44:Infinity":16}}}
}
