{"C:\\Users\\range\\OneDrive\\Escritorio\\fight club front\\LAMENTACIONES_FRONTEND\\fight-club\\src\\assets\\rank-system.png": {"path":"C:\\Users\\range\\OneDrive\\Escritorio\\fight club front\\LAMENTACIONES_FRONTEND\\fight-club\\src\\assets\\rank-system.png","statementMap":{},"fnMap":{},"branchMap":{},"s":{},"f":{},"b":{},"meta":{"lastBranch":0,"lastFunction":0,"lastStatement":0,"seen":{}}}
,"C:\\Users\\range\\OneDrive\\Escritorio\\fight club front\\LAMENTACIONES_FRONTEND\\fight-club\\src\\modules\\Fight\\Components\\EnviromentFight\\FightHUD.tsx": {"path":"C:\\Users\\range\\OneDrive\\Escritorio\\fight club front\\LAMENTACIONES_FRONTEND\\fight-club\\src\\modules\\Fight\\Components\\EnviromentFight\\FightHUD.tsx","statementMap":{"0":{"start":{"line":13,"column":6},"end":{"line":126,"column":null}},"1":{"start":{"line":14,"column":4},"end":{"line":14,"column":null}},"2":{"start":{"line":14,"column":20},"end":{"line":14,"column":null}},"3":{"start":{"line":16,"column":10},"end":{"line":18,"column":null}},"4":{"start":{"line":17,"column":8},"end":{"line":17,"column":null}},"5":{"start":{"line":17,"column":84},"end":{"line":17,"column":null}},"6":{"start":{"line":18,"column":8},"end":{"line":18,"column":null}},"7":{"start":{"line":21,"column":25},"end":{"line":21,"column":114}},"8":{"start":{"line":22,"column":25},"end":{"line":22,"column":114}},"9":{"start":{"line":24,"column":20},"end":{"line":24,"column":null}},"10":{"start":{"line":25,"column":20},"end":{"line":25,"column":null}},"11":{"start":{"line":26,"column":27},"end":{"line":26,"column":null}},"12":{"start":{"line":27,"column":27},"end":{"line":27,"column":null}},"13":{"start":{"line":29,"column":10},"end":{"line":37,"column":38}},"14":{"start":{"line":30,"column":27},"end":{"line":30,"column":null}},"15":{"start":{"line":31,"column":8},"end":{"line":31,"column":null}},"16":{"start":{"line":31,"column":25},"end":{"line":31,"column":null}},"17":{"start":{"line":32,"column":8},"end":{"line":36,"column":null}},"18":{"start":{"line":39,"column":4},"end":{"line":126,"column":null}}},"fnMap":{"0":{"name":"(anonymous_0)","decl":{"start":{"line":13,"column":6},"end":{"line":13,"column":35}},"loc":{"start":{"line":13,"column":99},"end":{"line":126,"column":null}},"line":13},"1":{"name":"(anonymous_1)","decl":{"start":{"line":16,"column":10},"end":{"line":16,"column":25}},"loc":{"start":{"line":16,"column":82},"end":{"line":18,"column":null}},"line":16},"2":{"name":"(anonymous_2)","decl":{"start":{"line":29,"column":28},"end":{"line":29,"column":42}},"loc":{"start":{"line":29,"column":42},"end":{"line":37,"column":8}},"line":29}},"branchMap":{"0":{"loc":{"start":{"line":14,"column":4},"end":{"line":14,"column":null}},"type":"if","locations":[{"start":{"line":14,"column":4},"end":{"line":14,"column":null}},{"start":{},"end":{}}],"line":14},"1":{"loc":{"start":{"line":17,"column":8},"end":{"line":17,"column":null}},"type":"if","locations":[{"start":{"line":17,"column":8},"end":{"line":17,"column":null}},{"start":{},"end":{}}],"line":17},"2":{"loc":{"start":{"line":17,"column":12},"end":{"line":17,"column":84}},"type":"binary-expr","locations":[{"start":{"line":17,"column":12},"end":{"line":17,"column":37}},{"start":{"line":17,"column":37},"end":{"line":17,"column":58}},{"start":{"line":17,"column":58},"end":{"line":17,"column":70}},{"start":{"line":17,"column":70},"end":{"line":17,"column":84}}],"line":17},"3":{"loc":{"start":{"line":26,"column":27},"end":{"line":26,"column":null}},"type":"binary-expr","locations":[{"start":{"line":26,"column":27},"end":{"line":26,"column":48}},{"start":{"line":26,"column":48},"end":{"line":26,"column":null}}],"line":26},"4":{"loc":{"start":{"line":27,"column":27},"end":{"line":27,"column":null}},"type":"binary-expr","locations":[{"start":{"line":27,"column":27},"end":{"line":27,"column":48}},{"start":{"line":27,"column":48},"end":{"line":27,"column":null}}],"line":27},"5":{"loc":{"start":{"line":31,"column":8},"end":{"line":31,"column":null}},"type":"if","locations":[{"start":{"line":31,"column":8},"end":{"line":31,"column":null}},{"start":{},"end":{}}],"line":31},"6":{"loc":{"start":{"line":33,"column":25},"end":{"line":33,"column":null}},"type":"binary-expr","locations":[{"start":{"line":33,"column":25},"end":{"line":33,"column":69}},{"start":{"line":33,"column":69},"end":{"line":33,"column":103}},{"start":{"line":33,"column":103},"end":{"line":33,"column":null}}],"line":33},"7":{"loc":{"start":{"line":34,"column":23},"end":{"line":34,"column":null}},"type":"binary-expr","locations":[{"start":{"line":34,"column":23},"end":{"line":34,"column":45}},{"start":{"line":34,"column":45},"end":{"line":34,"column":79}},{"start":{"line":34,"column":79},"end":{"line":34,"column":null}}],"line":34},"8":{"loc":{"start":{"line":35,"column":26},"end":{"line":35,"column":null}},"type":"binary-expr","locations":[{"start":{"line":35,"column":26},"end":{"line":35,"column":61}},{"start":{"line":35,"column":61},"end":{"line":35,"column":null}}],"line":35},"9":{"loc":{"start":{"line":48,"column":30},"end":{"line":48,"column":null}},"type":"cond-expr","locations":[{"start":{"line":48,"column":40},"end":{"line":48,"column":58}},{"start":{"line":48,"column":58},"end":{"line":48,"column":null}}],"line":48},"10":{"loc":{"start":{"line":48,"column":58},"end":{"line":48,"column":null}},"type":"cond-expr","locations":[{"start":{"line":48,"column":75},"end":{"line":48,"column":106}},{"start":{"line":48,"column":106},"end":{"line":48,"column":null}}],"line":48},"11":{"loc":{"start":{"line":49,"column":29},"end":{"line":49,"column":69}},"type":"binary-expr","locations":[{"start":{"line":49,"column":29},"end":{"line":49,"column":64}},{"start":{"line":49,"column":64},"end":{"line":49,"column":69}}],"line":49},"12":{"loc":{"start":{"line":49,"column":71},"end":{"line":49,"column":null}},"type":"binary-expr","locations":[{"start":{"line":49,"column":71},"end":{"line":49,"column":82}},{"start":{"line":49,"column":82},"end":{"line":49,"column":null}}],"line":49},"13":{"loc":{"start":{"line":51,"column":85},"end":{"line":51,"column":null}},"type":"cond-expr","locations":[{"start":{"line":51,"column":95},"end":{"line":51,"column":113}},{"start":{"line":51,"column":113},"end":{"line":51,"column":null}}],"line":51},"14":{"loc":{"start":{"line":51,"column":113},"end":{"line":51,"column":null}},"type":"cond-expr","locations":[{"start":{"line":51,"column":130},"end":{"line":51,"column":147}},{"start":{"line":51,"column":147},"end":{"line":51,"column":null}}],"line":51},"15":{"loc":{"start":{"line":56,"column":26},"end":{"line":56,"column":null}},"type":"cond-expr","locations":[{"start":{"line":56,"column":36},"end":{"line":56,"column":66}},{"start":{"line":56,"column":66},"end":{"line":56,"column":null}}],"line":56},"16":{"loc":{"start":{"line":56,"column":66},"end":{"line":56,"column":null}},"type":"cond-expr","locations":[{"start":{"line":56,"column":83},"end":{"line":56,"column":102}},{"start":{"line":56,"column":102},"end":{"line":56,"column":null}}],"line":56},"17":{"loc":{"start":{"line":59,"column":34},"end":{"line":59,"column":null}},"type":"cond-expr","locations":[{"start":{"line":59,"column":44},"end":{"line":59,"column":60}},{"start":{"line":59,"column":60},"end":{"line":59,"column":null}}],"line":59},"18":{"loc":{"start":{"line":60,"column":34},"end":{"line":60,"column":null}},"type":"cond-expr","locations":[{"start":{"line":60,"column":51},"end":{"line":60,"column":123}},{"start":{"line":60,"column":123},"end":{"line":60,"column":null}}],"line":60},"19":{"loc":{"start":{"line":60,"column":123},"end":{"line":60,"column":null}},"type":"cond-expr","locations":[{"start":{"line":60,"column":134},"end":{"line":60,"column":176}},{"start":{"line":60,"column":176},"end":{"line":60,"column":null}}],"line":60},"20":{"loc":{"start":{"line":70,"column":27},"end":{"line":70,"column":139}},"type":"cond-expr","locations":[{"start":{"line":70,"column":49},"end":{"line":70,"column":81}},{"start":{"line":70,"column":81},"end":{"line":70,"column":139}}],"line":70},"21":{"loc":{"start":{"line":70,"column":27},"end":{"line":70,"column":49}},"type":"binary-expr","locations":[{"start":{"line":70,"column":27},"end":{"line":70,"column":38}},{"start":{"line":70,"column":38},"end":{"line":70,"column":49}}],"line":70},"22":{"loc":{"start":{"line":78,"column":85},"end":{"line":78,"column":null}},"type":"cond-expr","locations":[{"start":{"line":78,"column":95},"end":{"line":78,"column":113}},{"start":{"line":78,"column":113},"end":{"line":78,"column":null}}],"line":78},"23":{"loc":{"start":{"line":78,"column":113},"end":{"line":78,"column":null}},"type":"cond-expr","locations":[{"start":{"line":78,"column":130},"end":{"line":78,"column":147}},{"start":{"line":78,"column":147},"end":{"line":78,"column":null}}],"line":78},"24":{"loc":{"start":{"line":82,"column":30},"end":{"line":82,"column":null}},"type":"cond-expr","locations":[{"start":{"line":82,"column":40},"end":{"line":82,"column":58}},{"start":{"line":82,"column":58},"end":{"line":82,"column":null}}],"line":82},"25":{"loc":{"start":{"line":82,"column":58},"end":{"line":82,"column":null}},"type":"cond-expr","locations":[{"start":{"line":82,"column":75},"end":{"line":82,"column":106}},{"start":{"line":82,"column":106},"end":{"line":82,"column":null}}],"line":82},"26":{"loc":{"start":{"line":83,"column":29},"end":{"line":83,"column":50}},"type":"binary-expr","locations":[{"start":{"line":83,"column":29},"end":{"line":83,"column":40}},{"start":{"line":83,"column":40},"end":{"line":83,"column":50}}],"line":83},"27":{"loc":{"start":{"line":83,"column":52},"end":{"line":83,"column":null}},"type":"binary-expr","locations":[{"start":{"line":83,"column":52},"end":{"line":83,"column":87}},{"start":{"line":83,"column":87},"end":{"line":83,"column":null}}],"line":83},"28":{"loc":{"start":{"line":87,"column":26},"end":{"line":87,"column":null}},"type":"cond-expr","locations":[{"start":{"line":87,"column":36},"end":{"line":87,"column":66}},{"start":{"line":87,"column":66},"end":{"line":87,"column":null}}],"line":87},"29":{"loc":{"start":{"line":87,"column":66},"end":{"line":87,"column":null}},"type":"cond-expr","locations":[{"start":{"line":87,"column":83},"end":{"line":87,"column":102}},{"start":{"line":87,"column":102},"end":{"line":87,"column":null}}],"line":87},"30":{"loc":{"start":{"line":90,"column":34},"end":{"line":90,"column":null}},"type":"cond-expr","locations":[{"start":{"line":90,"column":44},"end":{"line":90,"column":60}},{"start":{"line":90,"column":60},"end":{"line":90,"column":null}}],"line":90},"31":{"loc":{"start":{"line":91,"column":34},"end":{"line":91,"column":null}},"type":"cond-expr","locations":[{"start":{"line":91,"column":51},"end":{"line":91,"column":123}},{"start":{"line":91,"column":123},"end":{"line":91,"column":null}}],"line":91},"32":{"loc":{"start":{"line":91,"column":123},"end":{"line":91,"column":null}},"type":"cond-expr","locations":[{"start":{"line":91,"column":134},"end":{"line":91,"column":176}},{"start":{"line":91,"column":176},"end":{"line":91,"column":null}}],"line":91},"33":{"loc":{"start":{"line":100,"column":13},"end":{"line":108,"column":null}},"type":"binary-expr","locations":[{"start":{"line":100,"column":13},"end":{"line":100,"column":null}},{"start":{"line":101,"column":16},"end":{"line":108,"column":null}}],"line":100},"34":{"loc":{"start":{"line":113,"column":17},"end":{"line":116,"column":null}},"type":"binary-expr","locations":[{"start":{"line":113,"column":17},"end":{"line":113,"column":48}},{"start":{"line":113,"column":48},"end":{"line":113,"column":null}},{"start":{"line":114,"column":20},"end":{"line":116,"column":null}}],"line":113},"35":{"loc":{"start":{"line":118,"column":17},"end":{"line":121,"column":null}},"type":"binary-expr","locations":[{"start":{"line":118,"column":17},"end":{"line":118,"column":null}},{"start":{"line":119,"column":20},"end":{"line":121,"column":null}}],"line":118},"36":{"loc":{"start":{"line":123,"column":17},"end":{"line":126,"column":null}},"type":"binary-expr","locations":[{"start":{"line":123,"column":17},"end":{"line":123,"column":null}},{"start":{"line":124,"column":20},"end":{"line":126,"column":null}}],"line":123}},"s":{"0":1,"1":1,"2":0,"3":1,"4":2,"5":0,"6":2,"7":1,"8":1,"9":1,"10":1,"11":1,"12":1,"13":1,"14":1,"15":1,"16":0,"17":1,"18":1},"f":{"0":1,"1":2,"2":1},"b":{"0":[0,1],"1":[0,2],"2":[2,2,2,2],"3":[1,0],"4":[1,1],"5":[0,1],"6":[1,1,1],"7":[1,0,0],"8":[1,0],"9":[0,1],"10":[0,1],"11":[1,0],"12":[1,0],"13":[0,1],"14":[0,1],"15":[0,1],"16":[0,1],"17":[0,1],"18":[0,1],"19":[1,0],"20":[0,1],"21":[1,1],"22":[0,1],"23":[1,0],"24":[0,1],"25":[1,0],"26":[1,0],"27":[1,0],"28":[0,1],"29":[1,0],"30":[0,1],"31":[1,0],"32":[0,0],"33":[1,1],"34":[1,1,1],"35":[1,0],"36":[1,0]},"meta":{"lastBranch":37,"lastFunction":3,"lastStatement":19,"seen":{"s:13:6:126:Infinity":0,"f:13:6:13:35":0,"b:14:4:14:Infinity:undefined:undefined:undefined:undefined":0,"s:14:4:14:Infinity":1,"s:14:20:14:Infinity":2,"s:16:10:18:Infinity":3,"f:16:10:16:25":1,"b:17:8:17:Infinity:undefined:undefined:undefined:undefined":1,"s:17:8:17:Infinity":4,"b:17:12:17:37:17:37:17:58:17:58:17:70:17:70:17:84":2,"s:17:84:17:Infinity":5,"s:18:8:18:Infinity":6,"s:21:25:21:114":7,"s:22:25:22:114":8,"s:24:20:24:Infinity":9,"s:25:20:25:Infinity":10,"s:26:27:26:Infinity":11,"b:26:27:26:48:26:48:26:Infinity":3,"s:27:27:27:Infinity":12,"b:27:27:27:48:27:48:27:Infinity":4,"s:29:10:37:38":13,"f:29:28:29:42":2,"s:30:27:30:Infinity":14,"b:31:8:31:Infinity:undefined:undefined:undefined:undefined":5,"s:31:8:31:Infinity":15,"s:31:25:31:Infinity":16,"s:32:8:36:Infinity":17,"b:33:25:33:69:33:69:33:103:33:103:33:Infinity":6,"b:34:23:34:45:34:45:34:79:34:79:34:Infinity":7,"b:35:26:35:61:35:61:35:Infinity":8,"s:39:4:126:Infinity":18,"b:48:40:48:58:48:58:48:Infinity":9,"b:48:75:48:106:48:106:48:Infinity":10,"b:49:29:49:64:49:64:49:69":11,"b:49:71:49:82:49:82:49:Infinity":12,"b:51:95:51:113:51:113:51:Infinity":13,"b:51:130:51:147:51:147:51:Infinity":14,"b:56:36:56:66:56:66:56:Infinity":15,"b:56:83:56:102:56:102:56:Infinity":16,"b:59:44:59:60:59:60:59:Infinity":17,"b:60:51:60:123:60:123:60:Infinity":18,"b:60:134:60:176:60:176:60:Infinity":19,"b:70:49:70:81:70:81:70:139":20,"b:70:27:70:38:70:38:70:49":21,"b:78:95:78:113:78:113:78:Infinity":22,"b:78:130:78:147:78:147:78:Infinity":23,"b:82:40:82:58:82:58:82:Infinity":24,"b:82:75:82:106:82:106:82:Infinity":25,"b:83:29:83:40:83:40:83:50":26,"b:83:52:83:87:83:87:83:Infinity":27,"b:87:36:87:66:87:66:87:Infinity":28,"b:87:83:87:102:87:102:87:Infinity":29,"b:90:44:90:60:90:60:90:Infinity":30,"b:91:51:91:123:91:123:91:Infinity":31,"b:91:134:91:176:91:176:91:Infinity":32,"b:100:13:100:Infinity:101:16:108:Infinity":33,"b:113:17:113:48:113:48:113:Infinity:114:20:116:Infinity":34,"b:118:17:118:Infinity:119:20:121:Infinity":35,"b:123:17:123:Infinity:124:20:126:Infinity":36}}}
,"C:\\Users\\range\\OneDrive\\Escritorio\\fight club front\\LAMENTACIONES_FRONTEND\\fight-club\\src\\modules\\Fight\\Components\\EnviromentFight\\FightResultScreen.tsx": {"path":"C:\\Users\\range\\OneDrive\\Escritorio\\fight club front\\LAMENTACIONES_FRONTEND\\fight-club\\src\\modules\\Fight\\Components\\EnviromentFight\\FightResultScreen.tsx","statementMap":{"0":{"start":{"line":16,"column":25},"end":{"line":16,"column":null}},"1":{"start":{"line":18,"column":22},"end":{"line":22,"column":null}},"2":{"start":{"line":32,"column":10},"end":{"line":32,"column":53}},"3":{"start":{"line":33,"column":10},"end":{"line":33,"column":44}},"4":{"start":{"line":34,"column":10},"end":{"line":34,"column":39}},"5":{"start":{"line":36,"column":10},"end":{"line":47,"column":14}},"6":{"start":{"line":37,"column":8},"end":{"line":46,"column":11}},"7":{"start":{"line":37,"column":42},"end":{"line":46,"column":11}},"8":{"start":{"line":49,"column":4},"end":{"line":86,"column":null}},"9":{"start":{"line":50,"column":23},"end":{"line":50,"column":null}},"10":{"start":{"line":51,"column":8},"end":{"line":51,"column":null}},"11":{"start":{"line":51,"column":21},"end":{"line":51,"column":null}},"12":{"start":{"line":52,"column":20},"end":{"line":52,"column":43}},"13":{"start":{"line":54,"column":14},"end":{"line":57,"column":null}},"14":{"start":{"line":55,"column":12},"end":{"line":55,"column":null}},"15":{"start":{"line":56,"column":12},"end":{"line":56,"column":null}},"16":{"start":{"line":57,"column":12},"end":{"line":57,"column":null}},"17":{"start":{"line":59,"column":8},"end":{"line":59,"column":null}},"18":{"start":{"line":60,"column":8},"end":{"line":60,"column":null}},"19":{"start":{"line":62,"column":14},"end":{"line":78,"column":null}},"20":{"start":{"line":63,"column":12},"end":{"line":63,"column":null}},"21":{"start":{"line":64,"column":12},"end":{"line":76,"column":null}},"22":{"start":{"line":65,"column":16},"end":{"line":65,"column":null}},"23":{"start":{"line":66,"column":16},"end":{"line":66,"column":null}},"24":{"start":{"line":67,"column":16},"end":{"line":67,"column":null}},"25":{"start":{"line":68,"column":16},"end":{"line":71,"column":null}},"26":{"start":{"line":69,"column":20},"end":{"line":69,"column":null}},"27":{"start":{"line":70,"column":20},"end":{"line":70,"column":null}},"28":{"start":{"line":71,"column":20},"end":{"line":71,"column":null}},"29":{"start":{"line":73,"column":16},"end":{"line":73,"column":null}},"30":{"start":{"line":74,"column":16},"end":{"line":74,"column":null}},"31":{"start":{"line":75,"column":16},"end":{"line":75,"column":null}},"32":{"start":{"line":77,"column":12},"end":{"line":77,"column":null}},"33":{"start":{"line":78,"column":12},"end":{"line":78,"column":null}},"34":{"start":{"line":80,"column":8},"end":{"line":80,"column":null}},"35":{"start":{"line":82,"column":8},"end":{"line":84,"column":null}},"36":{"start":{"line":83,"column":12},"end":{"line":83,"column":null}},"37":{"start":{"line":84,"column":12},"end":{"line":84,"column":null}},"38":{"start":{"line":88,"column":4},"end":{"line":88,"column":null}},"39":{"start":{"line":92,"column":4},"end":{"line":92,"column":null}},"40":{"start":{"line":92,"column":15},"end":{"line":92,"column":null}},"41":{"start":{"line":93,"column":4},"end":{"line":93,"column":null}},"42":{"start":{"line":93,"column":36},"end":{"line":93,"column":41}},"43":{"start":{"line":97,"column":4},"end":{"line":97,"column":null}},"44":{"start":{"line":97,"column":39},"end":{"line":97,"column":null}},"45":{"start":{"line":98,"column":4},"end":{"line":98,"column":null}},"46":{"start":{"line":102,"column":4},"end":{"line":102,"column":null}},"47":{"start":{"line":102,"column":18},"end":{"line":102,"column":null}},"48":{"start":{"line":103,"column":4},"end":{"line":103,"column":null}},"49":{"start":{"line":103,"column":18},"end":{"line":103,"column":null}},"50":{"start":{"line":104,"column":4},"end":{"line":104,"column":null}},"51":{"start":{"line":107,"column":13},"end":{"line":259,"column":null}},"52":{"start":{"line":108,"column":10},"end":{"line":108,"column":37}},"53":{"start":{"line":109,"column":15},"end":{"line":109,"column":50}},"54":{"start":{"line":110,"column":24},"end":{"line":110,"column":null}},"55":{"start":{"line":111,"column":24},"end":{"line":111,"column":50}},"56":{"start":{"line":113,"column":26},"end":{"line":113,"column":null}},"57":{"start":{"line":114,"column":26},"end":{"line":114,"column":null}},"58":{"start":{"line":116,"column":22},"end":{"line":116,"column":null}},"59":{"start":{"line":117,"column":22},"end":{"line":117,"column":null}},"60":{"start":{"line":118,"column":22},"end":{"line":118,"column":null}},"61":{"start":{"line":120,"column":21},"end":{"line":120,"column":94}},"62":{"start":{"line":121,"column":21},"end":{"line":121,"column":90}},"63":{"start":{"line":122,"column":21},"end":{"line":122,"column":null}},"64":{"start":{"line":123,"column":26},"end":{"line":123,"column":43}},"65":{"start":{"line":125,"column":24},"end":{"line":125,"column":null}},"66":{"start":{"line":126,"column":24},"end":{"line":126,"column":null}},"67":{"start":{"line":127,"column":24},"end":{"line":127,"column":null}},"68":{"start":{"line":129,"column":20},"end":{"line":131,"column":null}},"69":{"start":{"line":133,"column":20},"end":{"line":135,"column":null}},"70":{"start":{"line":137,"column":4},"end":{"line":141,"column":null}},"71":{"start":{"line":138,"column":8},"end":{"line":138,"column":null}},"72":{"start":{"line":138,"column":23},"end":{"line":138,"column":62}},"73":{"start":{"line":138,"column":62},"end":{"line":138,"column":null}},"74":{"start":{"line":139,"column":18},"end":{"line":139,"column":59}},"75":{"start":{"line":139,"column":35},"end":{"line":139,"column":52}},"76":{"start":{"line":139,"column":46},"end":{"line":139,"column":52}},"77":{"start":{"line":140,"column":8},"end":{"line":140,"column":null}},"78":{"start":{"line":140,"column":21},"end":{"line":140,"column":36}},"79":{"start":{"line":143,"column":4},"end":{"line":259,"column":null}},"80":{"start":{"line":213,"column":20},"end":{"line":216,"column":null}},"81":{"start":{"line":250,"column":35},"end":{"line":250,"column":72}}},"fnMap":{"0":{"name":"useParticles","decl":{"start":{"line":31,"column":9},"end":{"line":31,"column":22}},"loc":{"start":{"line":31,"column":37},"end":{"line":88,"column":null}},"line":31},"1":{"name":"(anonymous_1)","decl":{"start":{"line":36,"column":18},"end":{"line":36,"column":31}},"loc":{"start":{"line":37,"column":8},"end":{"line":46,"column":11}},"line":37},"2":{"name":"(anonymous_2)","decl":{"start":{"line":37,"column":33},"end":{"line":37,"column":42}},"loc":{"start":{"line":37,"column":42},"end":{"line":46,"column":11}},"line":37},"3":{"name":"(anonymous_3)","decl":{"start":{"line":49,"column":4},"end":{"line":49,"column":20}},"loc":{"start":{"line":49,"column":20},"end":{"line":86,"column":8}},"line":49},"4":{"name":"(anonymous_4)","decl":{"start":{"line":54,"column":14},"end":{"line":54,"column":29}},"loc":{"start":{"line":54,"column":29},"end":{"line":57,"column":null}},"line":54},"5":{"name":"(anonymous_5)","decl":{"start":{"line":62,"column":14},"end":{"line":62,"column":27}},"loc":{"start":{"line":62,"column":27},"end":{"line":78,"column":null}},"line":62},"6":{"name":"(anonymous_6)","decl":{"start":{"line":64,"column":30},"end":{"line":64,"column":38}},"loc":{"start":{"line":64,"column":43},"end":{"line":76,"column":null}},"line":64},"7":{"name":"(anonymous_7)","decl":{"start":{"line":82,"column":8},"end":{"line":82,"column":21}},"loc":{"start":{"line":82,"column":21},"end":{"line":84,"column":null}},"line":82},"8":{"name":"initials","decl":{"start":{"line":91,"column":9},"end":{"line":91,"column":18}},"loc":{"start":{"line":91,"column":33},"end":{"line":93,"column":null}},"line":91},"9":{"name":"(anonymous_9)","decl":{"start":{"line":93,"column":27},"end":{"line":93,"column":31}},"loc":{"start":{"line":93,"column":36},"end":{"line":93,"column":41}},"line":93},"10":{"name":"hpPercent","decl":{"start":{"line":96,"column":9},"end":{"line":96,"column":19}},"loc":{"start":{"line":96,"column":51},"end":{"line":98,"column":null}},"line":96},"11":{"name":"hpColor","decl":{"start":{"line":101,"column":9},"end":{"line":101,"column":17}},"loc":{"start":{"line":101,"column":30},"end":{"line":104,"column":null}},"line":101},"12":{"name":"(anonymous_12)","decl":{"start":{"line":107,"column":13},"end":{"line":107,"column":51}},"loc":{"start":{"line":107,"column":133},"end":{"line":259,"column":null}},"line":107},"13":{"name":"(anonymous_13)","decl":{"start":{"line":137,"column":4},"end":{"line":137,"column":20}},"loc":{"start":{"line":137,"column":20},"end":{"line":141,"column":8}},"line":137},"14":{"name":"(anonymous_14)","decl":{"start":{"line":139,"column":18},"end":{"line":139,"column":35}},"loc":{"start":{"line":139,"column":35},"end":{"line":139,"column":52}},"line":139},"15":{"name":"(anonymous_15)","decl":{"start":{"line":139,"column":35},"end":{"line":139,"column":41}},"loc":{"start":{"line":139,"column":46},"end":{"line":139,"column":52}},"line":139},"16":{"name":"(anonymous_16)","decl":{"start":{"line":140,"column":8},"end":{"line":140,"column":21}},"loc":{"start":{"line":140,"column":21},"end":{"line":140,"column":36}},"line":140},"17":{"name":"(anonymous_17)","decl":{"start":{"line":212,"column":22},"end":{"line":212,"column":26}},"loc":{"start":{"line":213,"column":20},"end":{"line":216,"column":null}},"line":213},"18":{"name":"(anonymous_18)","decl":{"start":{"line":250,"column":20},"end":{"line":250,"column":35}},"loc":{"start":{"line":250,"column":35},"end":{"line":250,"column":72}},"line":250}},"branchMap":{"0":{"loc":{"start":{"line":51,"column":8},"end":{"line":51,"column":null}},"type":"if","locations":[{"start":{"line":51,"column":8},"end":{"line":51,"column":null}},{"start":{},"end":{}}],"line":51},"1":{"loc":{"start":{"line":68,"column":16},"end":{"line":71,"column":null}},"type":"if","locations":[{"start":{"line":68,"column":16},"end":{"line":71,"column":null}},{"start":{},"end":{}}],"line":68},"2":{"loc":{"start":{"line":92,"column":4},"end":{"line":92,"column":null}},"type":"if","locations":[{"start":{"line":92,"column":4},"end":{"line":92,"column":null}},{"start":{},"end":{}}],"line":92},"3":{"loc":{"start":{"line":97,"column":4},"end":{"line":97,"column":null}},"type":"if","locations":[{"start":{"line":97,"column":4},"end":{"line":97,"column":null}},{"start":{},"end":{}}],"line":97},"4":{"loc":{"start":{"line":97,"column":8},"end":{"line":97,"column":39}},"type":"binary-expr","locations":[{"start":{"line":97,"column":8},"end":{"line":97,"column":20}},{"start":{"line":97,"column":20},"end":{"line":97,"column":28}},{"start":{"line":97,"column":28},"end":{"line":97,"column":39}}],"line":97},"5":{"loc":{"start":{"line":102,"column":4},"end":{"line":102,"column":null}},"type":"if","locations":[{"start":{"line":102,"column":4},"end":{"line":102,"column":null}},{"start":{},"end":{}}],"line":102},"6":{"loc":{"start":{"line":103,"column":4},"end":{"line":103,"column":null}},"type":"if","locations":[{"start":{"line":103,"column":4},"end":{"line":103,"column":null}},{"start":{},"end":{}}],"line":103},"7":{"loc":{"start":{"line":113,"column":26},"end":{"line":113,"column":null}},"type":"binary-expr","locations":[{"start":{"line":113,"column":26},"end":{"line":113,"column":45}},{"start":{"line":113,"column":45},"end":{"line":113,"column":81}},{"start":{"line":113,"column":81},"end":{"line":113,"column":null}}],"line":113},"8":{"loc":{"start":{"line":114,"column":26},"end":{"line":114,"column":null}},"type":"binary-expr","locations":[{"start":{"line":114,"column":26},"end":{"line":114,"column":45}},{"start":{"line":114,"column":45},"end":{"line":114,"column":81}},{"start":{"line":114,"column":81},"end":{"line":114,"column":null}}],"line":114},"9":{"loc":{"start":{"line":117,"column":22},"end":{"line":117,"column":null}},"type":"cond-expr","locations":[{"start":{"line":117,"column":34},"end":{"line":117,"column":55}},{"start":{"line":117,"column":55},"end":{"line":117,"column":null}}],"line":117},"10":{"loc":{"start":{"line":118,"column":22},"end":{"line":118,"column":null}},"type":"cond-expr","locations":[{"start":{"line":118,"column":34},"end":{"line":118,"column":55}},{"start":{"line":118,"column":55},"end":{"line":118,"column":null}}],"line":118},"11":{"loc":{"start":{"line":122,"column":21},"end":{"line":122,"column":null}},"type":"cond-expr","locations":[{"start":{"line":122,"column":40},"end":{"line":122,"column":47}},{"start":{"line":122,"column":47},"end":{"line":122,"column":null}}],"line":122},"12":{"loc":{"start":{"line":129,"column":20},"end":{"line":131,"column":null}},"type":"cond-expr","locations":[{"start":{"line":129,"column":40},"end":{"line":129,"column":null}},{"start":{"line":130,"column":11},"end":{"line":131,"column":null}}],"line":129},"13":{"loc":{"start":{"line":130,"column":11},"end":{"line":131,"column":null}},"type":"cond-expr","locations":[{"start":{"line":130,"column":32},"end":{"line":130,"column":null}},{"start":{"line":131,"column":32},"end":{"line":131,"column":null}}],"line":130},"14":{"loc":{"start":{"line":130,"column":32},"end":{"line":130,"column":null}},"type":"cond-expr","locations":[{"start":{"line":130,"column":45},"end":{"line":130,"column":59}},{"start":{"line":130,"column":59},"end":{"line":130,"column":null}}],"line":130},"15":{"loc":{"start":{"line":131,"column":32},"end":{"line":131,"column":null}},"type":"cond-expr","locations":[{"start":{"line":131,"column":45},"end":{"line":131,"column":59}},{"start":{"line":131,"column":59},"end":{"line":131,"column":null}}],"line":131},"16":{"loc":{"start":{"line":133,"column":20},"end":{"line":135,"column":null}},"type":"cond-expr","locations":[{"start":{"line":133,"column":40},"end":{"line":133,"column":null}},{"start":{"line":134,"column":11},"end":{"line":135,"column":null}}],"line":133},"17":{"loc":{"start":{"line":134,"column":11},"end":{"line":135,"column":null}},"type":"cond-expr","locations":[{"start":{"line":134,"column":32},"end":{"line":134,"column":null}},{"start":{"line":135,"column":32},"end":{"line":135,"column":null}}],"line":134},"18":{"loc":{"start":{"line":134,"column":32},"end":{"line":134,"column":null}},"type":"cond-expr","locations":[{"start":{"line":134,"column":45},"end":{"line":134,"column":59}},{"start":{"line":134,"column":59},"end":{"line":134,"column":null}}],"line":134},"19":{"loc":{"start":{"line":135,"column":32},"end":{"line":135,"column":null}},"type":"cond-expr","locations":[{"start":{"line":135,"column":45},"end":{"line":135,"column":59}},{"start":{"line":135,"column":59},"end":{"line":135,"column":null}}],"line":135},"20":{"loc":{"start":{"line":138,"column":8},"end":{"line":138,"column":null}},"type":"if","locations":[{"start":{"line":138,"column":8},"end":{"line":138,"column":null}},{"start":{},"end":{}}],"line":138},"21":{"loc":{"start":{"line":211,"column":59},"end":{"line":211,"column":92}},"type":"binary-expr","locations":[{"start":{"line":211,"column":59},"end":{"line":211,"column":88}},{"start":{"line":211,"column":88},"end":{"line":211,"column":92}}],"line":211},"22":{"loc":{"start":{"line":220,"column":21},"end":{"line":227,"column":null}},"type":"binary-expr","locations":[{"start":{"line":220,"column":21},"end":{"line":220,"column":null}},{"start":{"line":221,"column":24},"end":{"line":227,"column":null}}],"line":220},"23":{"loc":{"start":{"line":224,"column":39},"end":{"line":224,"column":null}},"type":"cond-expr","locations":[{"start":{"line":224,"column":59},"end":{"line":224,"column":71}},{"start":{"line":224,"column":71},"end":{"line":224,"column":null}}],"line":224},"24":{"loc":{"start":{"line":226,"column":33},"end":{"line":226,"column":null}},"type":"cond-expr","locations":[{"start":{"line":226,"column":53},"end":{"line":226,"column":74}},{"start":{"line":226,"column":74},"end":{"line":226,"column":null}}],"line":226},"25":{"loc":{"start":{"line":233,"column":17},"end":{"line":244,"column":null}},"type":"binary-expr","locations":[{"start":{"line":233,"column":17},"end":{"line":233,"column":null}},{"start":{"line":234,"column":20},"end":{"line":244,"column":null}}],"line":233}},"s":{"0":1,"1":1,"2":1,"3":1,"4":1,"5":1,"6":1,"7":60,"8":1,"9":1,"10":1,"11":0,"12":1,"13":1,"14":1,"15":1,"16":1,"17":1,"18":1,"19":1,"20":1,"21":1,"22":60,"23":60,"24":60,"25":60,"26":0,"27":0,"28":0,"29":60,"30":60,"31":60,"32":1,"33":1,"34":1,"35":1,"36":1,"37":1,"38":1,"39":2,"40":0,"41":2,"42":2,"43":2,"44":0,"45":2,"46":2,"47":2,"48":0,"49":0,"50":0,"51":1,"52":1,"53":1,"54":1,"55":1,"56":1,"57":1,"58":1,"59":1,"60":1,"61":1,"62":1,"63":1,"64":1,"65":1,"66":1,"67":1,"68":1,"69":1,"70":1,"71":1,"72":0,"73":0,"74":1,"75":0,"76":0,"77":1,"78":1,"79":1,"80":3,"81":1},"f":{"0":1,"1":1,"2":60,"3":1,"4":1,"5":1,"6":60,"7":1,"8":2,"9":2,"10":2,"11":2,"12":1,"13":1,"14":0,"15":0,"16":1,"17":3,"18":1},"b":{"0":[0,1],"1":[0,60],"2":[0,2],"3":[0,2],"4":[2,2,2],"5":[2,0],"6":[0,0],"7":[1,0,0],"8":[1,0,0],"9":[1,0],"10":[1,0],"11":[1,0],"12":[0,1],"13":[1,0],"14":[1,0],"15":[0,0],"16":[0,1],"17":[1,0],"18":[0,1],"19":[0,0],"20":[0,1],"21":[1,1],"22":[1,1],"23":[1,0],"24":[1,0],"25":[1,1]},"meta":{"lastBranch":26,"lastFunction":19,"lastStatement":82,"seen":{"s:16:25:16:Infinity":0,"s:18:22:22:Infinity":1,"f:31:9:31:22":0,"s:32:10:32:53":2,"s:33:10:33:44":3,"s:34:10:34:39":4,"s:36:10:47:14":5,"f:36:18:36:31":1,"s:37:8:46:11":6,"f:37:33:37:42":2,"s:37:42:46:11":7,"s:49:4:86:Infinity":8,"f:49:4:49:20":3,"s:50:23:50:Infinity":9,"b:51:8:51:Infinity:undefined:undefined:undefined:undefined":0,"s:51:8:51:Infinity":10,"s:51:21:51:Infinity":11,"s:52:20:52:43":12,"s:54:14:57:Infinity":13,"f:54:14:54:29":4,"s:55:12:55:Infinity":14,"s:56:12:56:Infinity":15,"s:57:12:57:Infinity":16,"s:59:8:59:Infinity":17,"s:60:8:60:Infinity":18,"s:62:14:78:Infinity":19,"f:62:14:62:27":5,"s:63:12:63:Infinity":20,"s:64:12:76:Infinity":21,"f:64:30:64:38":6,"s:65:16:65:Infinity":22,"s:66:16:66:Infinity":23,"s:67:16:67:Infinity":24,"b:68:16:71:Infinity:undefined:undefined:undefined:undefined":1,"s:68:16:71:Infinity":25,"s:69:20:69:Infinity":26,"s:70:20:70:Infinity":27,"s:71:20:71:Infinity":28,"s:73:16:73:Infinity":29,"s:74:16:74:Infinity":30,"s:75:16:75:Infinity":31,"s:77:12:77:Infinity":32,"s:78:12:78:Infinity":33,"s:80:8:80:Infinity":34,"s:82:8:84:Infinity":35,"f:82:8:82:21":7,"s:83:12:83:Infinity":36,"s:84:12:84:Infinity":37,"s:88:4:88:Infinity":38,"f:91:9:91:18":8,"b:92:4:92:Infinity:undefined:undefined:undefined:undefined":2,"s:92:4:92:Infinity":39,"s:92:15:92:Infinity":40,"s:93:4:93:Infinity":41,"f:93:27:93:31":9,"s:93:36:93:41":42,"f:96:9:96:19":10,"b:97:4:97:Infinity:undefined:undefined:undefined:undefined":3,"s:97:4:97:Infinity":43,"b:97:8:97:20:97:20:97:28:97:28:97:39":4,"s:97:39:97:Infinity":44,"s:98:4:98:Infinity":45,"f:101:9:101:17":11,"b:102:4:102:Infinity:undefined:undefined:undefined:undefined":5,"s:102:4:102:Infinity":46,"s:102:18:102:Infinity":47,"b:103:4:103:Infinity:undefined:undefined:undefined:undefined":6,"s:103:4:103:Infinity":48,"s:103:18:103:Infinity":49,"s:104:4:104:Infinity":50,"s:107:13:259:Infinity":51,"f:107:13:107:51":12,"s:108:10:108:37":52,"s:109:15:109:50":53,"s:110:24:110:Infinity":54,"s:111:24:111:50":55,"s:113:26:113:Infinity":56,"b:113:26:113:45:113:45:113:81:113:81:113:Infinity":7,"s:114:26:114:Infinity":57,"b:114:26:114:45:114:45:114:81:114:81:114:Infinity":8,"s:116:22:116:Infinity":58,"s:117:22:117:Infinity":59,"b:117:34:117:55:117:55:117:Infinity":9,"s:118:22:118:Infinity":60,"b:118:34:118:55:118:55:118:Infinity":10,"s:120:21:120:94":61,"s:121:21:121:90":62,"s:122:21:122:Infinity":63,"b:122:40:122:47:122:47:122:Infinity":11,"s:123:26:123:43":64,"s:125:24:125:Infinity":65,"s:126:24:126:Infinity":66,"s:127:24:127:Infinity":67,"s:129:20:131:Infinity":68,"b:129:40:129:Infinity:130:11:131:Infinity":12,"b:130:32:130:Infinity:131:32:131:Infinity":13,"b:130:45:130:59:130:59:130:Infinity":14,"b:131:45:131:59:131:59:131:Infinity":15,"s:133:20:135:Infinity":69,"b:133:40:133:Infinity:134:11:135:Infinity":16,"b:134:32:134:Infinity:135:32:135:Infinity":17,"b:134:45:134:59:134:59:134:Infinity":18,"b:135:45:135:59:135:59:135:Infinity":19,"s:137:4:141:Infinity":70,"f:137:4:137:20":13,"b:138:8:138:Infinity:undefined:undefined:undefined:undefined":20,"s:138:8:138:Infinity":71,"s:138:23:138:62":72,"s:138:62:138:Infinity":73,"s:139:18:139:59":74,"f:139:18:139:35":14,"s:139:35:139:52":75,"f:139:35:139:41":15,"s:139:46:139:52":76,"s:140:8:140:Infinity":77,"f:140:8:140:21":16,"s:140:21:140:36":78,"s:143:4:259:Infinity":79,"b:211:59:211:88:211:88:211:92":21,"f:212:22:212:26":17,"s:213:20:216:Infinity":80,"b:220:21:220:Infinity:221:24:227:Infinity":22,"b:224:59:224:71:224:71:224:Infinity":23,"b:226:53:226:74:226:74:226:Infinity":24,"b:233:17:233:Infinity:234:20:244:Infinity":25,"f:250:20:250:35":18,"s:250:35:250:72":81}}}
,"C:\\Users\\range\\OneDrive\\Escritorio\\fight club front\\LAMENTACIONES_FRONTEND\\fight-club\\src\\modules\\Fight\\Components\\SelectCharacter\\StartFightButton.tsx": {"path":"C:\\Users\\range\\OneDrive\\Escritorio\\fight club front\\LAMENTACIONES_FRONTEND\\fight-club\\src\\modules\\Fight\\Components\\SelectCharacter\\StartFightButton.tsx","statementMap":{"0":{"start":{"line":12,"column":13},"end":{"line":73,"column":null}},"1":{"start":{"line":19,"column":30},"end":{"line":19,"column":70}},"2":{"start":{"line":21,"column":24},"end":{"line":23,"column":null}},"3":{"start":{"line":22,"column":8},"end":{"line":22,"column":null}},"4":{"start":{"line":22,"column":35},"end":{"line":22,"column":null}},"5":{"start":{"line":23,"column":8},"end":{"line":23,"column":null}},"6":{"start":{"line":26,"column":4},"end":{"line":73,"column":null}}},"fnMap":{"0":{"name":"(anonymous_0)","decl":{"start":{"line":12,"column":13},"end":{"line":12,"column":50}},"loc":{"start":{"line":18,"column":6},"end":{"line":73,"column":null}},"line":18},"1":{"name":"(anonymous_1)","decl":{"start":{"line":21,"column":24},"end":{"line":21,"column":36}},"loc":{"start":{"line":21,"column":36},"end":{"line":23,"column":null}},"line":21}},"branchMap":{"0":{"loc":{"start":{"line":16,"column":4},"end":{"line":16,"column":null}},"type":"default-arg","locations":[{"start":{"line":16,"column":15},"end":{"line":16,"column":null}}],"line":16},"1":{"loc":{"start":{"line":17,"column":4},"end":{"line":17,"column":null}},"type":"default-arg","locations":[{"start":{"line":17,"column":16},"end":{"line":17,"column":null}}],"line":17},"2":{"loc":{"start":{"line":22,"column":8},"end":{"line":22,"column":null}},"type":"if","locations":[{"start":{"line":22,"column":8},"end":{"line":22,"column":null}},{"start":{},"end":{}}],"line":22},"3":{"loc":{"start":{"line":22,"column":12},"end":{"line":22,"column":35}},"type":"binary-expr","locations":[{"start":{"line":22,"column":12},"end":{"line":22,"column":24}},{"start":{"line":22,"column":24},"end":{"line":22,"column":35}}],"line":22},"4":{"loc":{"start":{"line":30,"column":26},"end":{"line":30,"column":null}},"type":"binary-expr","locations":[{"start":{"line":30,"column":26},"end":{"line":30,"column":38}},{"start":{"line":30,"column":38},"end":{"line":30,"column":null}}],"line":30},"5":{"loc":{"start":{"line":48,"column":17},"end":{"line":56,"column":null}},"type":"cond-expr","locations":[{"start":{"line":49,"column":20},"end":{"line":54,"column":21}},{"start":{"line":54,"column":20},"end":{"line":56,"column":null}}],"line":48},"6":{"loc":{"start":{"line":60,"column":13},"end":{"line":65,"column":null}},"type":"binary-expr","locations":[{"start":{"line":60,"column":13},"end":{"line":60,"column":null}},{"start":{"line":61,"column":16},"end":{"line":65,"column":null}}],"line":60}},"s":{"0":1,"1":1,"2":1,"3":1,"4":0,"5":1,"6":1},"f":{"0":1,"1":1},"b":{"0":[1],"1":[1],"2":[0,1],"3":[1,1],"4":[1,1],"5":[0,1],"6":[1,0]},"meta":{"lastBranch":7,"lastFunction":2,"lastStatement":7,"seen":{"s:12:13:73:Infinity":0,"f:12:13:12:50":0,"b:16:15:16:Infinity":0,"b:17:16:17:Infinity":1,"s:19:30:19:70":1,"s:21:24:23:Infinity":2,"f:21:24:21:36":1,"b:22:8:22:Infinity:undefined:undefined:undefined:undefined":2,"s:22:8:22:Infinity":3,"b:22:12:22:24:22:24:22:35":3,"s:22:35:22:Infinity":4,"s:23:8:23:Infinity":5,"s:26:4:73:Infinity":6,"b:30:26:30:38:30:38:30:Infinity":4,"b:49:20:54:21:54:20:56:Infinity":5,"b:60:13:60:Infinity:61:16:65:Infinity":6}}}
,"C:\\Users\\range\\OneDrive\\Escritorio\\fight club front\\LAMENTACIONES_FRONTEND\\fight-club\\src\\modules\\Fight\\Components\\SelectCharacter\\footerSC.tsx": {"path":"C:\\Users\\range\\OneDrive\\Escritorio\\fight club front\\LAMENTACIONES_FRONTEND\\fight-club\\src\\modules\\Fight\\Components\\SelectCharacter\\footerSC.tsx","statementMap":{"0":{"start":{"line":8,"column":13},"end":{"line":24,"column":null}},"1":{"start":{"line":9,"column":4},"end":{"line":24,"column":null}}},"fnMap":{"0":{"name":"(anonymous_0)","decl":{"start":{"line":8,"column":13},"end":{"line":8,"column":55}},"loc":{"start":{"line":8,"column":94},"end":{"line":24,"column":null}},"line":8}},"branchMap":{"0":{"loc":{"start":{"line":16,"column":22},"end":{"line":18,"column":null}},"type":"cond-expr","locations":[{"start":{"line":17,"column":26},"end":{"line":17,"column":null}},{"start":{"line":18,"column":26},"end":{"line":18,"column":null}}],"line":16},"1":{"loc":{"start":{"line":22,"column":17},"end":{"line":22,"column":null}},"type":"cond-expr","locations":[{"start":{"line":22,"column":36},"end":{"line":22,"column":54}},{"start":{"line":22,"column":54},"end":{"line":22,"column":null}}],"line":22}},"s":{"0":1,"1":1},"f":{"0":1},"b":{"0":[0,1],"1":[0,1]},"meta":{"lastBranch":2,"lastFunction":1,"lastStatement":2,"seen":{"s:8:13:24:Infinity":0,"f:8:13:8:55":0,"s:9:4:24:Infinity":1,"b:17:26:17:Infinity:18:26:18:Infinity":0,"b:22:36:22:54:22:54:22:Infinity":1}}}
,"C:\\Users\\range\\OneDrive\\Escritorio\\fight club front\\LAMENTACIONES_FRONTEND\\fight-club\\src\\modules\\Fight\\Components\\SelectCharacter\\headerSC.tsx": {"path":"C:\\Users\\range\\OneDrive\\Escritorio\\fight club front\\LAMENTACIONES_FRONTEND\\fight-club\\src\\modules\\Fight\\Components\\SelectCharacter\\headerSC.tsx","statementMap":{"0":{"start":{"line":4,"column":13},"end":{"line":12,"column":null}},"1":{"start":{"line":5,"column":4},"end":{"line":12,"column":null}}},"fnMap":{"0":{"name":"(anonymous_0)","decl":{"start":{"line":4,"column":13},"end":{"line":4,"column":55}},"loc":{"start":{"line":4,"column":75},"end":{"line":12,"column":null}},"line":4}},"branchMap":{"0":{"loc":{"start":{"line":9,"column":61},"end":{"line":9,"column":105}},"type":"cond-expr","locations":[{"start":{"line":9,"column":75},"end":{"line":9,"column":92}},{"start":{"line":9,"column":92},"end":{"line":9,"column":105}}],"line":9},"1":{"loc":{"start":{"line":11,"column":25},"end":{"line":11,"column":null}},"type":"cond-expr","locations":[{"start":{"line":11,"column":39},"end":{"line":11,"column":53}},{"start":{"line":11,"column":53},"end":{"line":11,"column":null}}],"line":11}},"s":{"0":1,"1":1},"f":{"0":1},"b":{"0":[1,0],"1":[1,0]},"meta":{"lastBranch":2,"lastFunction":1,"lastStatement":2,"seen":{"s:4:13:12:Infinity":0,"f:4:13:4:55":0,"s:5:4:12:Infinity":1,"b:9:75:9:92:9:92:9:105":0,"b:11:39:11:53:11:53:11:Infinity":1}}}
,"C:\\Users\\range\\OneDrive\\Escritorio\\fight club front\\LAMENTACIONES_FRONTEND\\fight-club\\src\\modules\\Lobby\\Components\\MainLobbyPage\\Header\\ConfigButton.tsx": {"path":"C:\\Users\\range\\OneDrive\\Escritorio\\fight club front\\LAMENTACIONES_FRONTEND\\fight-club\\src\\modules\\Lobby\\Components\\MainLobbyPage\\Header\\ConfigButton.tsx","statementMap":{"0":{"start":{"line":3,"column":13},"end":{"line":7,"column":null}},"1":{"start":{"line":4,"column":4},"end":{"line":7,"column":null}}},"fnMap":{"0":{"name":"(anonymous_0)","decl":{"start":{"line":3,"column":13},"end":{"line":3,"column":52}},"loc":{"start":{"line":3,"column":52},"end":{"line":7,"column":null}},"line":3}},"branchMap":{},"s":{"0":1,"1":2},"f":{"0":2},"b":{},"meta":{"lastBranch":0,"lastFunction":1,"lastStatement":2,"seen":{"s:3:13:7:Infinity":0,"f:3:13:3:52":0,"s:4:4:7:Infinity":1}}}
,"C:\\Users\\range\\OneDrive\\Escritorio\\fight club front\\LAMENTACIONES_FRONTEND\\fight-club\\src\\modules\\Lobby\\Components\\MainLobbyPage\\Header\\FriendButton.tsx": {"path":"C:\\Users\\range\\OneDrive\\Escritorio\\fight club front\\LAMENTACIONES_FRONTEND\\fight-club\\src\\modules\\Lobby\\Components\\MainLobbyPage\\Header\\FriendButton.tsx","statementMap":{"0":{"start":{"line":3,"column":13},"end":{"line":7,"column":null}},"1":{"start":{"line":4,"column":4},"end":{"line":7,"column":null}}},"fnMap":{"0":{"name":"(anonymous_0)","decl":{"start":{"line":3,"column":13},"end":{"line":3,"column":45}},"loc":{"start":{"line":3,"column":45},"end":{"line":7,"column":null}},"line":3}},"branchMap":{},"s":{"0":1,"1":2},"f":{"0":2},"b":{},"meta":{"lastBranch":0,"lastFunction":1,"lastStatement":2,"seen":{"s:3:13:7:Infinity":0,"f:3:13:3:45":0,"s:4:4:7:Infinity":1}}}
,"C:\\Users\\range\\OneDrive\\Escritorio\\fight club front\\LAMENTACIONES_FRONTEND\\fight-club\\src\\modules\\Lobby\\Components\\MainLobbyPage\\Header\\LobbyHeader.tsx": {"path":"C:\\Users\\range\\OneDrive\\Escritorio\\fight club front\\LAMENTACIONES_FRONTEND\\fight-club\\src\\modules\\Lobby\\Components\\MainLobbyPage\\Header\\LobbyHeader.tsx","statementMap":{"0":{"start":{"line":12,"column":13},"end":{"line":27,"column":null}},"1":{"start":{"line":13,"column":4},"end":{"line":27,"column":null}}},"fnMap":{"0":{"name":"(anonymous_0)","decl":{"start":{"line":12,"column":13},"end":{"line":12,"column":45}},"loc":{"start":{"line":12,"column":71},"end":{"line":27,"column":null}},"line":12}},"branchMap":{},"s":{"0":1,"1":1},"f":{"0":1},"b":{},"meta":{"lastBranch":0,"lastFunction":1,"lastStatement":2,"seen":{"s:12:13:27:Infinity":0,"f:12:13:12:45":0,"s:13:4:27:Infinity":1}}}
,"C:\\Users\\range\\OneDrive\\Escritorio\\fight club front\\LAMENTACIONES_FRONTEND\\fight-club\\src\\modules\\Lobby\\Components\\MainLobbyPage\\Header\\NotificationButton.tsx": {"path":"C:\\Users\\range\\OneDrive\\Escritorio\\fight club front\\LAMENTACIONES_FRONTEND\\fight-club\\src\\modules\\Lobby\\Components\\MainLobbyPage\\Header\\NotificationButton.tsx","statementMap":{"0":{"start":{"line":4,"column":13},"end":{"line":106,"column":null}},"1":{"start":{"line":5,"column":19},"end":{"line":5,"column":51}},"2":{"start":{"line":6,"column":17},"end":{"line":6,"column":43}},"3":{"start":{"line":8,"column":10},"end":{"line":8,"column":null}},"4":{"start":{"line":9,"column":17},"end":{"line":9,"column":77}},"5":{"start":{"line":12,"column":21},"end":{"line":17,"column":null}},"6":{"start":{"line":13,"column":8},"end":{"line":13,"column":null}},"7":{"start":{"line":13,"column":21},"end":{"line":13,"column":null}},"8":{"start":{"line":14,"column":8},"end":{"line":17,"column":null}},"9":{"start":{"line":15,"column":22},"end":{"line":15,"column":95}},"10":{"start":{"line":16,"column":12},"end":{"line":16,"column":null}},"11":{"start":{"line":16,"column":22},"end":{"line":16,"column":null}},"12":{"start":{"line":20,"column":26},"end":{"line":28,"column":null}},"13":{"start":{"line":21,"column":8},"end":{"line":21,"column":null}},"14":{"start":{"line":21,"column":21},"end":{"line":21,"column":null}},"15":{"start":{"line":22,"column":8},"end":{"line":28,"column":null}},"16":{"start":{"line":23,"column":12},"end":{"line":25,"column":null}},"17":{"start":{"line":27,"column":12},"end":{"line":27,"column":null}},"18":{"start":{"line":27,"column":30},"end":{"line":27,"column":67}},"19":{"start":{"line":27,"column":45},"end":{"line":27,"column":67}},"20":{"start":{"line":31,"column":4},"end":{"line":35,"column":null}},"21":{"start":{"line":32,"column":8},"end":{"line":32,"column":null}},"22":{"start":{"line":33,"column":25},"end":{"line":33,"column":53}},"23":{"start":{"line":34,"column":8},"end":{"line":34,"column":null}},"24":{"start":{"line":34,"column":21},"end":{"line":34,"column":44}},"25":{"start":{"line":37,"column":24},"end":{"line":37,"column":null}},"26":{"start":{"line":37,"column":43},"end":{"line":37,"column":51}},"27":{"start":{"line":39,"column":10},"end":{"line":43,"column":null}},"28":{"start":{"line":40,"column":24},"end":{"line":40,"column":null}},"29":{"start":{"line":41,"column":8},"end":{"line":41,"column":null}},"30":{"start":{"line":41,"column":24},"end":{"line":41,"column":30}},"31":{"start":{"line":43,"column":8},"end":{"line":43,"column":null}},"32":{"start":{"line":43,"column":40},"end":{"line":43,"column":null}},"33":{"start":{"line":47,"column":10},"end":{"line":48,"column":null}},"34":{"start":{"line":48,"column":8},"end":{"line":48,"column":null}},"35":{"start":{"line":48,"column":29},"end":{"line":48,"column":null}},"36":{"start":{"line":51,"column":4},"end":{"line":106,"column":null}},"37":{"start":{"line":86,"column":32},"end":{"line":103,"column":null}}},"fnMap":{"0":{"name":"(anonymous_0)","decl":{"start":{"line":4,"column":13},"end":{"line":4,"column":51}},"loc":{"start":{"line":4,"column":51},"end":{"line":106,"column":null}},"line":4},"1":{"name":"(anonymous_1)","decl":{"start":{"line":12,"column":21},"end":{"line":12,"column":33}},"loc":{"start":{"line":12,"column":33},"end":{"line":17,"column":null}},"line":12},"2":{"name":"(anonymous_2)","decl":{"start":{"line":20,"column":26},"end":{"line":20,"column":38}},"loc":{"start":{"line":20,"column":38},"end":{"line":28,"column":null}},"line":20},"3":{"name":"(anonymous_3)","decl":{"start":{"line":27,"column":12},"end":{"line":27,"column":22}},"loc":{"start":{"line":27,"column":30},"end":{"line":27,"column":67}},"line":27},"4":{"name":"(anonymous_4)","decl":{"start":{"line":27,"column":35},"end":{"line":27,"column":39}},"loc":{"start":{"line":27,"column":45},"end":{"line":27,"column":67}},"line":27},"5":{"name":"(anonymous_5)","decl":{"start":{"line":31,"column":4},"end":{"line":31,"column":20}},"loc":{"start":{"line":31,"column":20},"end":{"line":35,"column":8}},"line":31},"6":{"name":"(anonymous_6)","decl":{"start":{"line":34,"column":8},"end":{"line":34,"column":21}},"loc":{"start":{"line":34,"column":21},"end":{"line":34,"column":44}},"line":34},"7":{"name":"(anonymous_7)","decl":{"start":{"line":37,"column":31},"end":{"line":37,"column":38}},"loc":{"start":{"line":37,"column":43},"end":{"line":37,"column":51}},"line":37},"8":{"name":"(anonymous_8)","decl":{"start":{"line":39,"column":10},"end":{"line":39,"column":29}},"loc":{"start":{"line":39,"column":29},"end":{"line":43,"column":null}},"line":39},"9":{"name":"(anonymous_9)","decl":{"start":{"line":41,"column":8},"end":{"line":41,"column":16}},"loc":{"start":{"line":41,"column":24},"end":{"line":41,"column":30}},"line":41},"10":{"name":"(anonymous_10)","decl":{"start":{"line":47,"column":10},"end":{"line":47,"column":35}},"loc":{"start":{"line":47,"column":35},"end":{"line":48,"column":null}},"line":47},"11":{"name":"(anonymous_11)","decl":{"start":{"line":85,"column":35},"end":{"line":85,"column":40}},"loc":{"start":{"line":86,"column":32},"end":{"line":103,"column":null}},"line":86}},"branchMap":{"0":{"loc":{"start":{"line":13,"column":8},"end":{"line":13,"column":null}},"type":"if","locations":[{"start":{"line":13,"column":8},"end":{"line":13,"column":null}},{"start":{},"end":{}}],"line":13},"1":{"loc":{"start":{"line":16,"column":12},"end":{"line":16,"column":null}},"type":"if","locations":[{"start":{"line":16,"column":12},"end":{"line":16,"column":null}},{"start":{},"end":{}}],"line":16},"2":{"loc":{"start":{"line":21,"column":8},"end":{"line":21,"column":null}},"type":"if","locations":[{"start":{"line":21,"column":8},"end":{"line":21,"column":null}},{"start":{},"end":{}}],"line":21},"3":{"loc":{"start":{"line":43,"column":8},"end":{"line":43,"column":null}},"type":"if","locations":[{"start":{"line":43,"column":8},"end":{"line":43,"column":null}},{"start":{},"end":{}}],"line":43},"4":{"loc":{"start":{"line":43,"column":12},"end":{"line":43,"column":40}},"type":"binary-expr","locations":[{"start":{"line":43,"column":12},"end":{"line":43,"column":23}},{"start":{"line":43,"column":23},"end":{"line":43,"column":40}}],"line":43},"5":{"loc":{"start":{"line":48,"column":8},"end":{"line":48,"column":null}},"type":"if","locations":[{"start":{"line":48,"column":8},"end":{"line":48,"column":null}},{"start":{},"end":{}}],"line":48},"6":{"loc":{"start":{"line":58,"column":17},"end":{"line":61,"column":null}},"type":"binary-expr","locations":[{"start":{"line":58,"column":17},"end":{"line":58,"column":null}},{"start":{"line":59,"column":20},"end":{"line":61,"column":null}}],"line":58},"7":{"loc":{"start":{"line":60,"column":25},"end":{"line":60,"column":null}},"type":"cond-expr","locations":[{"start":{"line":60,"column":43},"end":{"line":60,"column":50}},{"start":{"line":60,"column":50},"end":{"line":60,"column":null}}],"line":60},"8":{"loc":{"start":{"line":65,"column":13},"end":{"line":106,"column":null}},"type":"binary-expr","locations":[{"start":{"line":65,"column":13},"end":{"line":65,"column":null}},{"start":{"line":66,"column":16},"end":{"line":106,"column":null}}],"line":65},"9":{"loc":{"start":{"line":80,"column":25},"end":{"line":103,"column":null}},"type":"cond-expr","locations":[{"start":{"line":81,"column":28},"end":{"line":85,"column":35}},{"start":{"line":85,"column":28},"end":{"line":103,"column":null}}],"line":80},"10":{"loc":{"start":{"line":90,"column":40},"end":{"line":92,"column":null}},"type":"cond-expr","locations":[{"start":{"line":91,"column":46},"end":{"line":91,"column":null}},{"start":{"line":92,"column":46},"end":{"line":92,"column":null}}],"line":90},"11":{"loc":{"start":{"line":95,"column":61},"end":{"line":95,"column":null}},"type":"cond-expr","locations":[{"start":{"line":95,"column":71},"end":{"line":95,"column":86}},{"start":{"line":95,"column":86},"end":{"line":95,"column":null}}],"line":95},"12":{"loc":{"start":{"line":98,"column":37},"end":{"line":101,"column":null}},"type":"binary-expr","locations":[{"start":{"line":98,"column":37},"end":{"line":98,"column":null}},{"start":{"line":99,"column":40},"end":{"line":101,"column":null}}],"line":98}},"s":{"0":1,"1":2,"2":2,"3":2,"4":2,"5":2,"6":2,"7":2,"8":0,"9":0,"10":0,"11":0,"12":2,"13":0,"14":0,"15":0,"16":0,"17":0,"18":0,"19":0,"20":2,"21":2,"22":2,"23":2,"24":2,"25":2,"26":0,"27":2,"28":0,"29":0,"30":0,"31":0,"32":0,"33":2,"34":0,"35":0,"36":2,"37":0},"f":{"0":2,"1":2,"2":0,"3":0,"4":0,"5":2,"6":2,"7":0,"8":0,"9":0,"10":0,"11":0},"b":{"0":[2,0],"1":[0,0],"2":[0,0],"3":[0,0],"4":[0,0],"5":[0,0],"6":[2,0],"7":[0,0],"8":[2,0],"9":[0,0],"10":[0,0],"11":[0,0],"12":[0,0]},"meta":{"lastBranch":13,"lastFunction":12,"lastStatement":38,"seen":{"s:4:13:106:Infinity":0,"f:4:13:4:51":0,"s:5:19:5:51":1,"s:6:17:6:43":2,"s:8:10:8:Infinity":3,"s:9:17:9:77":4,"s:12:21:17:Infinity":5,"f:12:21:12:33":1,"b:13:8:13:Infinity:undefined:undefined:undefined:undefined":0,"s:13:8:13:Infinity":6,"s:13:21:13:Infinity":7,"s:14:8:17:Infinity":8,"s:15:22:15:95":9,"b:16:12:16:Infinity:undefined:undefined:undefined:undefined":1,"s:16:12:16:Infinity":10,"s:16:22:16:Infinity":11,"s:20:26:28:Infinity":12,"f:20:26:20:38":2,"b:21:8:21:Infinity:undefined:undefined:undefined:undefined":2,"s:21:8:21:Infinity":13,"s:21:21:21:Infinity":14,"s:22:8:28:Infinity":15,"s:23:12:25:Infinity":16,"s:27:12:27:Infinity":17,"f:27:12:27:22":3,"s:27:30:27:67":18,"f:27:35:27:39":4,"s:27:45:27:67":19,"s:31:4:35:Infinity":20,"f:31:4:31:20":5,"s:32:8:32:Infinity":21,"s:33:25:33:53":22,"s:34:8:34:Infinity":23,"f:34:8:34:21":6,"s:34:21:34:44":24,"s:37:24:37:Infinity":25,"f:37:31:37:38":7,"s:37:43:37:51":26,"s:39:10:43:Infinity":27,"f:39:10:39:29":8,"s:40:24:40:Infinity":28,"s:41:8:41:Infinity":29,"f:41:8:41:16":9,"s:41:24:41:30":30,"b:43:8:43:Infinity:undefined:undefined:undefined:undefined":3,"s:43:8:43:Infinity":31,"b:43:12:43:23:43:23:43:40":4,"s:43:40:43:Infinity":32,"s:47:10:48:Infinity":33,"f:47:10:47:35":10,"b:48:8:48:Infinity:undefined:undefined:undefined:undefined":5,"s:48:8:48:Infinity":34,"s:48:29:48:Infinity":35,"s:51:4:106:Infinity":36,"b:58:17:58:Infinity:59:20:61:Infinity":6,"b:60:43:60:50:60:50:60:Infinity":7,"b:65:13:65:Infinity:66:16:106:Infinity":8,"b:81:28:85:35:85:28:103:Infinity":9,"f:85:35:85:40":11,"s:86:32:103:Infinity":37,"b:91:46:91:Infinity:92:46:92:Infinity":10,"b:95:71:95:86:95:86:95:Infinity":11,"b:98:37:98:Infinity:99:40:101:Infinity":12}}}
,"C:\\Users\\range\\OneDrive\\Escritorio\\fight club front\\LAMENTACIONES_FRONTEND\\fight-club\\src\\modules\\Lobby\\Components\\MainLobbyPage\\Header\\ProfileButtom.tsx": {"path":"C:\\Users\\range\\OneDrive\\Escritorio\\fight club front\\LAMENTACIONES_FRONTEND\\fight-club\\src\\modules\\Lobby\\Components\\MainLobbyPage\\Header\\ProfileButtom.tsx","statementMap":{"0":{"start":{"line":9,"column":13},"end":{"line":36,"column":null}},"1":{"start":{"line":10,"column":10},"end":{"line":10,"column":34}},"2":{"start":{"line":12,"column":23},"end":{"line":12,"column":86}},"3":{"start":{"line":13,"column":19},"end":{"line":15,"column":null}},"4":{"start":{"line":17,"column":4},"end":{"line":36,"column":null}},"5":{"start":{"line":19,"column":27},"end":{"line":19,"column":58}},"6":{"start":{"line":27,"column":24},"end":{"line":27,"column":null}}},"fnMap":{"0":{"name":"(anonymous_0)","decl":{"start":{"line":9,"column":13},"end":{"line":9,"column":47}},"loc":{"start":{"line":9,"column":73},"end":{"line":36,"column":null}},"line":9},"1":{"name":"(anonymous_1)","decl":{"start":{"line":19,"column":12},"end":{"line":19,"column":27}},"loc":{"start":{"line":19,"column":27},"end":{"line":19,"column":58}},"line":19},"2":{"name":"(anonymous_2)","decl":{"start":{"line":26,"column":20},"end":{"line":26,"column":30}},"loc":{"start":{"line":26,"column":36},"end":{"line":27,"column":null}},"line":26}},"branchMap":{"0":{"loc":{"start":{"line":12,"column":23},"end":{"line":12,"column":86}},"type":"binary-expr","locations":[{"start":{"line":12,"column":23},"end":{"line":12,"column":52}},{"start":{"line":12,"column":56},"end":{"line":12,"column":86}}],"line":12},"1":{"loc":{"start":{"line":13,"column":19},"end":{"line":15,"column":null}},"type":"cond-expr","locations":[{"start":{"line":14,"column":10},"end":{"line":14,"column":null}},{"start":{"line":15,"column":10},"end":{"line":15,"column":null}}],"line":13}},"s":{"0":1,"1":2,"2":2,"3":2,"4":2,"5":1,"6":0},"f":{"0":2,"1":1,"2":0},"b":{"0":[2,1],"1":[1,1]},"meta":{"lastBranch":2,"lastFunction":3,"lastStatement":7,"seen":{"s:9:13:36:Infinity":0,"f:9:13:9:47":0,"s:10:10:10:34":1,"s:12:23:12:86":2,"b:12:23:12:52:12:56:12:86":0,"s:13:19:15:Infinity":3,"b:14:10:14:Infinity:15:10:15:Infinity":1,"s:17:4:36:Infinity":4,"f:19:12:19:27":1,"s:19:27:19:58":5,"f:26:20:26:30":2,"s:27:24:27:Infinity":6}}}
,"C:\\Users\\range\\OneDrive\\Escritorio\\fight club front\\LAMENTACIONES_FRONTEND\\fight-club\\src\\modules\\Lobby\\Components\\MainLobbyPage\\RigthSideBar\\CreatePrivateButton.tsx": {"path":"C:\\Users\\range\\OneDrive\\Escritorio\\fight club front\\LAMENTACIONES_FRONTEND\\fight-club\\src\\modules\\Lobby\\Components\\MainLobbyPage\\RigthSideBar\\CreatePrivateButton.tsx","statementMap":{"0":{"start":{"line":4,"column":13},"end":{"line":17,"column":null}},"1":{"start":{"line":5,"column":12},"end":{"line":5,"column":45}},"2":{"start":{"line":7,"column":4},"end":{"line":17,"column":null}}},"fnMap":{"0":{"name":"(anonymous_0)","decl":{"start":{"line":4,"column":13},"end":{"line":4,"column":51}},"loc":{"start":{"line":4,"column":51},"end":{"line":17,"column":null}},"line":4}},"branchMap":{},"s":{"0":1,"1":1,"2":1},"f":{"0":1},"b":{},"meta":{"lastBranch":0,"lastFunction":1,"lastStatement":3,"seen":{"s:4:13:17:Infinity":0,"f:4:13:4:51":0,"s:5:12:5:45":1,"s:7:4:17:Infinity":2}}}
,"C:\\Users\\range\\OneDrive\\Escritorio\\fight club front\\LAMENTACIONES_FRONTEND\\fight-club\\src\\modules\\Lobby\\Components\\MainLobbyPage\\RigthSideBar\\JoinPrivateButton.tsx": {"path":"C:\\Users\\range\\OneDrive\\Escritorio\\fight club front\\LAMENTACIONES_FRONTEND\\fight-club\\src\\modules\\Lobby\\Components\\MainLobbyPage\\RigthSideBar\\JoinPrivateButton.tsx","statementMap":{"0":{"start":{"line":4,"column":13},"end":{"line":24,"column":null}},"1":{"start":{"line":5,"column":19},"end":{"line":5,"column":47}},"2":{"start":{"line":7,"column":4},"end":{"line":24,"column":null}},"3":{"start":{"line":10,"column":33},"end":{"line":10,"column":null}},"4":{"start":{"line":22,"column":59},"end":{"line":22,"column":75}}},"fnMap":{"0":{"name":"(anonymous_0)","decl":{"start":{"line":4,"column":13},"end":{"line":4,"column":49}},"loc":{"start":{"line":4,"column":49},"end":{"line":24,"column":null}},"line":4},"1":{"name":"(anonymous_1)","decl":{"start":{"line":10,"column":16},"end":{"line":10,"column":31}},"loc":{"start":{"line":10,"column":31},"end":{"line":10,"column":null}},"line":10},"2":{"name":"(anonymous_2)","decl":{"start":{"line":22,"column":44},"end":{"line":22,"column":59}},"loc":{"start":{"line":22,"column":59},"end":{"line":22,"column":75}},"line":22}},"branchMap":{"0":{"loc":{"start":{"line":22,"column":16},"end":{"line":24,"column":null}},"type":"binary-expr","locations":[{"start":{"line":22,"column":16},"end":{"line":22,"column":26}},{"start":{"line":22,"column":26},"end":{"line":24,"column":null}}],"line":22}},"s":{"0":1,"1":3,"2":3,"3":1,"4":0},"f":{"0":3,"1":1,"2":0},"b":{"0":[3,1]},"meta":{"lastBranch":1,"lastFunction":3,"lastStatement":5,"seen":{"s:4:13:24:Infinity":0,"f:4:13:4:49":0,"s:5:19:5:47":1,"s:7:4:24:Infinity":2,"f:10:16:10:31":1,"s:10:33:10:Infinity":3,"b:22:16:22:26:22:26:24:Infinity":0,"f:22:44:22:59":2,"s:22:59:22:75":4}}}
,"C:\\Users\\range\\OneDrive\\Escritorio\\fight club front\\LAMENTACIONES_FRONTEND\\fight-club\\src\\modules\\Lobby\\Components\\MainLobbyPage\\RigthSideBar\\JoinPublicButton.tsx": {"path":"C:\\Users\\range\\OneDrive\\Escritorio\\fight club front\\LAMENTACIONES_FRONTEND\\fight-club\\src\\modules\\Lobby\\Components\\MainLobbyPage\\RigthSideBar\\JoinPublicButton.tsx","statementMap":{"0":{"start":{"line":4,"column":13},"end":{"line":20,"column":null}},"1":{"start":{"line":5,"column":19},"end":{"line":5,"column":47}},"2":{"start":{"line":8,"column":4},"end":{"line":20,"column":null}},"3":{"start":{"line":10,"column":35},"end":{"line":10,"column":55}},"4":{"start":{"line":18,"column":54},"end":{"line":18,"column":70}}},"fnMap":{"0":{"name":"(anonymous_0)","decl":{"start":{"line":4,"column":13},"end":{"line":4,"column":48}},"loc":{"start":{"line":4,"column":48},"end":{"line":20,"column":null}},"line":4},"1":{"name":"(anonymous_1)","decl":{"start":{"line":10,"column":18},"end":{"line":10,"column":33}},"loc":{"start":{"line":10,"column":33},"end":{"line":10,"column":55}},"line":10},"2":{"name":"(anonymous_2)","decl":{"start":{"line":18,"column":39},"end":{"line":18,"column":54}},"loc":{"start":{"line":18,"column":54},"end":{"line":18,"column":70}},"line":18}},"branchMap":{"0":{"loc":{"start":{"line":18,"column":12},"end":{"line":20,"column":null}},"type":"binary-expr","locations":[{"start":{"line":18,"column":12},"end":{"line":18,"column":22}},{"start":{"line":18,"column":22},"end":{"line":20,"column":null}}],"line":18}},"s":{"0":1,"1":3,"2":3,"3":1,"4":0},"f":{"0":3,"1":1,"2":0},"b":{"0":[3,1]},"meta":{"lastBranch":1,"lastFunction":3,"lastStatement":5,"seen":{"s:4:13:20:Infinity":0,"f:4:13:4:48":0,"s:5:19:5:47":1,"s:8:4:20:Infinity":2,"f:10:18:10:33":1,"s:10:35:10:55":3,"b:18:12:18:22:18:22:20:Infinity":0,"f:18:39:18:54":2,"s:18:54:18:70":4}}}
,"C:\\Users\\range\\OneDrive\\Escritorio\\fight club front\\LAMENTACIONES_FRONTEND\\fight-club\\src\\modules\\Lobby\\Components\\MainLobbyPage\\RigthSideBar\\RightSideBar.tsx": {"path":"C:\\Users\\range\\OneDrive\\Escritorio\\fight club front\\LAMENTACIONES_FRONTEND\\fight-club\\src\\modules\\Lobby\\Components\\MainLobbyPage\\RigthSideBar\\RightSideBar.tsx","statementMap":{"0":{"start":{"line":8,"column":13},"end":{"line":21,"column":null}},"1":{"start":{"line":9,"column":4},"end":{"line":21,"column":null}}},"fnMap":{"0":{"name":"(anonymous_0)","decl":{"start":{"line":8,"column":13},"end":{"line":8,"column":43}},"loc":{"start":{"line":8,"column":43},"end":{"line":21,"column":null}},"line":8}},"branchMap":{},"s":{"0":1,"1":1},"f":{"0":1},"b":{},"meta":{"lastBranch":0,"lastFunction":1,"lastStatement":2,"seen":{"s:8:13:21:Infinity":0,"f:8:13:8:43":0,"s:9:4:21:Infinity":1}}}
,"C:\\Users\\range\\OneDrive\\Escritorio\\fight club front\\LAMENTACIONES_FRONTEND\\fight-club\\src\\modules\\Lobby\\Components\\PrivateRoomPopUp\\CloseButtomPop.tsx": {"path":"C:\\Users\\range\\OneDrive\\Escritorio\\fight club front\\LAMENTACIONES_FRONTEND\\fight-club\\src\\modules\\Lobby\\Components\\PrivateRoomPopUp\\CloseButtomPop.tsx","statementMap":{"0":{"start":{"line":7,"column":13},"end":{"line":17,"column":null}},"1":{"start":{"line":8,"column":4},"end":{"line":17,"column":null}}},"fnMap":{"0":{"name":"(anonymous_0)","decl":{"start":{"line":7,"column":13},"end":{"line":7,"column":50}},"loc":{"start":{"line":7,"column":66},"end":{"line":17,"column":null}},"line":7}},"branchMap":{},"s":{"0":1,"1":1},"f":{"0":1},"b":{},"meta":{"lastBranch":0,"lastFunction":1,"lastStatement":2,"seen":{"s:7:13:17:Infinity":0,"f:7:13:7:50":0,"s:8:4:17:Infinity":1}}}
,"C:\\Users\\range\\OneDrive\\Escritorio\\fight club front\\LAMENTACIONES_FRONTEND\\fight-club\\src\\modules\\Lobby\\Components\\PrivateRoomPopUp\\FooterPopUp.tsx": {"path":"C:\\Users\\range\\OneDrive\\Escritorio\\fight club front\\LAMENTACIONES_FRONTEND\\fight-club\\src\\modules\\Lobby\\Components\\PrivateRoomPopUp\\FooterPopUp.tsx","statementMap":{"0":{"start":{"line":3,"column":13},"end":{"line":7,"column":null}},"1":{"start":{"line":4,"column":4},"end":{"line":7,"column":null}}},"fnMap":{"0":{"name":"(anonymous_0)","decl":{"start":{"line":3,"column":13},"end":{"line":3,"column":42}},"loc":{"start":{"line":3,"column":42},"end":{"line":7,"column":null}},"line":3}},"branchMap":{},"s":{"0":1,"1":1},"f":{"0":1},"b":{},"meta":{"lastBranch":0,"lastFunction":1,"lastStatement":2,"seen":{"s:3:13:7:Infinity":0,"f:3:13:3:42":0,"s:4:4:7:Infinity":1}}}
,"C:\\Users\\range\\OneDrive\\Escritorio\\fight club front\\LAMENTACIONES_FRONTEND\\fight-club\\src\\modules\\Lobby\\Components\\PrivateRoomPopUp\\InputSectionPop.tsx": {"path":"C:\\Users\\range\\OneDrive\\Escritorio\\fight club front\\LAMENTACIONES_FRONTEND\\fight-club\\src\\modules\\Lobby\\Components\\PrivateRoomPopUp\\InputSectionPop.tsx","statementMap":{"0":{"start":{"line":13,"column":13},"end":{"line":44,"column":null}},"1":{"start":{"line":14,"column":21},"end":{"line":14,"column":48}},"2":{"start":{"line":15,"column":18},"end":{"line":15,"column":63}},"3":{"start":{"line":16,"column":32},"end":{"line":16,"column":null}},"4":{"start":{"line":17,"column":33},"end":{"line":17,"column":null}},"5":{"start":{"line":19,"column":10},"end":{"line":20,"column":null}},"6":{"start":{"line":20,"column":8},"end":{"line":20,"column":null}},"7":{"start":{"line":23,"column":10},"end":{"line":29,"column":null}},"8":{"start":{"line":24,"column":7},"end":{"line":24,"column":null}},"9":{"start":{"line":25,"column":7},"end":{"line":29,"column":null}},"10":{"start":{"line":26,"column":8},"end":{"line":26,"column":null}},"11":{"start":{"line":27,"column":8},"end":{"line":27,"column":null}},"12":{"start":{"line":29,"column":8},"end":{"line":29,"column":null}},"13":{"start":{"line":34,"column":4},"end":{"line":44,"column":null}},"14":{"start":{"line":40,"column":62},"end":{"line":40,"column":89}}},"fnMap":{"0":{"name":"(anonymous_0)","decl":{"start":{"line":13,"column":13},"end":{"line":13,"column":51}},"loc":{"start":{"line":13,"column":98},"end":{"line":44,"column":null}},"line":13},"1":{"name":"(anonymous_1)","decl":{"start":{"line":19,"column":10},"end":{"line":19,"column":26}},"loc":{"start":{"line":19,"column":45},"end":{"line":20,"column":null}},"line":19},"2":{"name":"(anonymous_2)","decl":{"start":{"line":23,"column":10},"end":{"line":23,"column":26}},"loc":{"start":{"line":23,"column":66},"end":{"line":29,"column":null}},"line":23},"3":{"name":"(anonymous_3)","decl":{"start":{"line":40,"column":45},"end":{"line":40,"column":56}},"loc":{"start":{"line":40,"column":62},"end":{"line":40,"column":89}},"line":40}},"branchMap":{"0":{"loc":{"start":{"line":16,"column":32},"end":{"line":16,"column":null}},"type":"cond-expr","locations":[{"start":{"line":16,"column":58},"end":{"line":16,"column":70}},{"start":{"line":16,"column":70},"end":{"line":16,"column":null}}],"line":16},"1":{"loc":{"start":{"line":16,"column":70},"end":{"line":16,"column":null}},"type":"cond-expr","locations":[{"start":{"line":16,"column":79},"end":{"line":16,"column":92}},{"start":{"line":16,"column":92},"end":{"line":16,"column":null}}],"line":16},"2":{"loc":{"start":{"line":17,"column":33},"end":{"line":17,"column":null}},"type":"cond-expr","locations":[{"start":{"line":17,"column":59},"end":{"line":17,"column":71}},{"start":{"line":17,"column":71},"end":{"line":17,"column":null}}],"line":17},"3":{"loc":{"start":{"line":17,"column":71},"end":{"line":17,"column":null}},"type":"cond-expr","locations":[{"start":{"line":17,"column":80},"end":{"line":17,"column":95}},{"start":{"line":17,"column":95},"end":{"line":17,"column":null}}],"line":17},"4":{"loc":{"start":{"line":25,"column":7},"end":{"line":29,"column":null}},"type":"if","locations":[{"start":{"line":25,"column":7},"end":{"line":29,"column":null}},{"start":{"line":28,"column":11},"end":{"line":29,"column":null}}],"line":25}},"s":{"0":1,"1":2,"2":2,"3":2,"4":2,"5":2,"6":1,"7":2,"8":1,"9":1,"10":1,"11":1,"12":0,"13":2,"14":1},"f":{"0":2,"1":1,"2":1,"3":1},"b":{"0":[2,0],"1":[0,0],"2":[2,0],"3":[0,0],"4":[1,0]},"meta":{"lastBranch":5,"lastFunction":4,"lastStatement":15,"seen":{"s:13:13:44:Infinity":0,"f:13:13:13:51":0,"s:14:21:14:48":1,"s:15:18:15:63":2,"s:16:32:16:Infinity":3,"b:16:58:16:70:16:70:16:Infinity":0,"b:16:79:16:92:16:92:16:Infinity":1,"s:17:33:17:Infinity":4,"b:17:59:17:71:17:71:17:Infinity":2,"b:17:80:17:95:17:95:17:Infinity":3,"s:19:10:20:Infinity":5,"f:19:10:19:26":1,"s:20:8:20:Infinity":6,"s:23:10:29:Infinity":7,"f:23:10:23:26":2,"s:24:7:24:Infinity":8,"b:25:7:29:Infinity:28:11:29:Infinity":4,"s:25:7:29:Infinity":9,"s:26:8:26:Infinity":10,"s:27:8:27:Infinity":11,"s:29:8:29:Infinity":12,"s:34:4:44:Infinity":13,"f:40:45:40:56":3,"s:40:62:40:89":14}}}
,"C:\\Users\\range\\OneDrive\\Escritorio\\fight club front\\LAMENTACIONES_FRONTEND\\fight-club\\src\\modules\\Lobby\\Components\\PrivateRoomPopUp\\SearchResult.tsx": {"path":"C:\\Users\\range\\OneDrive\\Escritorio\\fight club front\\LAMENTACIONES_FRONTEND\\fight-club\\src\\modules\\Lobby\\Components\\PrivateRoomPopUp\\SearchResult.tsx","statementMap":{"0":{"start":{"line":9,"column":13},"end":{"line":18,"column":null}},"1":{"start":{"line":10,"column":4},"end":{"line":18,"column":null}}},"fnMap":{"0":{"name":"(anonymous_0)","decl":{"start":{"line":9,"column":13},"end":{"line":9,"column":51}},"loc":{"start":{"line":9,"column":82},"end":{"line":18,"column":null}},"line":9}},"branchMap":{},"s":{"0":1,"1":1},"f":{"0":1},"b":{},"meta":{"lastBranch":0,"lastFunction":1,"lastStatement":2,"seen":{"s:9:13:18:Infinity":0,"f:9:13:9:51":0,"s:10:4:18:Infinity":1}}}
,"C:\\Users\\range\\OneDrive\\Escritorio\\fight club front\\LAMENTACIONES_FRONTEND\\fight-club\\src\\modules\\Lobby\\Components\\PrivateRoomPopUp\\PanelSection\\JoinButtonPanelSection.tsx": {"path":"C:\\Users\\range\\OneDrive\\Escritorio\\fight club front\\LAMENTACIONES_FRONTEND\\fight-club\\src\\modules\\Lobby\\Components\\PrivateRoomPopUp\\PanelSection\\JoinButtonPanelSection.tsx","statementMap":{"0":{"start":{"line":11,"column":13},"end":{"line":48,"column":null}},"1":{"start":{"line":12,"column":10},"end":{"line":12,"column":34}},"2":{"start":{"line":14,"column":20},"end":{"line":14,"column":null}},"3":{"start":{"line":15,"column":25},"end":{"line":15,"column":null}},"4":{"start":{"line":16,"column":23},"end":{"line":16,"column":null}},"5":{"start":{"line":18,"column":10},"end":{"line":19,"column":null}},"6":{"start":{"line":19,"column":8},"end":{"line":19,"column":null}},"7":{"start":{"line":23,"column":4},"end":{"line":48,"column":null}}},"fnMap":{"0":{"name":"(anonymous_0)","decl":{"start":{"line":11,"column":13},"end":{"line":11,"column":55}},"loc":{"start":{"line":11,"column":78},"end":{"line":48,"column":null}},"line":11},"1":{"name":"(anonymous_1)","decl":{"start":{"line":18,"column":10},"end":{"line":18,"column":28}},"loc":{"start":{"line":18,"column":28},"end":{"line":19,"column":null}},"line":18}},"branchMap":{"0":{"loc":{"start":{"line":14,"column":20},"end":{"line":14,"column":null}},"type":"cond-expr","locations":[{"start":{"line":14,"column":32},"end":{"line":14,"column":42}},{"start":{"line":14,"column":42},"end":{"line":14,"column":null}}],"line":14},"1":{"loc":{"start":{"line":15,"column":25},"end":{"line":15,"column":null}},"type":"cond-expr","locations":[{"start":{"line":15,"column":38},"end":{"line":15,"column":53}},{"start":{"line":15,"column":53},"end":{"line":15,"column":null}}],"line":15}},"s":{"0":1,"1":2,"2":2,"3":2,"4":2,"5":2,"6":1,"7":2},"f":{"0":2,"1":1},"b":{"0":[0,2],"1":[0,2]},"meta":{"lastBranch":2,"lastFunction":2,"lastStatement":8,"seen":{"s:11:13:48:Infinity":0,"f:11:13:11:55":0,"s:12:10:12:34":1,"s:14:20:14:Infinity":2,"b:14:32:14:42:14:42:14:Infinity":0,"s:15:25:15:Infinity":3,"b:15:38:15:53:15:53:15:Infinity":1,"s:16:23:16:Infinity":4,"s:18:10:19:Infinity":5,"f:18:10:18:28":1,"s:19:8:19:Infinity":6,"s:23:4:48:Infinity":7}}}
,"C:\\Users\\range\\OneDrive\\Escritorio\\fight club front\\LAMENTACIONES_FRONTEND\\fight-club\\src\\modules\\Lobby\\Components\\PrivateRoomPopUp\\PanelSection\\JoinSpecButton.tsx": {"path":"C:\\Users\\range\\OneDrive\\Escritorio\\fight club front\\LAMENTACIONES_FRONTEND\\fight-club\\src\\modules\\Lobby\\Components\\PrivateRoomPopUp\\PanelSection\\JoinSpecButton.tsx","statementMap":{"0":{"start":{"line":10,"column":13},"end":{"line":22,"column":null}},"1":{"start":{"line":11,"column":10},"end":{"line":11,"column":34}},"2":{"start":{"line":13,"column":20},"end":{"line":13,"column":null}},"3":{"start":{"line":14,"column":23},"end":{"line":14,"column":null}},"4":{"start":{"line":16,"column":10},"end":{"line":17,"column":null}},"5":{"start":{"line":17,"column":8},"end":{"line":17,"column":null}},"6":{"start":{"line":19,"column":4},"end":{"line":22,"column":null}}},"fnMap":{"0":{"name":"(anonymous_0)","decl":{"start":{"line":10,"column":13},"end":{"line":10,"column":47}},"loc":{"start":{"line":10,"column":70},"end":{"line":22,"column":null}},"line":10},"1":{"name":"(anonymous_1)","decl":{"start":{"line":16,"column":10},"end":{"line":16,"column":28}},"loc":{"start":{"line":16,"column":28},"end":{"line":17,"column":null}},"line":16}},"branchMap":{"0":{"loc":{"start":{"line":13,"column":20},"end":{"line":13,"column":null}},"type":"cond-expr","locations":[{"start":{"line":13,"column":32},"end":{"line":13,"column":48}},{"start":{"line":13,"column":48},"end":{"line":13,"column":null}}],"line":13}},"s":{"0":1,"1":2,"2":2,"3":2,"4":2,"5":1,"6":2},"f":{"0":2,"1":1},"b":{"0":[0,2]},"meta":{"lastBranch":1,"lastFunction":2,"lastStatement":7,"seen":{"s:10:13:22:Infinity":0,"f:10:13:10:47":0,"s:11:10:11:34":1,"s:13:20:13:Infinity":2,"b:13:32:13:48:13:48:13:Infinity":0,"s:14:23:14:Infinity":3,"s:16:10:17:Infinity":4,"f:16:10:16:28":1,"s:17:8:17:Infinity":5,"s:19:4:22:Infinity":6}}}
,"C:\\Users\\range\\OneDrive\\Escritorio\\fight club front\\LAMENTACIONES_FRONTEND\\fight-club\\src\\modules\\Lobby\\Components\\PrivateRoomPopUp\\PanelSection\\RefreshButtonPanel.tsx": {"path":"C:\\Users\\range\\OneDrive\\Escritorio\\fight club front\\LAMENTACIONES_FRONTEND\\fight-club\\src\\modules\\Lobby\\Components\\PrivateRoomPopUp\\PanelSection\\RefreshButtonPanel.tsx","statementMap":{"0":{"start":{"line":7,"column":13},"end":{"line":14,"column":null}},"1":{"start":{"line":9,"column":8},"end":{"line":9,"column":null}},"2":{"start":{"line":12,"column":4},"end":{"line":14,"column":null}}},"fnMap":{"0":{"name":"(anonymous_0)","decl":{"start":{"line":7,"column":13},"end":{"line":7,"column":52}},"loc":{"start":{"line":7,"column":65},"end":{"line":14,"column":null}},"line":7},"1":{"name":"refresh","decl":{"start":{"line":8,"column":13},"end":{"line":8,"column":22}},"loc":{"start":{"line":8,"column":22},"end":{"line":9,"column":null}},"line":8}},"branchMap":{},"s":{"0":1,"1":1,"2":2},"f":{"0":2,"1":1},"b":{},"meta":{"lastBranch":0,"lastFunction":2,"lastStatement":3,"seen":{"s:7:13:14:Infinity":0,"f:7:13:7:52":0,"f:8:13:8:22":1,"s:9:8:9:Infinity":1,"s:12:4:14:Infinity":2}}}
,"C:\\Users\\range\\OneDrive\\Escritorio\\fight club front\\LAMENTACIONES_FRONTEND\\fight-club\\src\\modules\\Lobby\\Components\\PrivateRoomPopUp\\PanelSection\\SectionPanel.tsx": {"path":"C:\\Users\\range\\OneDrive\\Escritorio\\fight club front\\LAMENTACIONES_FRONTEND\\fight-club\\src\\modules\\Lobby\\Components\\PrivateRoomPopUp\\PanelSection\\SectionPanel.tsx","statementMap":{"0":{"start":{"line":14,"column":13},"end":{"line":19,"column":null}},"1":{"start":{"line":15,"column":4},"end":{"line":19,"column":null}}},"fnMap":{"0":{"name":"(anonymous_0)","decl":{"start":{"line":14,"column":13},"end":{"line":14,"column":51}},"loc":{"start":{"line":14,"column":93},"end":{"line":19,"column":null}},"line":14}},"branchMap":{},"s":{"0":1,"1":1},"f":{"0":1},"b":{},"meta":{"lastBranch":0,"lastFunction":1,"lastStatement":2,"seen":{"s:14:13:19:Infinity":0,"f:14:13:14:51":0,"s:15:4:19:Infinity":1}}}
,"C:\\Users\\range\\OneDrive\\Escritorio\\fight club front\\LAMENTACIONES_FRONTEND\\fight-club\\src\\modules\\Lobby\\Components\\WaitingRoom\\SpectatorsInfo.tsx": {"path":"C:\\Users\\range\\OneDrive\\Escritorio\\fight club front\\LAMENTACIONES_FRONTEND\\fight-club\\src\\modules\\Lobby\\Components\\WaitingRoom\\SpectatorsInfo.tsx","statementMap":{"0":{"start":{"line":7,"column":13},"end":{"line":12,"column":null}},"1":{"start":{"line":8,"column":4},"end":{"line":12,"column":null}}},"fnMap":{"0":{"name":"(anonymous_0)","decl":{"start":{"line":7,"column":13},"end":{"line":7,"column":49}},"loc":{"start":{"line":7,"column":71},"end":{"line":12,"column":null}},"line":7}},"branchMap":{},"s":{"0":1,"1":2},"f":{"0":2},"b":{},"meta":{"lastBranch":0,"lastFunction":1,"lastStatement":2,"seen":{"s:7:13:12:Infinity":0,"f:7:13:7:49":0,"s:8:4:12:Infinity":1}}}
,"C:\\Users\\range\\OneDrive\\Escritorio\\fight club front\\LAMENTACIONES_FRONTEND\\fight-club\\src\\modules\\Lobby\\Components\\WaitingRoom\\WaitingRoomHeader.tsx": {"path":"C:\\Users\\range\\OneDrive\\Escritorio\\fight club front\\LAMENTACIONES_FRONTEND\\fight-club\\src\\modules\\Lobby\\Components\\WaitingRoom\\WaitingRoomHeader.tsx","statementMap":{"0":{"start":{"line":10,"column":13},"end":{"line":38,"column":null}},"1":{"start":{"line":11,"column":10},"end":{"line":11,"column":34}},"2":{"start":{"line":13,"column":10},"end":{"line":15,"column":null}},"3":{"start":{"line":14,"column":8},"end":{"line":14,"column":null}},"4":{"start":{"line":15,"column":8},"end":{"line":15,"column":null}},"5":{"start":{"line":18,"column":4},"end":{"line":38,"column":null}}},"fnMap":{"0":{"name":"(anonymous_0)","decl":{"start":{"line":10,"column":13},"end":{"line":10,"column":52}},"loc":{"start":{"line":10,"column":82},"end":{"line":38,"column":null}},"line":10},"1":{"name":"(anonymous_1)","decl":{"start":{"line":13,"column":10},"end":{"line":13,"column":28}},"loc":{"start":{"line":13,"column":28},"end":{"line":15,"column":null}},"line":13}},"branchMap":{},"s":{"0":1,"1":1,"2":1,"3":1,"4":1,"5":1},"f":{"0":1,"1":1},"b":{},"meta":{"lastBranch":0,"lastFunction":2,"lastStatement":6,"seen":{"s:10:13:38:Infinity":0,"f:10:13:10:52":0,"s:11:10:11:34":1,"s:13:10:15:Infinity":2,"f:13:10:13:28":1,"s:14:8:14:Infinity":3,"s:15:8:15:Infinity":4,"s:18:4:38:Infinity":5}}}
[...]
":58,"column":56},"end":{"line":58,"column":78}},"33":{"start":{"line":60,"column":4},"end":{"line":135,"column":null}},"34":{"start":{"line":65,"column":35},"end":{"line":65,"column":69}},"35":{"start":{"line":66,"column":35},"end":{"line":66,"column":null}},"36":{"start":{"line":71,"column":33},"end":{"line":71,"column":null}},"37":{"start":{"line":72,"column":20},"end":{"line":75,"column":null}},"38":{"start":{"line":73,"column":39},"end":{"line":73,"column":55}},"39":{"start":{"line":74,"column":24},"end":{"line":74,"column":null}},"40":{"start":{"line":74,"column":49},"end":{"line":74,"column":115}},"41":{"start":{"line":74,"column":66},"end":{"line":74,"column":115}},"42":{"start":{"line":75,"column":24},"end":{"line":75,"column":null}},"43":{"start":{"line":82,"column":35},"end":{"line":82,"column":null}},"44":{"start":{"line":86,"column":35},"end":{"line":86,"column":null}},"45":{"start":{"line":96,"column":39},"end":{"line":96,"column":null}},"46":{"start":{"line":113,"column":39},"end":{"line":113,"column":null}},"47":{"start":{"line":125,"column":57},"end":{"line":125,"column":75}}},"fnMap":{"0":{"name":"(anonymous_0)","decl":{"start":{"line":13,"column":13},"end":{"line":13,"column":34}},"loc":{"start":{"line":13,"column":34},"end":{"line":135,"column":null}},"line":13},"1":{"name":"(anonymous_1)","decl":{"start":{"line":32,"column":10},"end":{"line":32,"column":29}},"loc":{"start":{"line":32,"column":29},"end":{"line":35,"column":null}},"line":32},"2":{"name":"(anonymous_2)","decl":{"start":{"line":35,"column":8},"end":{"line":35,"column":25}},"loc":{"start":{"line":35,"column":25},"end":{"line":35,"column":44}},"line":35},"3":{"name":"(anonymous_3)","decl":{"start":{"line":38,"column":10},"end":{"line":38,"column":32}},"loc":{"start":{"line":38,"column":32},"end":{"line":41,"column":null}},"line":38},"4":{"name":"(anonymous_4)","decl":{"start":{"line":41,"column":8},"end":{"line":41,"column":25}},"loc":{"start":{"line":41,"column":25},"end":{"line":41,"column":47}},"line":41},"5":{"name":"(anonymous_5)","decl":{"start":{"line":44,"column":25},"end":{"line":44,"column":32}},"loc":{"start":{"line":44,"column":55},"end":{"line":55,"column":null}},"line":44},"6":{"name":"(anonymous_6)","decl":{"start":{"line":58,"column":39},"end":{"line":58,"column":56}},"loc":{"start":{"line":58,"column":56},"end":{"line":58,"column":78}},"line":58},"7":{"name":"(anonymous_7)","decl":{"start":{"line":65,"column":16},"end":{"line":65,"column":27}},"loc":{"start":{"line":65,"column":35},"end":{"line":65,"column":69}},"line":65},"8":{"name":"(anonymous_8)","decl":{"start":{"line":66,"column":16},"end":{"line":66,"column":35}},"loc":{"start":{"line":66,"column":35},"end":{"line":66,"column":null}},"line":66},"9":{"name":"(anonymous_9)","decl":{"start":{"line":70,"column":16},"end":{"line":70,"column":27}},"loc":{"start":{"line":70,"column":33},"end":{"line":75,"column":null}},"line":70},"10":{"name":"(anonymous_10)","decl":{"start":{"line":74,"column":31},"end":{"line":74,"column":49}},"loc":{"start":{"line":74,"column":49},"end":{"line":74,"column":115}},"line":74},"11":{"name":"(anonymous_11)","decl":{"start":{"line":74,"column":49},"end":{"line":74,"column":57}},"loc":{"start":{"line":74,"column":66},"end":{"line":74,"column":115}},"line":74},"12":{"name":"(anonymous_12)","decl":{"start":{"line":82,"column":20},"end":{"line":82,"column":30}},"loc":{"start":{"line":82,"column":35},"end":{"line":82,"column":null}},"line":82},"13":{"name":"(anonymous_13)","decl":{"start":{"line":86,"column":20},"end":{"line":86,"column":30}},"loc":{"start":{"line":86,"column":35},"end":{"line":86,"column":null}},"line":86},"14":{"name":"(anonymous_14)","decl":{"start":{"line":96,"column":24},"end":{"line":96,"column":34}},"loc":{"start":{"line":96,"column":39},"end":{"line":96,"column":null}},"line":96},"15":{"name":"(anonymous_15)","decl":{"start":{"line":113,"column":24},"end":{"line":113,"column":34}},"loc":{"start":{"line":113,"column":39},"end":{"line":113,"column":null}},"line":113},"16":{"name":"(anonymous_16)","decl":{"start":{"line":125,"column":40},"end":{"line":125,"column":57}},"loc":{"start":{"line":125,"column":57},"end":{"line":125,"column":75}},"line":125}},"branchMap":{"0":{"loc":{"start":{"line":46,"column":8},"end":{"line":48,"column":null}},"type":"if","locations":[{"start":{"line":46,"column":8},"end":{"line":48,"column":null}},{"start":{},"end":{}}],"line":46},"1":{"loc":{"start":{"line":50,"column":8},"end":{"line":52,"column":null}},"type":"if","locations":[{"start":{"line":50,"column":8},"end":{"line":52,"column":null}},{"start":{},"end":{}}],"line":50},"2":{"loc":{"start":{"line":58,"column":4},"end":{"line":58,"column":null}},"type":"if","locations":[{"start":{"line":58,"column":4},"end":{"line":58,"column":null}},{"start":{},"end":{}}],"line":58},"3":{"loc":{"start":{"line":72,"column":20},"end":{"line":75,"column":null}},"type":"if","locations":[{"start":{"line":72,"column":20},"end":{"line":75,"column":null}},{"start":{},"end":{}}],"line":72},"4":{"loc":{"start":{"line":94,"column":30},"end":{"line":94,"column":null}},"type":"cond-expr","locations":[{"start":{"line":94,"column":41},"end":{"line":94,"column":50}},{"start":{"line":94,"column":50},"end":{"line":94,"column":null}}],"line":94},"5":{"loc":{"start":{"line":101,"column":130},"end":{"line":101,"column":null}},"type":"cond-expr","locations":[{"start":{"line":101,"column":142},"end":{"line":101,"column":160}},{"start":{"line":101,"column":160},"end":{"line":101,"column":null}}],"line":101},"6":{"loc":{"start":{"line":103,"column":25},"end":{"line":103,"column":null}},"type":"cond-expr","locations":[{"start":{"line":103,"column":36},"end":{"line":103,"column":57}},{"start":{"line":103,"column":56},"end":{"line":103,"column":null}}],"line":103},"7":{"loc":{"start":{"line":111,"column":30},"end":{"line":111,"column":null}},"type":"cond-expr","locations":[{"start":{"line":111,"column":44},"end":{"line":111,"column":53}},{"start":{"line":111,"column":53},"end":{"line":111,"column":null}}],"line":111},"8":{"loc":{"start":{"line":118,"column":130},"end":{"line":118,"column":null}},"type":"cond-expr","locations":[{"start":{"line":118,"column":145},"end":{"line":118,"column":163}},{"start":{"line":118,"column":163},"end":{"line":118,"column":null}}],"line":118},"9":{"loc":{"start":{"line":120,"column":25},"end":{"line":120,"column":null}},"type":"cond-expr","locations":[{"start":{"line":120,"column":39},"end":{"line":120,"column":60}},{"start":{"line":120,"column":59},"end":{"line":120,"column":null}}],"line":120},"10":{"loc":{"start":{"line":133,"column":21},"end":{"line":133,"column":null}},"type":"cond-expr","locations":[{"start":{"line":133,"column":33},"end":{"line":133,"column":51}},{"start":{"line":133,"column":51},"end":{"line":133,"column":null}}],"line":133}},"s":{"0":1,"1":1,"2":10,"3":10,"4":10,"5":10,"6":10,"7":10,"8":10,"9":10,"10":10,"11":0,"12":0,"13":0,"14":0,"15":10,"16":0,"17":0,"18":0,"19":0,"20":10,"21":2,"22":2,"23":1,"24":1,"25":1,"26":0,"27":0,"28":1,"29":1,"30":10,"31":0,"32":0,"33":10,"34":0,"35":1,"36":0,"37":0,"38":0,"39":0,"40":0,"41":0,"42":0,"43":2,"44":2,"45":2,"46":2,"47":0},"f":{"0":10,"1":0,"2":0,"3":0,"4":0,"5":2,"6":0,"7":0,"8":1,"9":0,"10":0,"11":0,"12":2,"13":2,"14":2,"15":2,"16":0},"b":{"0":[1,1],"1":[0,1],"2":[0,10],"3":[0,0],"4":[0,10],"5":[0,10],"6":[0,10],"7":[0,10],"8":[0,10],"9":[0,10],"10":[0,10]},"meta":{"lastBranch":11,"lastFunction":17,"lastStatement":48,"seen":{"s:11:23:11:Infinity":0,"s:13:13:135:Infinity":1,"f:13:13:13:34":0,"s:14:65:14:91":2,"s:15:10:15:34":3,"s:16:10:16:55":4,"s:18:21:18:51":5,"s:19:22:19:53":6,"s:21:24:21:57":7,"s:22:25:22:59":8,"s:24:17:30:6":9,"s:32:10:35:Infinity":10,"f:32:10:32:29":1,"s:33:8:33:Infinity":11,"s:34:8:34:Infinity":12,"s:35:8:35:Infinity":13,"f:35:8:35:25":2,"s:35:25:35:44":14,"s:38:10:41:Infinity":15,"f:38:10:38:32":3,"s:39:8:39:Infinity":16,"s:40:8:40:Infinity":17,"s:41:8:41:Infinity":18,"f:41:8:41:25":4,"s:41:25:41:47":19,"s:44:25:55:Infinity":20,"f:44:25:44:32":5,"s:45:8:45:Infinity":21,"b:46:8:48:Infinity:undefined:undefined:undefined:undefined":0,"s:46:8:48:Infinity":22,"s:47:12:47:Infinity":23,"s:48:12:48:Infinity":24,"b:50:8:52:Infinity:undefined:undefined:undefined:undefined":1,"s:50:8:52:Infinity":25,"s:51:12:51:Infinity":26,"s:52:12:52:Infinity":27,"s:54:51:54:Infinity":28,"s:55:8:55:Infinity":29,"b:58:4:58:Infinity:undefined:undefined:undefined:undefined":2,"s:58:4:58:Infinity":30,"s:58:19:58:Infinity":31,"f:58:39:58:56":6,"s:58:56:58:78":32,"s:60:4:135:Infinity":33,"f:65:16:65:27":7,"s:65:35:65:69":34,"f:66:16:66:35":8,"s:66:35:66:Infinity":35,"f:70:16:70:27":9,"s:71:33:71:Infinity":36,"b:72:20:75:Infinity:undefined:undefined:undefined:undefined":3,"s:72:20:75:Infinity":37,"s:73:39:73:55":38,"s:74:24:74:Infinity":39,"f:74:31:74:49":10,"s:74:49:74:115":40,"f:74:49:74:57":11,"s:74:66:74:115":41,"s:75:24:75:Infinity":42,"f:82:20:82:30":12,"s:82:35:82:Infinity":43,"f:86:20:86:30":13,"s:86:35:86:Infinity":44,"b:94:41:94:50:94:50:94:Infinity":4,"f:96:24:96:34":14,"s:96:39:96:Infinity":45,"b:101:142:101:160:101:160:101:Infinity":5,"b:103:36:103:57:103:56:103:Infinity":6,"b:111:44:111:53:111:53:111:Infinity":7,"f:113:24:113:34":15,"s:113:39:113:Infinity":46,"b:118:145:118:163:118:163:118:Infinity":8,"b:120:39:120:60:120:59:120:Infinity":9,"f:125:40:125:57":16,"s:125:57:125:75":47,"b:133:33:133:51:133:51:133:Infinity":10}}}
,"C:\\Users\\range\\OneDrive\\Escritorio\\fight club front\\LAMENTACIONES_FRONTEND\\fight-club\\src\\modules\\authentication\\Components\\ui\\ErrorToast.tsx": {"path":"C:\\Users\\range\\OneDrive\\Escritorio\\fight club front\\LAMENTACIONES_FRONTEND\\fight-club\\src\\modules\\authentication\\Components\\ui\\ErrorToast.tsx","statementMap":{"0":{"start":{"line":10,"column":13},"end":{"line":48,"column":null}},"1":{"start":{"line":11,"column":18},"end":{"line":11,"column":47}},"2":{"start":{"line":13,"column":2},"end":{"line":26,"column":null}},"3":{"start":{"line":14,"column":4},"end":{"line":24,"column":null}},"4":{"start":{"line":15,"column":6},"end":{"line":15,"column":null}},"5":{"start":{"line":16,"column":6},"end":{"line":21,"column":null}},"6":{"start":{"line":17,"column":18},"end":{"line":20,"column":16}},"7":{"start":{"line":18,"column":10},"end":{"line":18,"column":null}},"8":{"start":{"line":19,"column":10},"end":{"line":19,"column":null}},"9":{"start":{"line":21,"column":8},"end":{"line":21,"column":null}},"10":{"start":{"line":21,"column":21},"end":{"line":21,"column":36}},"11":{"start":{"line":24,"column":6},"end":{"line":24,"column":null}},"12":{"start":{"line":28,"column":2},"end":{"line":28,"column":null}},"13":{"start":{"line":28,"column":28},"end":{"line":28,"column":null}},"14":{"start":{"line":30,"column":2},"end":{"line":48,"column":null}},"15":{"start":{"line":44,"column":25},"end":{"line":44,"column":44}},"16":{"start":{"line":44,"column":44},"end":{"line":44,"column":null}}},"fnMap":{"0":{"name":"(anonymous_0)","decl":{"start":{"line":10,"column":13},"end":{"line":10,"column":27}},"loc":{"start":{"line":10,"column":91},"end":{"line":48,"column":null}},"line":10},"1":{"name":"(anonymous_1)","decl":{"start":{"line":13,"column":2},"end":{"line":13,"column":18}},"loc":{"start":{"line":13,"column":18},"end":{"line":26,"column":6}},"line":13},"2":{"name":"(anonymous_2)","decl":{"start":{"line":17,"column":18},"end":{"line":17,"column":35}},"loc":{"start":{"line":17,"column":35},"end":{"line":20,"column":16}},"line":17},"3":{"name":"(anonymous_3)","decl":{"start":{"line":21,"column":8},"end":{"line":21,"column":21}},"loc":{"start":{"line":21,"column":21},"end":{"line":21,"column":36}},"line":21},"4":{"name":"(anonymous_4)","decl":{"start":{"line":44,"column":8},"end":{"line":44,"column":23}},"loc":{"start":{"line":44,"column":23},"end":{"line":44,"column":null}},"line":44}},"branchMap":{"0":{"loc":{"start":{"line":10,"column":49},"end":{"line":10,"column":91}},"type":"default-arg","locations":[{"start":{"line":10,"column":63},"end":{"line":10,"column":91}}],"line":10},"1":{"loc":{"start":{"line":14,"column":4},"end":{"line":24,"column":null}},"type":"if","locations":[{"start":{"line":14,"column":4},"end":{"line":24,"column":null}},{"start":{"line":23,"column":11},"end":{"line":24,"column":null}}],"line":14},"2":{"loc":{"start":{"line":16,"column":6},"end":{"line":21,"column":null}},"type":"if","locations":[{"start":{"line":16,"column":6},"end":{"line":21,"column":null}},{"start":{},"end":{}}],"line":16},"3":{"loc":{"start":{"line":28,"column":2},"end":{"line":28,"column":null}},"type":"if","locations":[{"start":{"line":28,"column":2},"end":{"line":28,"column":null}},{"start":{},"end":{}}],"line":28},"4":{"loc":{"start":{"line":28,"column":6},"end":{"line":28,"column":28}},"type":"binary-expr","locations":[{"start":{"line":28,"column":6},"end":{"line":28,"column":18}},{"start":{"line":28,"column":18},"end":{"line":28,"column":28}}],"line":28}},"s":{"0":3,"1":25,"2":25,"3":17,"4":0,"5":0,"6":0,"7":0,"8":0,"9":0,"10":0,"11":17,"12":25,"13":25,"14":0,"15":0,"16":0},"f":{"0":25,"1":17,"2":0,"3":0,"4":0},"b":{"0":[25],"1":[0,17],"2":[0,0],"3":[25,0],"4":[25,0]},"meta":{"lastBranch":5,"lastFunction":5,"lastStatement":17,"seen":{"s:10:13:48:Infinity":0,"f:10:13:10:27":0,"b:10:63:10:91":0,"s:11:18:11:47":1,"s:13:2:26:Infinity":2,"f:13:2:13:18":1,"b:14:4:24:Infinity:23:11:24:Infinity":1,"s:14:4:24:Infinity":3,"s:15:6:15:Infinity":4,"b:16:6:21:Infinity:undefined:undefined:undefined:undefined":2,"s:16:6:21:Infinity":5,"s:17:18:20:16":6,"f:17:18:17:35":2,"s:18:10:18:Infinity":7,"s:19:10:19:Infinity":8,"s:21:8:21:Infinity":9,"f:21:8:21:21":3,"s:21:21:21:36":10,"s:24:6:24:Infinity":11,"b:28:2:28:Infinity:undefined:undefined:undefined:undefined":3,"s:28:2:28:Infinity":12,"b:28:6:28:18:28:18:28:28":4,"s:28:28:28:Infinity":13,"s:30:2:48:Infinity":14,"f:44:8:44:23":4,"s:44:25:44:44":15,"s:44:44:44:Infinity":16}}}
,"C:\\Users\\range\\OneDrive\\Escritorio\\fight club front\\LAMENTACIONES_FRONTEND\\fight-club\\src\\modules\\authentication\\Config\\axios.ts": {"path":"C:\\Users\\range\\OneDrive\\Escritorio\\fight club front\\LAMENTACIONES_FRONTEND\\fight-club\\src\\modules\\authentication\\Config\\axios.ts","statementMap":{"0":{"start":{"line":3,"column":16},"end":{"line":6,"column":2}},"1":{"start":{"line":9,"column":0},"end":{"line":15,"column":null}},"2":{"start":{"line":10,"column":16},"end":{"line":10,"column":56}},"3":{"start":{"line":11,"column":2},"end":{"line":12,"column":null}},"4":{"start":{"line":12,"column":4},"end":{"line":12,"column":null}},"5":{"start":{"line":14,"column":2},"end":{"line":14,"column":null}},"6":{"start":{"line":18,"column":0},"end":{"line":49,"column":null}},"7":{"start":{"line":19,"column":16},"end":{"line":19,"column":null}},"8":{"start":{"line":21,"column":28},"end":{"line":21,"column":null}},"9":{"start":{"line":23,"column":4},"end":{"line":43,"column":null}},"10":{"start":{"line":24,"column":6},"end":{"line":24,"column":null}},"11":{"start":{"line":26,"column":6},"end":{"line":43,"column":null}},"12":{"start":{"line":27,"column":29},"end":{"line":27,"column":71}},"13":{"start":{"line":29,"column":25},"end":{"line":31,"column":10}},"14":{"start":{"line":33,"column":32},"end":{"line":33,"column":null}},"15":{"start":{"line":35,"column":8},"end":{"line":35,"column":null}},"16":{"start":{"line":37,"column":8},"end":{"line":37,"column":null}},"17":{"start":{"line":38,"column":8},"end":{"line":38,"column":null}},"18":{"start":{"line":41,"column":8},"end":{"line":41,"column":null}},"19":{"start":{"line":42,"column":8},"end":{"line":42,"column":null}},"20":{"start":{"line":43,"column":8},"end":{"line":43,"column":null}},"21":{"start":{"line":47,"column":4},"end":{"line":47,"column":null}}},"fnMap":{"0":{"name":"(anonymous_0)","decl":{"start":{"line":9,"column":29},"end":{"line":9,"column":34}},"loc":{"start":{"line":9,"column":45},"end":{"line":15,"column":null}},"line":9},"1":{"name":"(anonymous_1)","decl":{"start":{"line":18,"column":30},"end":{"line":18,"column":null}},"loc":{"start":{"line":19,"column":16},"end":{"line":19,"column":null}},"line":19},"2":{"name":"(anonymous_2)","decl":{"start":{"line":20,"column":2},"end":{"line":20,"column":9}},"loc":{"start":{"line":20,"column":19},"end":{"line":49,"column":null}},"line":20}},"branchMap":{"0":{"loc":{"start":{"line":11,"column":2},"end":{"line":12,"column":null}},"type":"if","locations":[{"start":{"line":11,"column":2},"end":{"line":12,"column":null}},{"start":{},"end":{}}],"line":11},"1":{"loc":{"start":{"line":23,"column":4},"end":{"line":43,"column":null}},"type":"if","locations":[{"start":{"line":23,"column":4},"end":{"line":43,"column":null}},{"start":{},"end":{}}],"line":23},"2":{"loc":{"start":{"line":23,"column":8},"end":{"line":23,"column":67}},"type":"binary-expr","locations":[{"start":{"line":23,"column":8},"end":{"line":23,"column":42}},{"start":{"line":23,"column":42},"end":{"line":23,"column":67}}],"line":23}},"s":{"0":1,"1":1,"2":0,"3":0,"4":0,"5":0,"6":1,"7":0,"8":0,"9":0,"10":0,"11":0,"12":0,"13":0,"14":0,"15":0,"16":0,"17":0,"18":0,"19":0,"20":0,"21":0},"f":{"0":0,"1":0,"2":0},"b":{"0":[0,0],"1":[0,0],"2":[0,0]},"meta":{"lastBranch":3,"lastFunction":3,"lastStatement":22,"seen":{"s:3:16:6:2":0,"s:9:0:15:Infinity":1,"f:9:29:9:34":0,"s:10:16:10:56":2,"b:11:2:12:Infinity:undefined:undefined:undefined:undefined":0,"s:11:2:12:Infinity":3,"s:12:4:12:Infinity":4,"s:14:2:14:Infinity":5,"s:18:0:49:Infinity":6,"f:18:30:18:Infinity":1,"s:19:16:19:Infinity":7,"f:20:2:20:9":2,"s:21:28:21:Infinity":8,"b:23:4:43:Infinity:undefined:undefined:undefined:undefined":1,"s:23:4:43:Infinity":9,"b:23:8:23:42:23:42:23:67":2,"s:24:6:24:Infinity":10,"s:26:6:43:Infinity":11,"s:27:29:27:71":12,"s:29:25:31:10":13,"s:33:32:33:Infinity":14,"s:35:8:35:Infinity":15,"s:37:8:37:Infinity":16,"s:38:8:38:Infinity":17,"s:41:8:41:Infinity":18,"s:42:8:42:Infinity":19,"s:43:8:43:Infinity":20,"s:47:4:47:Infinity":21}}}
,"C:\\Users\\range\\OneDrive\\Escritorio\\fight club front\\LAMENTACIONES_FRONTEND\\fight-club\\src\\modules\\authentication\\services\\profileService.ts": {"path":"C:\\Users\\range\\OneDrive\\Escritorio\\fight club front\\LAMENTACIONES_FRONTEND\\fight-club\\src\\modules\\authentication\\services\\profileService.ts","statementMap":{"0":{"start":{"line":4,"column":32},"end":{"line":22,"column":null}},"1":{"start":{"line":6,"column":36},"end":{"line":9,"column":10}},"2":{"start":{"line":11,"column":8},"end":{"line":14,"column":null}},"3":{"start":{"line":18,"column":8},"end":{"line":18,"column":null}},"4":{"start":{"line":19,"column":25},"end":{"line":19,"column":82}},"5":{"start":{"line":20,"column":8},"end":{"line":20,"column":null}}},"fnMap":{"0":{"name":"(anonymous_0)","decl":{"start":{"line":5,"column":22},"end":{"line":5,"column":29}},"loc":{"start":{"line":5,"column":48},"end":{"line":14,"column":null}},"line":5},"1":{"name":"(anonymous_1)","decl":{"start":{"line":17,"column":19},"end":{"line":17,"column":26}},"loc":{"start":{"line":17,"column":76},"end":{"line":20,"column":null}},"line":17}},"branchMap":{"0":{"loc":{"start":{"line":12,"column":21},"end":{"line":12,"column":null}},"type":"cond-expr","locations":[{"start":{"line":12,"column":54},"end":{"line":12,"column":75}},{"start":{"line":12,"column":75},"end":{"line":12,"column":null}}],"line":12},"1":{"loc":{"start":{"line":13,"column":19},"end":{"line":13,"column":null}},"type":"cond-expr","locations":[{"start":{"line":13,"column":53},"end":{"line":13,"column":75}},{"start":{"line":13,"column":75},"end":{"line":13,"column":null}}],"line":13}},"s":{"0":1,"1":0,"2":0,"3":0,"4":0,"5":0},"f":{"0":0,"1":0},"b":{"0":[0,0],"1":[0,0]},"meta":{"lastBranch":2,"lastFunction":2,"lastStatement":6,"seen":{"s:4:32:22:Infinity":0,"f:5:22:5:29":0,"s:6:36:9:10":1,"s:11:8:14:Infinity":2,"b:12:54:12:75:12:75:12:Infinity":0,"b:13:53:13:75:13:75:13:Infinity":1,"f:17:19:17:26":1,"s:18:8:18:Infinity":3,"s:19:25:19:82":4,"s:20:8:20:Infinity":5}}}
}
